{
  "uid" : "1992a8763c03f7a",
  "name" : "有效用户登录成功",
  "fullName" : "tests.test_user_authentication.TestUserAuthentication#test_valid_user_login",
  "historyId" : "046d5fc4db15d4f3441a52fe936e97c6",
  "time" : {
    "start" : 1757756040630,
    "stop" : 1757756054070,
    "duration" : 13440
  },
  "description" : "测试有效用户能够成功登录",
  "descriptionHtml" : "<p>测试有效用户能够成功登录</p>\n",
  "status" : "failed",
  "statusMessage" : "AssertionError: 登录应该成功并跳转，但仍在登录页面: https://automationexercise.com/login\nassert False",
  "statusTrace" : "tests\\test_user_authentication.py:147: in test_valid_user_login\n    self.assert_with_screenshot(\ntests\\base_test.py:297: in assert_with_screenshot\n    assert condition, message\nE   AssertionError: 登录应该成功并跳转，但仍在登录页面: https://automationexercise.com/login\nE   assert False",
  "flaky" : false,
  "newFailed" : false,
  "beforeStages" : [ {
    "name" : "setup",
    "time" : {
      "start" : 1757756040557,
      "stop" : 1757756040630,
      "duration" : 73
    },
    "status" : "passed",
    "steps" : [ ],
    "attachments" : [ ],
    "parameters" : [ ],
    "hasContent" : false,
    "stepsCount" : 0,
    "attachmentsCount" : 0,
    "shouldDisplayMessage" : false
  }, {
    "name" : "config",
    "time" : {
      "start" : 1757755674723,
      "stop" : 1757755674739,
      "duration" : 16
    },
    "status" : "passed",
    "steps" : [ ],
    "attachments" : [ ],
    "parameters" : [ ],
    "hasContent" : false,
    "stepsCount" : 0,
    "attachmentsCount" : 0,
    "shouldDisplayMessage" : false
  }, {
    "name" : "test_data",
    "time" : {
      "start" : 1757756040302,
      "stop" : 1757756040557,
      "duration" : 255
    },
    "status" : "passed",
    "steps" : [ ],
    "attachments" : [ ],
    "parameters" : [ ],
    "hasContent" : false,
    "stepsCount" : 0,
    "attachmentsCount" : 0,
    "shouldDisplayMessage" : false
  }, {
    "name" : "_xunit_setup_method_fixture_TestUserAuthentication",
    "time" : {
      "start" : 1757756035409,
      "stop" : 1757756035409,
      "duration" : 0
    },
    "status" : "passed",
    "steps" : [ ],
    "attachments" : [ ],
    "parameters" : [ ],
    "hasContent" : false,
    "stepsCount" : 0,
    "attachmentsCount" : 0,
    "shouldDisplayMessage" : false
  }, {
    "name" : "_session_faker",
    "time" : {
      "start" : 1757755674615,
      "stop" : 1757755674723,
      "duration" : 108
    },
    "status" : "passed",
    "steps" : [ ],
    "attachments" : [ ],
    "parameters" : [ ],
    "hasContent" : false,
    "stepsCount" : 0,
    "attachmentsCount" : 0,
    "shouldDisplayMessage" : false
  }, {
    "name" : "logger",
    "time" : {
      "start" : 1757755674739,
      "stop" : 1757755674739,
      "duration" : 0
    },
    "status" : "passed",
    "steps" : [ ],
    "attachments" : [ ],
    "parameters" : [ ],
    "hasContent" : false,
    "stepsCount" : 0,
    "attachmentsCount" : 0,
    "shouldDisplayMessage" : false
  }, {
    "name" : "browser_setup",
    "time" : {
      "start" : 1757756035409,
      "stop" : 1757756040302,
      "duration" : 4893
    },
    "status" : "passed",
    "steps" : [ ],
    "attachments" : [ ],
    "parameters" : [ ],
    "hasContent" : false,
    "stepsCount" : 0,
    "attachmentsCount" : 0,
    "shouldDisplayMessage" : false
  } ],
  "testStage" : {
    "description" : "测试有效用户能够成功登录",
    "status" : "failed",
    "statusMessage" : "AssertionError: 登录应该成功并跳转，但仍在登录页面: https://automationexercise.com/login\nassert False",
    "statusTrace" : "tests\\test_user_authentication.py:147: in test_valid_user_login\n    self.assert_with_screenshot(\ntests\\base_test.py:297: in assert_with_screenshot\n    assert condition, message\nE   AssertionError: 登录应该成功并跳转，但仍在登录页面: https://automationexercise.com/login\nE   assert False",
    "steps" : [ {
      "name" : "导航到登录页面",
      "time" : {
        "start" : 1757756040630,
        "stop" : 1757756046141,
        "duration" : 5511
      },
      "status" : "passed",
      "steps" : [ {
        "name" : "导航到登录页面",
        "time" : {
          "start" : 1757756040630,
          "stop" : 1757756046141,
          "duration" : 5511
        },
        "status" : "passed",
        "steps" : [ {
          "name" : "验证登录页面页面加载",
          "time" : {
            "start" : 1757756046069,
            "stop" : 1757756046141,
            "duration" : 72
          },
          "status" : "passed",
          "steps" : [ ],
          "attachments" : [ ],
          "parameters" : [ ],
          "hasContent" : false,
          "stepsCount" : 0,
          "attachmentsCount" : 0,
          "shouldDisplayMessage" : false
        } ],
        "attachments" : [ ],
        "parameters" : [ ],
        "hasContent" : true,
        "stepsCount" : 1,
        "attachmentsCount" : 0,
        "shouldDisplayMessage" : false
      } ],
      "attachments" : [ ],
      "parameters" : [ ],
      "hasContent" : true,
      "stepsCount" : 2,
      "attachmentsCount" : 0,
      "shouldDisplayMessage" : false
    }, {
      "name" : "验证登录表单可见",
      "time" : {
        "start" : 1757756046141,
        "stop" : 1757756046162,
        "duration" : 21
      },
      "status" : "passed",
      "steps" : [ ],
      "attachments" : [ ],
      "parameters" : [ ],
      "hasContent" : false,
      "stepsCount" : 0,
      "attachmentsCount" : 0,
      "shouldDisplayMessage" : false
    }, {
      "name" : "输入登录凭据",
      "time" : {
        "start" : 1757756046162,
        "stop" : 1757756050910,
        "duration" : 4748
      },
      "status" : "passed",
      "steps" : [ ],
      "attachments" : [ ],
      "parameters" : [ ],
      "hasContent" : false,
      "stepsCount" : 0,
      "attachmentsCount" : 0,
      "shouldDisplayMessage" : false
    }, {
      "name" : "验证登录成功",
      "time" : {
        "start" : 1757756050910,
        "stop" : 1757756054070,
        "duration" : 3160
      },
      "status" : "failed",
      "statusMessage" : "AssertionError: 登录应该成功并跳转，但仍在登录页面: https://automationexercise.com/login\nassert False\n",
      "statusTrace" : "  File \"D:\\LAB\\Selenium-Pytest-POM\\tests\\test_user_authentication.py\", line 147, in test_valid_user_login\n    self.assert_with_screenshot(\n  File \"D:\\LAB\\Selenium-Pytest-POM\\tests\\base_test.py\", line 297, in assert_with_screenshot\n    assert condition, message\n",
      "steps" : [ ],
      "attachments" : [ {
        "uid" : "2ac9975923f4e7db",
        "name" : "Screenshot_assertion_failed",
        "source" : "2ac9975923f4e7db.png",
        "type" : "image/png",
        "size" : 47060
      }, {
        "uid" : "9e71fc8a77539356",
        "name" : "Page Source",
        "source" : "9e71fc8a77539356.html",
        "type" : "text/html",
        "size" : 24662
      } ],
      "parameters" : [ ],
      "hasContent" : true,
      "stepsCount" : 0,
      "attachmentsCount" : 2,
      "shouldDisplayMessage" : true
    } ],
    "attachments" : [ {
      "uid" : "5bc187c9cc98330c",
      "name" : "截图_test_valid_user_login",
      "source" : "5bc187c9cc98330c.png",
      "type" : "image/png",
      "size" : 47060
    }, {
      "uid" : "bdce89c5c6b17a75",
      "name" : "stdout",
      "source" : "bdce89c5c6b17a75.txt",
      "type" : "text/plain",
      "size" : 5468
    } ],
    "parameters" : [ ],
    "hasContent" : true,
    "stepsCount" : 6,
    "attachmentsCount" : 4,
    "shouldDisplayMessage" : true
  },
  "afterStages" : [ {
    "name" : "_xunit_setup_method_fixture_TestUserAuthentication::0",
    "time" : {
      "start" : 1757756056585,
      "stop" : 1757756056588,
      "duration" : 3
    },
    "status" : "passed",
    "steps" : [ ],
    "attachments" : [ ],
    "parameters" : [ ],
    "hasContent" : false,
    "stepsCount" : 0,
    "attachmentsCount" : 0,
    "shouldDisplayMessage" : false
  }, {
    "name" : "browser_setup::0",
    "time" : {
      "start" : 1757756054200,
      "stop" : 1757756056585,
      "duration" : 2385
    },
    "status" : "passed",
    "steps" : [ ],
    "attachments" : [ ],
    "parameters" : [ ],
    "hasContent" : false,
    "stepsCount" : 0,
    "attachmentsCount" : 0,
    "shouldDisplayMessage" : false
  } ],
  "labels" : [ {
    "name" : "story",
    "value" : "用户登录"
  }, {
    "name" : "feature",
    "value" : "用户认证功能"
  }, {
    "name" : "epic",
    "value" : "AutomationExercise网站测试"
  }, {
    "name" : "severity",
    "value" : "critical"
  }, {
    "name" : "tag",
    "value" : "login"
  }, {
    "name" : "tag",
    "value" : "smoke"
  }, {
    "name" : "tag",
    "value" : "allure"
  }, {
    "name" : "parentSuite",
    "value" : "tests"
  }, {
    "name" : "suite",
    "value" : "test_user_authentication"
  }, {
    "name" : "subSuite",
    "value" : "TestUserAuthentication"
  }, {
    "name" : "host",
    "value" : "DESKTOP-D5VPIFL"
  }, {
    "name" : "thread",
    "value" : "18852-MainThread"
  }, {
    "name" : "framework",
    "value" : "pytest"
  }, {
    "name" : "language",
    "value" : "cpython3"
  }, {
    "name" : "package",
    "value" : "tests.test_user_authentication"
  }, {
    "name" : "resultFormat",
    "value" : "allure2"
  } ],
  "parameters" : [ ],
  "links" : [ ],
  "hidden" : true,
  "retry" : true,
  "extra" : {
    "categories" : [ ],
    "tags" : [ "smoke", "login", "allure" ]
  },
  "source" : "1992a8763c03f7a.json",
  "parameterValues" : [ ]
}