{
  "uid" : "3e36f08bd504fcd6",
  "name" : "有效用户登录成功",
  "fullName" : "tests.test_user_authentication.TestUserAuthentication#test_valid_user_login",
  "historyId" : "046d5fc4db15d4f3441a52fe936e97c6",
  "time" : {
    "start" : 1757753472489,
    "stop" : 1757753485999,
    "duration" : 13510
  },
  "description" : "测试有效用户能够成功登录",
  "descriptionHtml" : "<p>测试有效用户能够成功登录</p>\n",
  "status" : "failed",
  "statusMessage" : "AssertionError: 登录应该成功并跳转，但仍在登录页面: https://automationexercise.com/login\nassert False",
  "statusTrace" : "tests\\test_user_authentication.py:147: in test_valid_user_login\n    self.assert_with_screenshot(\ntests\\base_test.py:297: in assert_with_screenshot\n    assert condition, message\nE   AssertionError: 登录应该成功并跳转，但仍在登录页面: https://automationexercise.com/login\nE   assert False",
  "flaky" : false,
  "newFailed" : false,
  "beforeStages" : [ {
    "name" : "_session_faker",
    "time" : {
      "start" : 1757753083796,
      "stop" : 1757753083919,
      "duration" : 123
    },
    "status" : "passed",
    "steps" : [ ],
    "attachments" : [ ],
    "parameters" : [ ],
    "hasContent" : false,
    "stepsCount" : 0,
    "attachmentsCount" : 0,
    "shouldDisplayMessage" : false
  }, {
    "name" : "browser_setup",
    "time" : {
      "start" : 1757753466131,
      "stop" : 1757753472263,
      "duration" : 6132
    },
    "status" : "passed",
    "steps" : [ ],
    "attachments" : [ ],
    "parameters" : [ ],
    "hasContent" : false,
    "stepsCount" : 0,
    "attachmentsCount" : 0,
    "shouldDisplayMessage" : false
  }, {
    "name" : "_xunit_setup_method_fixture_TestUserAuthentication",
    "time" : {
      "start" : 1757753466129,
      "stop" : 1757753466130,
      "duration" : 1
    },
    "status" : "passed",
    "steps" : [ ],
    "attachments" : [ ],
    "parameters" : [ ],
    "hasContent" : false,
    "stepsCount" : 0,
    "attachmentsCount" : 0,
    "shouldDisplayMessage" : false
  }, {
    "name" : "config",
    "time" : {
      "start" : 1757753083920,
      "stop" : 1757753083928,
      "duration" : 8
    },
    "status" : "passed",
    "steps" : [ ],
    "attachments" : [ ],
    "parameters" : [ ],
    "hasContent" : false,
    "stepsCount" : 0,
    "attachmentsCount" : 0,
    "shouldDisplayMessage" : false
  }, {
    "name" : "test_data",
    "time" : {
      "start" : 1757753472263,
      "stop" : 1757753472434,
      "duration" : 171
    },
    "status" : "passed",
    "steps" : [ ],
    "attachments" : [ ],
    "parameters" : [ ],
    "hasContent" : false,
    "stepsCount" : 0,
    "attachmentsCount" : 0,
    "shouldDisplayMessage" : false
  }, {
    "name" : "setup",
    "time" : {
      "start" : 1757753472434,
      "stop" : 1757753472488,
      "duration" : 54
    },
    "status" : "passed",
    "steps" : [ ],
    "attachments" : [ ],
    "parameters" : [ ],
    "hasContent" : false,
    "stepsCount" : 0,
    "attachmentsCount" : 0,
    "shouldDisplayMessage" : false
  }, {
    "name" : "logger",
    "time" : {
      "start" : 1757753083928,
      "stop" : 1757753083941,
      "duration" : 13
    },
    "status" : "passed",
    "steps" : [ ],
    "attachments" : [ ],
    "parameters" : [ ],
    "hasContent" : false,
    "stepsCount" : 0,
    "attachmentsCount" : 0,
    "shouldDisplayMessage" : false
  } ],
  "testStage" : {
    "description" : "测试有效用户能够成功登录",
    "status" : "failed",
    "statusMessage" : "AssertionError: 登录应该成功并跳转，但仍在登录页面: https://automationexercise.com/login\nassert False",
    "statusTrace" : "tests\\test_user_authentication.py:147: in test_valid_user_login\n    self.assert_with_screenshot(\ntests\\base_test.py:297: in assert_with_screenshot\n    assert condition, message\nE   AssertionError: 登录应该成功并跳转，但仍在登录页面: https://automationexercise.com/login\nE   assert False",
    "steps" : [ {
      "name" : "导航到登录页面",
      "time" : {
        "start" : 1757753472490,
        "stop" : 1757753477606,
        "duration" : 5116
      },
      "status" : "passed",
      "steps" : [ {
        "name" : "导航到登录页面",
        "time" : {
          "start" : 1757753472491,
          "stop" : 1757753477606,
          "duration" : 5115
        },
        "status" : "passed",
        "steps" : [ {
          "name" : "验证登录页面页面加载",
          "time" : {
            "start" : 1757753477533,
            "stop" : 1757753477606,
            "duration" : 73
          },
          "status" : "passed",
          "steps" : [ ],
          "attachments" : [ ],
          "parameters" : [ ],
          "hasContent" : false,
          "stepsCount" : 0,
          "attachmentsCount" : 0,
          "shouldDisplayMessage" : false
        } ],
        "attachments" : [ ],
        "parameters" : [ ],
        "hasContent" : true,
        "stepsCount" : 1,
        "attachmentsCount" : 0,
        "shouldDisplayMessage" : false
      } ],
      "attachments" : [ ],
      "parameters" : [ ],
      "hasContent" : true,
      "stepsCount" : 2,
      "attachmentsCount" : 0,
      "shouldDisplayMessage" : false
    }, {
      "name" : "验证登录表单可见",
      "time" : {
        "start" : 1757753477606,
        "stop" : 1757753477627,
        "duration" : 21
      },
      "status" : "passed",
      "steps" : [ ],
      "attachments" : [ ],
      "parameters" : [ ],
      "hasContent" : false,
      "stepsCount" : 0,
      "attachmentsCount" : 0,
      "shouldDisplayMessage" : false
    }, {
      "name" : "输入登录凭据",
      "time" : {
        "start" : 1757753477627,
        "stop" : 1757753482855,
        "duration" : 5228
      },
      "status" : "passed",
      "steps" : [ ],
      "attachments" : [ ],
      "parameters" : [ ],
      "hasContent" : false,
      "stepsCount" : 0,
      "attachmentsCount" : 0,
      "shouldDisplayMessage" : false
    }, {
      "name" : "验证登录成功",
      "time" : {
        "start" : 1757753482855,
        "stop" : 1757753485998,
        "duration" : 3143
      },
      "status" : "failed",
      "statusMessage" : "AssertionError: 登录应该成功并跳转，但仍在登录页面: https://automationexercise.com/login\nassert False\n",
      "statusTrace" : "  File \"D:\\LAB\\Selenium-Pytest-POM\\tests\\test_user_authentication.py\", line 147, in test_valid_user_login\n    self.assert_with_screenshot(\n  File \"D:\\LAB\\Selenium-Pytest-POM\\tests\\base_test.py\", line 297, in assert_with_screenshot\n    assert condition, message\n",
      "steps" : [ ],
      "attachments" : [ {
        "uid" : "a2ee9f20940d4aec",
        "name" : "Screenshot_assertion_failed",
        "source" : "a2ee9f20940d4aec.png",
        "type" : "image/png",
        "size" : 47060
      }, {
        "uid" : "d4e7687440ac9c30",
        "name" : "Page Source",
        "source" : "d4e7687440ac9c30.html",
        "type" : "text/html",
        "size" : 24682
      } ],
      "parameters" : [ ],
      "hasContent" : true,
      "stepsCount" : 0,
      "attachmentsCount" : 2,
      "shouldDisplayMessage" : true
    } ],
    "attachments" : [ {
      "uid" : "f5b986da3185deca",
      "name" : "截图_test_valid_user_login",
      "source" : "f5b986da3185deca.png",
      "type" : "image/png",
      "size" : 47060
    }, {
      "uid" : "70615d4284f00e27",
      "name" : "stdout",
      "source" : "70615d4284f00e27.txt",
      "type" : "text/plain",
      "size" : 5468
    } ],
    "parameters" : [ ],
    "hasContent" : true,
    "stepsCount" : 6,
    "attachmentsCount" : 4,
    "shouldDisplayMessage" : true
  },
  "afterStages" : [ {
    "name" : "browser_setup::0",
    "time" : {
      "start" : 1757753486139,
      "stop" : 1757753488754,
      "duration" : 2615
    },
    "status" : "passed",
    "steps" : [ ],
    "attachments" : [ ],
    "parameters" : [ ],
    "hasContent" : false,
    "stepsCount" : 0,
    "attachmentsCount" : 0,
    "shouldDisplayMessage" : false
  }, {
    "name" : "_xunit_setup_method_fixture_TestUserAuthentication::0",
    "time" : {
      "start" : 1757753488755,
      "stop" : 1757753488756,
      "duration" : 1
    },
    "status" : "passed",
    "steps" : [ ],
    "attachments" : [ ],
    "parameters" : [ ],
    "hasContent" : false,
    "stepsCount" : 0,
    "attachmentsCount" : 0,
    "shouldDisplayMessage" : false
  } ],
  "labels" : [ {
    "name" : "epic",
    "value" : "AutomationExercise网站测试"
  }, {
    "name" : "story",
    "value" : "用户登录"
  }, {
    "name" : "severity",
    "value" : "critical"
  }, {
    "name" : "feature",
    "value" : "用户认证功能"
  }, {
    "name" : "tag",
    "value" : "login"
  }, {
    "name" : "tag",
    "value" : "smoke"
  }, {
    "name" : "tag",
    "value" : "allure"
  }, {
    "name" : "parentSuite",
    "value" : "tests"
  }, {
    "name" : "suite",
    "value" : "test_user_authentication"
  }, {
    "name" : "subSuite",
    "value" : "TestUserAuthentication"
  }, {
    "name" : "host",
    "value" : "DESKTOP-D5VPIFL"
  }, {
    "name" : "thread",
    "value" : "20344-MainThread"
  }, {
    "name" : "framework",
    "value" : "pytest"
  }, {
    "name" : "language",
    "value" : "cpython3"
  }, {
    "name" : "package",
    "value" : "tests.test_user_authentication"
  }, {
    "name" : "resultFormat",
    "value" : "allure2"
  } ],
  "parameters" : [ ],
  "links" : [ ],
  "hidden" : true,
  "retry" : true,
  "extra" : {
    "categories" : [ ],
    "tags" : [ "smoke", "login", "allure" ]
  },
  "source" : "3e36f08bd504fcd6.json",
  "parameterValues" : [ ]
}