{
  "uid" : "50cfb121c90ed576",
  "name" : "有效用户登录成功",
  "fullName" : "tests.test_user_authentication.TestUserAuthentication#test_valid_user_login",
  "historyId" : "046d5fc4db15d4f3441a52fe936e97c6",
  "time" : {
    "start" : 1757750329129,
    "stop" : 1757750343115,
    "duration" : 13986
  },
  "description" : "测试有效用户能够成功登录",
  "descriptionHtml" : "<p>测试有效用户能够成功登录</p>\n",
  "status" : "failed",
  "statusMessage" : "AssertionError: 登录应该成功并跳转，但仍在登录页面: https://automationexercise.com/login\nassert False",
  "statusTrace" : "tests\\test_user_authentication.py:147: in test_valid_user_login\n    self.assert_with_screenshot(\ntests\\base_test.py:297: in assert_with_screenshot\n    assert condition, message\nE   AssertionError: 登录应该成功并跳转，但仍在登录页面: https://automationexercise.com/login\nE   assert False",
  "flaky" : false,
  "newFailed" : false,
  "beforeStages" : [ {
    "name" : "setup",
    "time" : {
      "start" : 1757750329066,
      "stop" : 1757750329128,
      "duration" : 62
    },
    "status" : "passed",
    "steps" : [ ],
    "attachments" : [ ],
    "parameters" : [ ],
    "hasContent" : false,
    "stepsCount" : 0,
    "attachmentsCount" : 0,
    "shouldDisplayMessage" : false
  }, {
    "name" : "browser_setup",
    "time" : {
      "start" : 1757750322843,
      "stop" : 1757750328894,
      "duration" : 6051
    },
    "status" : "passed",
    "steps" : [ ],
    "attachments" : [ ],
    "parameters" : [ ],
    "hasContent" : false,
    "stepsCount" : 0,
    "attachmentsCount" : 0,
    "shouldDisplayMessage" : false
  }, {
    "name" : "test_data",
    "time" : {
      "start" : 1757750328894,
      "stop" : 1757750329066,
      "duration" : 172
    },
    "status" : "passed",
    "steps" : [ ],
    "attachments" : [ ],
    "parameters" : [ ],
    "hasContent" : false,
    "stepsCount" : 0,
    "attachmentsCount" : 0,
    "shouldDisplayMessage" : false
  }, {
    "name" : "_session_faker",
    "time" : {
      "start" : 1757749784763,
      "stop" : 1757749784879,
      "duration" : 116
    },
    "status" : "passed",
    "steps" : [ ],
    "attachments" : [ ],
    "parameters" : [ ],
    "hasContent" : false,
    "stepsCount" : 0,
    "attachmentsCount" : 0,
    "shouldDisplayMessage" : false
  }, {
    "name" : "logger",
    "time" : {
      "start" : 1757749784883,
      "stop" : 1757749784899,
      "duration" : 16
    },
    "status" : "passed",
    "steps" : [ ],
    "attachments" : [ ],
    "parameters" : [ ],
    "hasContent" : false,
    "stepsCount" : 0,
    "attachmentsCount" : 0,
    "shouldDisplayMessage" : false
  }, {
    "name" : "_xunit_setup_method_fixture_TestUserAuthentication",
    "time" : {
      "start" : 1757750322837,
      "stop" : 1757750322843,
      "duration" : 6
    },
    "status" : "passed",
    "steps" : [ ],
    "attachments" : [ ],
    "parameters" : [ ],
    "hasContent" : false,
    "stepsCount" : 0,
    "attachmentsCount" : 0,
    "shouldDisplayMessage" : false
  }, {
    "name" : "config",
    "time" : {
      "start" : 1757749784879,
      "stop" : 1757749784883,
      "duration" : 4
    },
    "status" : "passed",
    "steps" : [ ],
    "attachments" : [ ],
    "parameters" : [ ],
    "hasContent" : false,
    "stepsCount" : 0,
    "attachmentsCount" : 0,
    "shouldDisplayMessage" : false
  } ],
  "testStage" : {
    "description" : "测试有效用户能够成功登录",
    "status" : "failed",
    "statusMessage" : "AssertionError: 登录应该成功并跳转，但仍在登录页面: https://automationexercise.com/login\nassert False",
    "statusTrace" : "tests\\test_user_authentication.py:147: in test_valid_user_login\n    self.assert_with_screenshot(\ntests\\base_test.py:297: in assert_with_screenshot\n    assert condition, message\nE   AssertionError: 登录应该成功并跳转，但仍在登录页面: https://automationexercise.com/login\nE   assert False",
    "steps" : [ {
      "name" : "导航到登录页面",
      "time" : {
        "start" : 1757750329129,
        "stop" : 1757750334875,
        "duration" : 5746
      },
      "status" : "passed",
      "steps" : [ {
        "name" : "导航到登录页面",
        "time" : {
          "start" : 1757750329129,
          "stop" : 1757750334875,
          "duration" : 5746
        },
        "status" : "passed",
        "steps" : [ {
          "name" : "验证登录页面页面加载",
          "time" : {
            "start" : 1757750334810,
            "stop" : 1757750334875,
            "duration" : 65
          },
          "status" : "passed",
          "steps" : [ ],
          "attachments" : [ ],
          "parameters" : [ ],
          "hasContent" : false,
          "stepsCount" : 0,
          "attachmentsCount" : 0,
          "shouldDisplayMessage" : false
        } ],
        "attachments" : [ ],
        "parameters" : [ ],
        "hasContent" : true,
        "stepsCount" : 1,
        "attachmentsCount" : 0,
        "shouldDisplayMessage" : false
      } ],
      "attachments" : [ ],
      "parameters" : [ ],
      "hasContent" : true,
      "stepsCount" : 2,
      "attachmentsCount" : 0,
      "shouldDisplayMessage" : false
    }, {
      "name" : "验证登录表单可见",
      "time" : {
        "start" : 1757750334875,
        "stop" : 1757750334896,
        "duration" : 21
      },
      "status" : "passed",
      "steps" : [ ],
      "attachments" : [ ],
      "parameters" : [ ],
      "hasContent" : false,
      "stepsCount" : 0,
      "attachmentsCount" : 0,
      "shouldDisplayMessage" : false
    }, {
      "name" : "输入登录凭据",
      "time" : {
        "start" : 1757750334896,
        "stop" : 1757750339951,
        "duration" : 5055
      },
      "status" : "passed",
      "steps" : [ ],
      "attachments" : [ ],
      "parameters" : [ ],
      "hasContent" : false,
      "stepsCount" : 0,
      "attachmentsCount" : 0,
      "shouldDisplayMessage" : false
    }, {
      "name" : "验证登录成功",
      "time" : {
        "start" : 1757750339952,
        "stop" : 1757750343114,
        "duration" : 3162
      },
      "status" : "failed",
      "statusMessage" : "AssertionError: 登录应该成功并跳转，但仍在登录页面: https://automationexercise.com/login\nassert False\n",
      "statusTrace" : "  File \"D:\\LAB\\Selenium-Pytest-POM\\tests\\test_user_authentication.py\", line 147, in test_valid_user_login\n    self.assert_with_screenshot(\n  File \"D:\\LAB\\Selenium-Pytest-POM\\tests\\base_test.py\", line 297, in assert_with_screenshot\n    assert condition, message\n",
      "steps" : [ ],
      "attachments" : [ {
        "uid" : "4217ed456821210d",
        "name" : "Screenshot_assertion_failed",
        "source" : "4217ed456821210d.png",
        "type" : "image/png",
        "size" : 47060
      }, {
        "uid" : "1ec401b31dd45c8a",
        "name" : "Page Source",
        "source" : "1ec401b31dd45c8a.html",
        "type" : "text/html",
        "size" : 23071
      } ],
      "parameters" : [ ],
      "hasContent" : true,
      "stepsCount" : 0,
      "attachmentsCount" : 2,
      "shouldDisplayMessage" : true
    } ],
    "attachments" : [ {
      "uid" : "cfd1d37e9c7862f7",
      "name" : "截图_test_valid_user_login",
      "source" : "cfd1d37e9c7862f7.png",
      "type" : "image/png",
      "size" : 47060
    }, {
      "uid" : "e6c9aa3e4441afa7",
      "name" : "stdout",
      "source" : "e6c9aa3e4441afa7.txt",
      "type" : "text/plain",
      "size" : 8202
    } ],
    "parameters" : [ ],
    "hasContent" : true,
    "stepsCount" : 6,
    "attachmentsCount" : 4,
    "shouldDisplayMessage" : true
  },
  "afterStages" : [ {
    "name" : "browser_setup::0",
    "time" : {
      "start" : 1757750343238,
      "stop" : 1757750345503,
      "duration" : 2265
    },
    "status" : "passed",
    "steps" : [ ],
    "attachments" : [ ],
    "parameters" : [ ],
    "hasContent" : false,
    "stepsCount" : 0,
    "attachmentsCount" : 0,
    "shouldDisplayMessage" : false
  }, {
    "name" : "_xunit_setup_method_fixture_TestUserAuthentication::0",
    "time" : {
      "start" : 1757750345505,
      "stop" : 1757750345507,
      "duration" : 2
    },
    "status" : "passed",
    "steps" : [ ],
    "attachments" : [ ],
    "parameters" : [ ],
    "hasContent" : false,
    "stepsCount" : 0,
    "attachmentsCount" : 0,
    "shouldDisplayMessage" : false
  } ],
  "labels" : [ {
    "name" : "epic",
    "value" : "AutomationExercise网站测试"
  }, {
    "name" : "feature",
    "value" : "用户认证功能"
  }, {
    "name" : "severity",
    "value" : "critical"
  }, {
    "name" : "story",
    "value" : "用户登录"
  }, {
    "name" : "tag",
    "value" : "login"
  }, {
    "name" : "tag",
    "value" : "smoke"
  }, {
    "name" : "tag",
    "value" : "allure"
  }, {
    "name" : "parentSuite",
    "value" : "tests"
  }, {
    "name" : "suite",
    "value" : "test_user_authentication"
  }, {
    "name" : "subSuite",
    "value" : "TestUserAuthentication"
  }, {
    "name" : "host",
    "value" : "DESKTOP-D5VPIFL"
  }, {
    "name" : "thread",
    "value" : "20396-MainThread"
  }, {
    "name" : "framework",
    "value" : "pytest"
  }, {
    "name" : "language",
    "value" : "cpython3"
  }, {
    "name" : "package",
    "value" : "tests.test_user_authentication"
  }, {
    "name" : "resultFormat",
    "value" : "allure2"
  } ],
  "parameters" : [ ],
  "links" : [ ],
  "hidden" : true,
  "retry" : true,
  "extra" : {
    "categories" : [ ],
    "tags" : [ "smoke", "login", "allure" ]
  },
  "source" : "50cfb121c90ed576.json",
  "parameterValues" : [ ]
}