{
  "uid" : "c7df0375c097f9b2",
  "name" : "有效用户登录成功",
  "fullName" : "tests.test_user_authentication.TestUserAuthentication#test_valid_user_login",
  "historyId" : "046d5fc4db15d4f3441a52fe936e97c6",
  "time" : {
    "start" : 1757756667153,
    "stop" : 1757756678057,
    "duration" : 10904
  },
  "description" : "测试有效用户能够成功登录",
  "descriptionHtml" : "<p>测试有效用户能够成功登录</p>\n",
  "status" : "failed",
  "statusMessage" : "AssertionError: 登录应该成功并跳转，但仍在登录页面: https://automationexercise.com/login\nassert False",
  "statusTrace" : "tests\\test_user_authentication.py:147: in test_valid_user_login\n    self.assert_with_screenshot(\ntests\\base_test.py:297: in assert_with_screenshot\n    assert condition, message\nE   AssertionError: 登录应该成功并跳转，但仍在登录页面: https://automationexercise.com/login\nE   assert False",
  "flaky" : false,
  "newFailed" : false,
  "beforeStages" : [ {
    "name" : "_xunit_setup_method_fixture_TestUserAuthentication",
    "time" : {
      "start" : 1757756662411,
      "stop" : 1757756662411,
      "duration" : 0
    },
    "status" : "passed",
    "steps" : [ ],
    "attachments" : [ ],
    "parameters" : [ ],
    "hasContent" : false,
    "stepsCount" : 0,
    "attachmentsCount" : 0,
    "shouldDisplayMessage" : false
  }, {
    "name" : "setup",
    "time" : {
      "start" : 1757756667097,
      "stop" : 1757756667152,
      "duration" : 55
    },
    "status" : "passed",
    "steps" : [ ],
    "attachments" : [ ],
    "parameters" : [ ],
    "hasContent" : false,
    "stepsCount" : 0,
    "attachmentsCount" : 0,
    "shouldDisplayMessage" : false
  }, {
    "name" : "_session_faker",
    "time" : {
      "start" : 1757756567643,
      "stop" : 1757756567755,
      "duration" : 112
    },
    "status" : "passed",
    "steps" : [ ],
    "attachments" : [ ],
    "parameters" : [ ],
    "hasContent" : false,
    "stepsCount" : 0,
    "attachmentsCount" : 0,
    "shouldDisplayMessage" : false
  }, {
    "name" : "config",
    "time" : {
      "start" : 1757756567755,
      "stop" : 1757756567771,
      "duration" : 16
    },
    "status" : "passed",
    "steps" : [ ],
    "attachments" : [ ],
    "parameters" : [ ],
    "hasContent" : false,
    "stepsCount" : 0,
    "attachmentsCount" : 0,
    "shouldDisplayMessage" : false
  }, {
    "name" : "test_data",
    "time" : {
      "start" : 1757756666919,
      "stop" : 1757756667097,
      "duration" : 178
    },
    "status" : "passed",
    "steps" : [ ],
    "attachments" : [ ],
    "parameters" : [ ],
    "hasContent" : false,
    "stepsCount" : 0,
    "attachmentsCount" : 0,
    "shouldDisplayMessage" : false
  }, {
    "name" : "browser_setup",
    "time" : {
      "start" : 1757756662411,
      "stop" : 1757756666919,
      "duration" : 4508
    },
    "status" : "passed",
    "steps" : [ ],
    "attachments" : [ ],
    "parameters" : [ ],
    "hasContent" : false,
    "stepsCount" : 0,
    "attachmentsCount" : 0,
    "shouldDisplayMessage" : false
  }, {
    "name" : "logger",
    "time" : {
      "start" : 1757756567771,
      "stop" : 1757756567778,
      "duration" : 7
    },
    "status" : "passed",
    "steps" : [ ],
    "attachments" : [ ],
    "parameters" : [ ],
    "hasContent" : false,
    "stepsCount" : 0,
    "attachmentsCount" : 0,
    "shouldDisplayMessage" : false
  } ],
  "testStage" : {
    "description" : "测试有效用户能够成功登录",
    "status" : "failed",
    "statusMessage" : "AssertionError: 登录应该成功并跳转，但仍在登录页面: https://automationexercise.com/login\nassert False",
    "statusTrace" : "tests\\test_user_authentication.py:147: in test_valid_user_login\n    self.assert_with_screenshot(\ntests\\base_test.py:297: in assert_with_screenshot\n    assert condition, message\nE   AssertionError: 登录应该成功并跳转，但仍在登录页面: https://automationexercise.com/login\nE   assert False",
    "steps" : [ {
      "name" : "导航到登录页面",
      "time" : {
        "start" : 1757756667155,
        "stop" : 1757756672746,
        "duration" : 5591
      },
      "status" : "passed",
      "steps" : [ {
        "name" : "导航到登录页面",
        "time" : {
          "start" : 1757756667155,
          "stop" : 1757756672746,
          "duration" : 5591
        },
        "status" : "passed",
        "steps" : [ {
          "name" : "验证登录页面页面加载",
          "time" : {
            "start" : 1757756672684,
            "stop" : 1757756672746,
            "duration" : 62
          },
          "status" : "passed",
          "steps" : [ ],
          "attachments" : [ ],
          "parameters" : [ ],
          "hasContent" : false,
          "stepsCount" : 0,
          "attachmentsCount" : 0,
          "shouldDisplayMessage" : false
        } ],
        "attachments" : [ ],
        "parameters" : [ ],
        "hasContent" : true,
        "stepsCount" : 1,
        "attachmentsCount" : 0,
        "shouldDisplayMessage" : false
      } ],
      "attachments" : [ ],
      "parameters" : [ ],
      "hasContent" : true,
      "stepsCount" : 2,
      "attachmentsCount" : 0,
      "shouldDisplayMessage" : false
    }, {
      "name" : "验证登录表单可见",
      "time" : {
        "start" : 1757756672746,
        "stop" : 1757756672766,
        "duration" : 20
      },
      "status" : "passed",
      "steps" : [ ],
      "attachments" : [ ],
      "parameters" : [ ],
      "hasContent" : false,
      "stepsCount" : 0,
      "attachmentsCount" : 0,
      "shouldDisplayMessage" : false
    }, {
      "name" : "输入登录凭据",
      "time" : {
        "start" : 1757756672766,
        "stop" : 1757756674389,
        "duration" : 1623
      },
      "status" : "passed",
      "steps" : [ ],
      "attachments" : [ ],
      "parameters" : [ ],
      "hasContent" : false,
      "stepsCount" : 0,
      "attachmentsCount" : 0,
      "shouldDisplayMessage" : false
    }, {
      "name" : "验证登录成功",
      "time" : {
        "start" : 1757756674389,
        "stop" : 1757756678057,
        "duration" : 3668
      },
      "status" : "failed",
      "statusMessage" : "AssertionError: 登录应该成功并跳转，但仍在登录页面: https://automationexercise.com/login\nassert False\n",
      "statusTrace" : "  File \"D:\\LAB\\Selenium-Pytest-POM\\tests\\test_user_authentication.py\", line 147, in test_valid_user_login\n    self.assert_with_screenshot(\n  File \"D:\\LAB\\Selenium-Pytest-POM\\tests\\base_test.py\", line 297, in assert_with_screenshot\n    assert condition, message\n",
      "steps" : [ ],
      "attachments" : [ {
        "uid" : "8e066f13740223e5",
        "name" : "Screenshot_assertion_failed",
        "source" : "8e066f13740223e5.png",
        "type" : "image/png",
        "size" : 47060
      }, {
        "uid" : "fa308c78292f6559",
        "name" : "Page Source",
        "source" : "fa308c78292f6559.html",
        "type" : "text/html",
        "size" : 23220
      } ],
      "parameters" : [ ],
      "hasContent" : true,
      "stepsCount" : 0,
      "attachmentsCount" : 2,
      "shouldDisplayMessage" : true
    } ],
    "attachments" : [ {
      "uid" : "699bf089f5498d33",
      "name" : "截图_test_valid_user_login",
      "source" : "699bf089f5498d33.png",
      "type" : "image/png",
      "size" : 47060
    }, {
      "uid" : "29d2910ed8f71f15",
      "name" : "stdout",
      "source" : "29d2910ed8f71f15.txt",
      "type" : "text/plain",
      "size" : 5468
    } ],
    "parameters" : [ ],
    "hasContent" : true,
    "stepsCount" : 6,
    "attachmentsCount" : 4,
    "shouldDisplayMessage" : true
  },
  "afterStages" : [ {
    "name" : "_xunit_setup_method_fixture_TestUserAuthentication::0",
    "time" : {
      "start" : 1757756720758,
      "stop" : 1757756720758,
      "duration" : 0
    },
    "status" : "passed",
    "steps" : [ ],
    "attachments" : [ ],
    "parameters" : [ ],
    "hasContent" : false,
    "stepsCount" : 0,
    "attachmentsCount" : 0,
    "shouldDisplayMessage" : false
  }, {
    "name" : "browser_setup::0",
    "time" : {
      "start" : 1757756678203,
      "stop" : 1757756720758,
      "duration" : 42555
    },
    "status" : "passed",
    "steps" : [ ],
    "attachments" : [ ],
    "parameters" : [ ],
    "hasContent" : false,
    "stepsCount" : 0,
    "attachmentsCount" : 0,
    "shouldDisplayMessage" : false
  } ],
  "labels" : [ {
    "name" : "severity",
    "value" : "critical"
  }, {
    "name" : "feature",
    "value" : "用户认证功能"
  }, {
    "name" : "story",
    "value" : "用户登录"
  }, {
    "name" : "epic",
    "value" : "AutomationExercise网站测试"
  }, {
    "name" : "tag",
    "value" : "login"
  }, {
    "name" : "tag",
    "value" : "smoke"
  }, {
    "name" : "tag",
    "value" : "allure"
  }, {
    "name" : "parentSuite",
    "value" : "tests"
  }, {
    "name" : "suite",
    "value" : "test_user_authentication"
  }, {
    "name" : "subSuite",
    "value" : "TestUserAuthentication"
  }, {
    "name" : "host",
    "value" : "DESKTOP-D5VPIFL"
  }, {
    "name" : "thread",
    "value" : "2436-MainThread"
  }, {
    "name" : "framework",
    "value" : "pytest"
  }, {
    "name" : "language",
    "value" : "cpython3"
  }, {
    "name" : "package",
    "value" : "tests.test_user_authentication"
  }, {
    "name" : "resultFormat",
    "value" : "allure2"
  } ],
  "parameters" : [ ],
  "links" : [ ],
  "hidden" : true,
  "retry" : true,
  "extra" : {
    "categories" : [ ],
    "tags" : [ "smoke", "login", "allure" ]
  },
  "source" : "c7df0375c097f9b2.json",
  "parameterValues" : [ ]
}