{
  "uid" : "d8b5384189d21f05",
  "name" : "有效用户登录成功",
  "fullName" : "tests.test_user_authentication.TestUserAuthentication#test_valid_user_login",
  "historyId" : "046d5fc4db15d4f3441a52fe936e97c6",
  "time" : {
    "start" : 1757756727952,
    "stop" : 1757756741726,
    "duration" : 13774
  },
  "description" : "测试有效用户能够成功登录",
  "descriptionHtml" : "<p>测试有效用户能够成功登录</p>\n",
  "status" : "failed",
  "statusMessage" : "AssertionError: 登录应该成功并跳转，但仍在登录页面: https://automationexercise.com/login\nassert False",
  "statusTrace" : "tests\\test_user_authentication.py:147: in test_valid_user_login\n    self.assert_with_screenshot(\ntests\\base_test.py:297: in assert_with_screenshot\n    assert condition, message\nE   AssertionError: 登录应该成功并跳转，但仍在登录页面: https://automationexercise.com/login\nE   assert False",
  "flaky" : false,
  "newFailed" : false,
  "beforeStages" : [ {
    "name" : "_xunit_setup_method_fixture_TestUserAuthentication",
    "time" : {
      "start" : 1757756723777,
      "stop" : 1757756723777,
      "duration" : 0
    },
    "status" : "passed",
    "steps" : [ ],
    "attachments" : [ ],
    "parameters" : [ ],
    "hasContent" : false,
    "stepsCount" : 0,
    "attachmentsCount" : 0,
    "shouldDisplayMessage" : false
  }, {
    "name" : "browser_setup",
    "time" : {
      "start" : 1757756723777,
      "stop" : 1757756727716,
      "duration" : 3939
    },
    "status" : "passed",
    "steps" : [ ],
    "attachments" : [ ],
    "parameters" : [ ],
    "hasContent" : false,
    "stepsCount" : 0,
    "attachmentsCount" : 0,
    "shouldDisplayMessage" : false
  }, {
    "name" : "test_data",
    "time" : {
      "start" : 1757756727716,
      "stop" : 1757756727888,
      "duration" : 172
    },
    "status" : "passed",
    "steps" : [ ],
    "attachments" : [ ],
    "parameters" : [ ],
    "hasContent" : false,
    "stepsCount" : 0,
    "attachmentsCount" : 0,
    "shouldDisplayMessage" : false
  }, {
    "name" : "_session_faker",
    "time" : {
      "start" : 1757756567643,
      "stop" : 1757756567755,
      "duration" : 112
    },
    "status" : "passed",
    "steps" : [ ],
    "attachments" : [ ],
    "parameters" : [ ],
    "hasContent" : false,
    "stepsCount" : 0,
    "attachmentsCount" : 0,
    "shouldDisplayMessage" : false
  }, {
    "name" : "config",
    "time" : {
      "start" : 1757756567755,
      "stop" : 1757756567771,
      "duration" : 16
    },
    "status" : "passed",
    "steps" : [ ],
    "attachments" : [ ],
    "parameters" : [ ],
    "hasContent" : false,
    "stepsCount" : 0,
    "attachmentsCount" : 0,
    "shouldDisplayMessage" : false
  }, {
    "name" : "setup",
    "time" : {
      "start" : 1757756727888,
      "stop" : 1757756727952,
      "duration" : 64
    },
    "status" : "passed",
    "steps" : [ ],
    "attachments" : [ ],
    "parameters" : [ ],
    "hasContent" : false,
    "stepsCount" : 0,
    "attachmentsCount" : 0,
    "shouldDisplayMessage" : false
  }, {
    "name" : "logger",
    "time" : {
      "start" : 1757756567771,
      "stop" : 1757756567778,
      "duration" : 7
    },
    "status" : "passed",
    "steps" : [ ],
    "attachments" : [ ],
    "parameters" : [ ],
    "hasContent" : false,
    "stepsCount" : 0,
    "attachmentsCount" : 0,
    "shouldDisplayMessage" : false
  } ],
  "testStage" : {
    "description" : "测试有效用户能够成功登录",
    "status" : "failed",
    "statusMessage" : "AssertionError: 登录应该成功并跳转，但仍在登录页面: https://automationexercise.com/login\nassert False",
    "statusTrace" : "tests\\test_user_authentication.py:147: in test_valid_user_login\n    self.assert_with_screenshot(\ntests\\base_test.py:297: in assert_with_screenshot\n    assert condition, message\nE   AssertionError: 登录应该成功并跳转，但仍在登录页面: https://automationexercise.com/login\nE   assert False",
    "steps" : [ {
      "name" : "导航到登录页面",
      "time" : {
        "start" : 1757756727955,
        "stop" : 1757756733432,
        "duration" : 5477
      },
      "status" : "passed",
      "steps" : [ {
        "name" : "导航到登录页面",
        "time" : {
          "start" : 1757756727955,
          "stop" : 1757756733432,
          "duration" : 5477
        },
        "status" : "passed",
        "steps" : [ {
          "name" : "验证登录页面页面加载",
          "time" : {
            "start" : 1757756733367,
            "stop" : 1757756733432,
            "duration" : 65
          },
          "status" : "passed",
          "steps" : [ ],
          "attachments" : [ ],
          "parameters" : [ ],
          "hasContent" : false,
          "stepsCount" : 0,
          "attachmentsCount" : 0,
          "shouldDisplayMessage" : false
        } ],
        "attachments" : [ ],
        "parameters" : [ ],
        "hasContent" : true,
        "stepsCount" : 1,
        "attachmentsCount" : 0,
        "shouldDisplayMessage" : false
      } ],
      "attachments" : [ ],
      "parameters" : [ ],
      "hasContent" : true,
      "stepsCount" : 2,
      "attachmentsCount" : 0,
      "shouldDisplayMessage" : false
    }, {
      "name" : "验证登录表单可见",
      "time" : {
        "start" : 1757756733432,
        "stop" : 1757756733452,
        "duration" : 20
      },
      "status" : "passed",
      "steps" : [ ],
      "attachments" : [ ],
      "parameters" : [ ],
      "hasContent" : false,
      "stepsCount" : 0,
      "attachmentsCount" : 0,
      "shouldDisplayMessage" : false
    }, {
      "name" : "输入登录凭据",
      "time" : {
        "start" : 1757756733453,
        "stop" : 1757756738588,
        "duration" : 5135
      },
      "status" : "passed",
      "steps" : [ ],
      "attachments" : [ ],
      "parameters" : [ ],
      "hasContent" : false,
      "stepsCount" : 0,
      "attachmentsCount" : 0,
      "shouldDisplayMessage" : false
    }, {
      "name" : "验证登录成功",
      "time" : {
        "start" : 1757756738589,
        "stop" : 1757756741725,
        "duration" : 3136
      },
      "status" : "failed",
      "statusMessage" : "AssertionError: 登录应该成功并跳转，但仍在登录页面: https://automationexercise.com/login\nassert False\n",
      "statusTrace" : "  File \"D:\\LAB\\Selenium-Pytest-POM\\tests\\test_user_authentication.py\", line 147, in test_valid_user_login\n    self.assert_with_screenshot(\n  File \"D:\\LAB\\Selenium-Pytest-POM\\tests\\base_test.py\", line 297, in assert_with_screenshot\n    assert condition, message\n",
      "steps" : [ ],
      "attachments" : [ {
        "uid" : "6056aa7046b2e9ba",
        "name" : "Screenshot_assertion_failed",
        "source" : "6056aa7046b2e9ba.png",
        "type" : "image/png",
        "size" : 47060
      }, {
        "uid" : "e0712cd39ff3b2e3",
        "name" : "Page Source",
        "source" : "e0712cd39ff3b2e3.html",
        "type" : "text/html",
        "size" : 24634
      } ],
      "parameters" : [ ],
      "hasContent" : true,
      "stepsCount" : 0,
      "attachmentsCount" : 2,
      "shouldDisplayMessage" : true
    } ],
    "attachments" : [ {
      "uid" : "41e024fed821f080",
      "name" : "截图_test_valid_user_login",
      "source" : "41e024fed821f080.png",
      "type" : "image/png",
      "size" : 47060
    }, {
      "uid" : "f24c4b0b98b37224",
      "name" : "stdout",
      "source" : "f24c4b0b98b37224.txt",
      "type" : "text/plain",
      "size" : 8202
    } ],
    "parameters" : [ ],
    "hasContent" : true,
    "stepsCount" : 6,
    "attachmentsCount" : 4,
    "shouldDisplayMessage" : true
  },
  "afterStages" : [ {
    "name" : "_xunit_setup_method_fixture_TestUserAuthentication::0",
    "time" : {
      "start" : 1757756790420,
      "stop" : 1757756790420,
      "duration" : 0
    },
    "status" : "passed",
    "steps" : [ ],
    "attachments" : [ ],
    "parameters" : [ ],
    "hasContent" : false,
    "stepsCount" : 0,
    "attachmentsCount" : 0,
    "shouldDisplayMessage" : false
  }, {
    "name" : "browser_setup::0",
    "time" : {
      "start" : 1757756741845,
      "stop" : 1757756790420,
      "duration" : 48575
    },
    "status" : "passed",
    "steps" : [ ],
    "attachments" : [ ],
    "parameters" : [ ],
    "hasContent" : false,
    "stepsCount" : 0,
    "attachmentsCount" : 0,
    "shouldDisplayMessage" : false
  } ],
  "labels" : [ {
    "name" : "severity",
    "value" : "critical"
  }, {
    "name" : "feature",
    "value" : "用户认证功能"
  }, {
    "name" : "story",
    "value" : "用户登录"
  }, {
    "name" : "epic",
    "value" : "AutomationExercise网站测试"
  }, {
    "name" : "tag",
    "value" : "login"
  }, {
    "name" : "tag",
    "value" : "smoke"
  }, {
    "name" : "tag",
    "value" : "allure"
  }, {
    "name" : "parentSuite",
    "value" : "tests"
  }, {
    "name" : "suite",
    "value" : "test_user_authentication"
  }, {
    "name" : "subSuite",
    "value" : "TestUserAuthentication"
  }, {
    "name" : "host",
    "value" : "DESKTOP-D5VPIFL"
  }, {
    "name" : "thread",
    "value" : "2436-MainThread"
  }, {
    "name" : "framework",
    "value" : "pytest"
  }, {
    "name" : "language",
    "value" : "cpython3"
  }, {
    "name" : "package",
    "value" : "tests.test_user_authentication"
  }, {
    "name" : "resultFormat",
    "value" : "allure2"
  } ],
  "parameters" : [ ],
  "links" : [ ],
  "hidden" : false,
  "retry" : false,
  "extra" : {
    "severity" : "critical",
    "retries" : [ {
      "uid" : "c7df0375c097f9b2",
      "status" : "failed",
      "statusDetails" : "AssertionError: 登录应该成功并跳转，但仍在登录页面: https://automationexercise.com/login\nassert False",
      "time" : {
        "start" : 1757756667153,
        "stop" : 1757756678057,
        "duration" : 10904
      }
    }, {
      "uid" : "905d95a83b1802af",
      "status" : "failed",
      "statusDetails" : "AssertionError: 登录应该成功并跳转，但仍在登录页面: https://automationexercise.com/login\nassert False",
      "time" : {
        "start" : 1757756641756,
        "stop" : 1757756656626,
        "duration" : 14870
      }
    }, {
      "uid" : "1e1fff4700653fb",
      "status" : "failed",
      "statusDetails" : "AssertionError: 登录应该成功并跳转，但仍在登录页面: https://automationexercise.com/login\nassert False",
      "time" : {
        "start" : 1757756063938,
        "stop" : 1757756075963,
        "duration" : 12025
      }
    }, {
      "uid" : "1992a8763c03f7a",
      "status" : "failed",
      "statusDetails" : "AssertionError: 登录应该成功并跳转，但仍在登录页面: https://automationexercise.com/login\nassert False",
      "time" : {
        "start" : 1757756040630,
        "stop" : 1757756054070,
        "duration" : 13440
      }
    }, {
      "uid" : "c9639e53e21cf5b2",
      "status" : "failed",
      "statusDetails" : "AssertionError: 登录应该成功并跳转，但仍在登录页面: https://automationexercise.com/login\nassert False",
      "time" : {
        "start" : 1757756016427,
        "stop" : 1757756029951,
        "duration" : 13524
      }
    }, {
      "uid" : "5f363670ca5b0dbb",
      "status" : "failed",
      "statusDetails" : "AssertionError: 登录应该成功并跳转，但仍在登录页面: https://automationexercise.com/login\nassert False",
      "time" : {
        "start" : 1757753498304,
        "stop" : 1757753511664,
        "duration" : 13360
      }
    }, {
      "uid" : "3e36f08bd504fcd6",
      "status" : "failed",
      "statusDetails" : "AssertionError: 登录应该成功并跳转，但仍在登录页面: https://automationexercise.com/login\nassert False",
      "time" : {
        "start" : 1757753472489,
        "stop" : 1757753485999,
        "duration" : 13510
      }
    }, {
      "uid" : "1a56afcbc86b3d78",
      "status" : "failed",
      "statusDetails" : "AssertionError: 登录应该成功并跳转，但仍在登录页面: https://automationexercise.com/login\nassert False",
      "time" : {
        "start" : 1757753443826,
        "stop" : 1757753460427,
        "duration" : 16601
      }
    }, {
      "uid" : "50cfb121c90ed576",
      "status" : "failed",
      "statusDetails" : "AssertionError: 登录应该成功并跳转，但仍在登录页面: https://automationexercise.com/login\nassert False",
      "time" : {
        "start" : 1757750329129,
        "stop" : 1757750343115,
        "duration" : 13986
      }
    }, {
      "uid" : "8ca91d33a7fcbea4",
      "status" : "failed",
      "statusDetails" : "AssertionError: 登录应该成功并跳转，但仍在登录页面: https://automationexercise.com/login\nassert False",
      "time" : {
        "start" : 1757750305896,
        "stop" : 1757750316411,
        "duration" : 10515
      }
    }, {
      "uid" : "edced5dbf3bc7703",
      "status" : "failed",
      "statusDetails" : "AssertionError: 登录应该成功并跳转，但仍在登录页面: https://automationexercise.com/login\nassert False",
      "time" : {
        "start" : 1757750277413,
        "stop" : 1757750293465,
        "duration" : 16052
      }
    }, {
      "uid" : "c871307b5caf2f81",
      "status" : "broken",
      "statusDetails" : "UnboundLocalError: local variable 'os' referenced before assignment",
      "time" : {
        "start" : 1757749181191,
        "stop" : 1757749181191,
        "duration" : 0
      }
    }, {
      "uid" : "ae0495ebf2c21236",
      "status" : "broken",
      "statusDetails" : "UnboundLocalError: local variable 'os' referenced before assignment",
      "time" : {
        "start" : 1757749178123,
        "stop" : 1757749178123,
        "duration" : 0
      }
    }, {
      "uid" : "ff845d74774a1863",
      "status" : "broken",
      "statusDetails" : "UnboundLocalError: local variable 'os' referenced before assignment",
      "time" : {
        "start" : 1757749175067,
        "stop" : 1757749175067,
        "duration" : 0
      }
    }, {
      "uid" : "ff66f5125a7ee3b8",
      "status" : "broken",
      "statusDetails" : "UnboundLocalError: local variable 'os' referenced before assignment",
      "time" : {
        "start" : 1757748845481,
        "stop" : 1757748845481,
        "duration" : 0
      }
    }, {
      "uid" : "e704c180f6d7c1c",
      "status" : "broken",
      "statusDetails" : "UnboundLocalError: local variable 'os' referenced before assignment",
      "time" : {
        "start" : 1757748842406,
        "stop" : 1757748842406,
        "duration" : 0
      }
    }, {
      "uid" : "a39a4255600345dc",
      "status" : "broken",
      "statusDetails" : "UnboundLocalError: local variable 'os' referenced before assignment",
      "time" : {
        "start" : 1757748839363,
        "stop" : 1757748839363,
        "duration" : 0
      }
    } ],
    "categories" : [ {
      "name" : "Product defects",
      "matchedStatuses" : [ ],
      "flaky" : false
    } ],
    "tags" : [ "smoke", "login", "allure" ]
  },
  "source" : "d8b5384189d21f05.json",
  "parameterValues" : [ ]
}