{
  "uid" : "edced5dbf3bc7703",
  "name" : "有效用户登录成功",
  "fullName" : "tests.test_user_authentication.TestUserAuthentication#test_valid_user_login",
  "historyId" : "046d5fc4db15d4f3441a52fe936e97c6",
  "time" : {
    "start" : 1757750277413,
    "stop" : 1757750293465,
    "duration" : 16052
  },
  "description" : "测试有效用户能够成功登录",
  "descriptionHtml" : "<p>测试有效用户能够成功登录</p>\n",
  "status" : "failed",
  "statusMessage" : "AssertionError: 登录应该成功并跳转，但仍在登录页面: https://automationexercise.com/login\nassert False",
  "statusTrace" : "tests\\test_user_authentication.py:147: in test_valid_user_login\n    self.assert_with_screenshot(\ntests\\base_test.py:297: in assert_with_screenshot\n    assert condition, message\nE   AssertionError: 登录应该成功并跳转，但仍在登录页面: https://automationexercise.com/login\nE   assert False",
  "flaky" : false,
  "newFailed" : false,
  "beforeStages" : [ {
    "name" : "setup",
    "time" : {
      "start" : 1757750277365,
      "stop" : 1757750277413,
      "duration" : 48
    },
    "status" : "passed",
    "steps" : [ ],
    "attachments" : [ ],
    "parameters" : [ ],
    "hasContent" : false,
    "stepsCount" : 0,
    "attachmentsCount" : 0,
    "shouldDisplayMessage" : false
  }, {
    "name" : "_session_faker",
    "time" : {
      "start" : 1757749784763,
      "stop" : 1757749784879,
      "duration" : 116
    },
    "status" : "passed",
    "steps" : [ ],
    "attachments" : [ ],
    "parameters" : [ ],
    "hasContent" : false,
    "stepsCount" : 0,
    "attachmentsCount" : 0,
    "shouldDisplayMessage" : false
  }, {
    "name" : "_xunit_setup_method_fixture_TestUserAuthentication",
    "time" : {
      "start" : 1757750270082,
      "stop" : 1757750270098,
      "duration" : 16
    },
    "status" : "passed",
    "steps" : [ ],
    "attachments" : [ ],
    "parameters" : [ ],
    "hasContent" : false,
    "stepsCount" : 0,
    "attachmentsCount" : 0,
    "shouldDisplayMessage" : false
  }, {
    "name" : "browser_setup",
    "time" : {
      "start" : 1757750270098,
      "stop" : 1757750277190,
      "duration" : 7092
    },
    "status" : "passed",
    "steps" : [ ],
    "attachments" : [ ],
    "parameters" : [ ],
    "hasContent" : false,
    "stepsCount" : 0,
    "attachmentsCount" : 0,
    "shouldDisplayMessage" : false
  }, {
    "name" : "logger",
    "time" : {
      "start" : 1757749784883,
      "stop" : 1757749784899,
      "duration" : 16
    },
    "status" : "passed",
    "steps" : [ ],
    "attachments" : [ ],
    "parameters" : [ ],
    "hasContent" : false,
    "stepsCount" : 0,
    "attachmentsCount" : 0,
    "shouldDisplayMessage" : false
  }, {
    "name" : "test_data",
    "time" : {
      "start" : 1757750277191,
      "stop" : 1757750277363,
      "duration" : 172
    },
    "status" : "passed",
    "steps" : [ ],
    "attachments" : [ ],
    "parameters" : [ ],
    "hasContent" : false,
    "stepsCount" : 0,
    "attachmentsCount" : 0,
    "shouldDisplayMessage" : false
  }, {
    "name" : "config",
    "time" : {
      "start" : 1757749784879,
      "stop" : 1757749784883,
      "duration" : 4
    },
    "status" : "passed",
    "steps" : [ ],
    "attachments" : [ ],
    "parameters" : [ ],
    "hasContent" : false,
    "stepsCount" : 0,
    "attachmentsCount" : 0,
    "shouldDisplayMessage" : false
  } ],
  "testStage" : {
    "description" : "测试有效用户能够成功登录",
    "status" : "failed",
    "statusMessage" : "AssertionError: 登录应该成功并跳转，但仍在登录页面: https://automationexercise.com/login\nassert False",
    "statusTrace" : "tests\\test_user_authentication.py:147: in test_valid_user_login\n    self.assert_with_screenshot(\ntests\\base_test.py:297: in assert_with_screenshot\n    assert condition, message\nE   AssertionError: 登录应该成功并跳转，但仍在登录页面: https://automationexercise.com/login\nE   assert False",
    "steps" : [ {
      "name" : "导航到登录页面",
      "time" : {
        "start" : 1757750277429,
        "stop" : 1757750284981,
        "duration" : 7552
      },
      "status" : "passed",
      "steps" : [ {
        "name" : "导航到登录页面",
        "time" : {
          "start" : 1757750277429,
          "stop" : 1757750284981,
          "duration" : 7552
        },
        "status" : "passed",
        "steps" : [ {
          "name" : "验证登录页面页面加载",
          "time" : {
            "start" : 1757750284922,
            "stop" : 1757750284981,
            "duration" : 59
          },
          "status" : "passed",
          "steps" : [ ],
          "attachments" : [ ],
          "parameters" : [ ],
          "hasContent" : false,
          "stepsCount" : 0,
          "attachmentsCount" : 0,
          "shouldDisplayMessage" : false
        } ],
        "attachments" : [ ],
        "parameters" : [ ],
        "hasContent" : true,
        "stepsCount" : 1,
        "attachmentsCount" : 0,
        "shouldDisplayMessage" : false
      } ],
      "attachments" : [ ],
      "parameters" : [ ],
      "hasContent" : true,
      "stepsCount" : 2,
      "attachmentsCount" : 0,
      "shouldDisplayMessage" : false
    }, {
      "name" : "验证登录表单可见",
      "time" : {
        "start" : 1757750284983,
        "stop" : 1757750285004,
        "duration" : 21
      },
      "status" : "passed",
      "steps" : [ ],
      "attachments" : [ ],
      "parameters" : [ ],
      "hasContent" : false,
      "stepsCount" : 0,
      "attachmentsCount" : 0,
      "shouldDisplayMessage" : false
    }, {
      "name" : "输入登录凭据",
      "time" : {
        "start" : 1757750285004,
        "stop" : 1757750290309,
        "duration" : 5305
      },
      "status" : "passed",
      "steps" : [ ],
      "attachments" : [ ],
      "parameters" : [ ],
      "hasContent" : false,
      "stepsCount" : 0,
      "attachmentsCount" : 0,
      "shouldDisplayMessage" : false
    }, {
      "name" : "验证登录成功",
      "time" : {
        "start" : 1757750290309,
        "stop" : 1757750293464,
        "duration" : 3155
      },
      "status" : "failed",
      "statusMessage" : "AssertionError: 登录应该成功并跳转，但仍在登录页面: https://automationexercise.com/login\nassert False\n",
      "statusTrace" : "  File \"D:\\LAB\\Selenium-Pytest-POM\\tests\\test_user_authentication.py\", line 147, in test_valid_user_login\n    self.assert_with_screenshot(\n  File \"D:\\LAB\\Selenium-Pytest-POM\\tests\\base_test.py\", line 297, in assert_with_screenshot\n    assert condition, message\n",
      "steps" : [ ],
      "attachments" : [ {
        "uid" : "b1ebff1a0b4cd7a8",
        "name" : "Screenshot_assertion_failed",
        "source" : "b1ebff1a0b4cd7a8.png",
        "type" : "image/png",
        "size" : 61391
      }, {
        "uid" : "1cb3804fa8c5141b",
        "name" : "Page Source",
        "source" : "1cb3804fa8c5141b.html",
        "type" : "text/html",
        "size" : 26898
      } ],
      "parameters" : [ ],
      "hasContent" : true,
      "stepsCount" : 0,
      "attachmentsCount" : 2,
      "shouldDisplayMessage" : true
    } ],
    "attachments" : [ {
      "uid" : "170526f44cace485",
      "name" : "截图_test_valid_user_login",
      "source" : "170526f44cace485.png",
      "type" : "image/png",
      "size" : 61391
    }, {
      "uid" : "b3c38395755980ad",
      "name" : "stdout",
      "source" : "b3c38395755980ad.txt",
      "type" : "text/plain",
      "size" : 2734
    } ],
    "parameters" : [ ],
    "hasContent" : true,
    "stepsCount" : 6,
    "attachmentsCount" : 4,
    "shouldDisplayMessage" : true
  },
  "afterStages" : [ {
    "name" : "_xunit_setup_method_fixture_TestUserAuthentication::0",
    "time" : {
      "start" : 1757750295899,
      "stop" : 1757750295899,
      "duration" : 0
    },
    "status" : "passed",
    "steps" : [ ],
    "attachments" : [ ],
    "parameters" : [ ],
    "hasContent" : false,
    "stepsCount" : 0,
    "attachmentsCount" : 0,
    "shouldDisplayMessage" : false
  }, {
    "name" : "browser_setup::0",
    "time" : {
      "start" : 1757750293599,
      "stop" : 1757750295899,
      "duration" : 2300
    },
    "status" : "passed",
    "steps" : [ ],
    "attachments" : [ ],
    "parameters" : [ ],
    "hasContent" : false,
    "stepsCount" : 0,
    "attachmentsCount" : 0,
    "shouldDisplayMessage" : false
  } ],
  "labels" : [ {
    "name" : "epic",
    "value" : "AutomationExercise网站测试"
  }, {
    "name" : "feature",
    "value" : "用户认证功能"
  }, {
    "name" : "severity",
    "value" : "critical"
  }, {
    "name" : "story",
    "value" : "用户登录"
  }, {
    "name" : "tag",
    "value" : "login"
  }, {
    "name" : "tag",
    "value" : "smoke"
  }, {
    "name" : "tag",
    "value" : "allure"
  }, {
    "name" : "parentSuite",
    "value" : "tests"
  }, {
    "name" : "suite",
    "value" : "test_user_authentication"
  }, {
    "name" : "subSuite",
    "value" : "TestUserAuthentication"
  }, {
    "name" : "host",
    "value" : "DESKTOP-D5VPIFL"
  }, {
    "name" : "thread",
    "value" : "20396-MainThread"
  }, {
    "name" : "framework",
    "value" : "pytest"
  }, {
    "name" : "language",
    "value" : "cpython3"
  }, {
    "name" : "package",
    "value" : "tests.test_user_authentication"
  }, {
    "name" : "resultFormat",
    "value" : "allure2"
  } ],
  "parameters" : [ ],
  "links" : [ ],
  "hidden" : true,
  "retry" : true,
  "extra" : {
    "categories" : [ ],
    "tags" : [ "smoke", "login", "allure" ]
  },
  "source" : "edced5dbf3bc7703.json",
  "parameterValues" : [ ]
}