<!DOCTYPE html>
<html>
  <head>
    <meta charset="utf-8"/>
    <title id="head-title">report.html</title>
      <style type="text/css">body {
  font-family: Helvetica, Arial, sans-serif;
  font-size: 12px;
  /* do not increase min-width as some may use split screens */
  min-width: 800px;
  color: #999;
}

h1 {
  font-size: 24px;
  color: black;
}

h2 {
  font-size: 16px;
  color: black;
}

p {
  color: black;
}

a {
  color: #999;
}

table {
  border-collapse: collapse;
}

/******************************
 * SUMMARY INFORMATION
 ******************************/
#environment td {
  padding: 5px;
  border: 1px solid #e6e6e6;
  vertical-align: top;
}
#environment tr:nth-child(odd) {
  background-color: #f6f6f6;
}
#environment ul {
  margin: 0;
  padding: 0 20px;
}

/******************************
 * TEST RESULT COLORS
 ******************************/
span.passed,
.passed .col-result {
  color: green;
}

span.skipped,
span.xfailed,
span.rerun,
.skipped .col-result,
.xfailed .col-result,
.rerun .col-result {
  color: orange;
}

span.error,
span.failed,
span.xpassed,
.error .col-result,
.failed .col-result,
.xpassed .col-result {
  color: red;
}

.col-links__extra {
  margin-right: 3px;
}

/******************************
 * RESULTS TABLE
 *
 * 1. Table Layout
 * 2. Extra
 * 3. Sorting items
 *
 ******************************/
/*------------------
 * 1. Table Layout
 *------------------*/
#results-table {
  border: 1px solid #e6e6e6;
  color: #999;
  font-size: 12px;
  width: 100%;
}
#results-table th,
#results-table td {
  padding: 5px;
  border: 1px solid #e6e6e6;
  text-align: left;
}
#results-table th {
  font-weight: bold;
}

/*------------------
 * 2. Extra
 *------------------*/
.logwrapper {
  max-height: 230px;
  overflow-y: scroll;
  background-color: #e6e6e6;
}
.logwrapper.expanded {
  max-height: none;
}
.logwrapper.expanded .logexpander:after {
  content: "collapse [-]";
}
.logwrapper .logexpander {
  z-index: 1;
  position: sticky;
  top: 10px;
  width: max-content;
  border: 1px solid;
  border-radius: 3px;
  padding: 5px 7px;
  margin: 10px 0 10px calc(100% - 80px);
  cursor: pointer;
  background-color: #e6e6e6;
}
.logwrapper .logexpander:after {
  content: "expand [+]";
}
.logwrapper .logexpander:hover {
  color: #000;
  border-color: #000;
}
.logwrapper .log {
  min-height: 40px;
  position: relative;
  top: -50px;
  height: calc(100% + 50px);
  border: 1px solid #e6e6e6;
  color: black;
  display: block;
  font-family: "Courier New", Courier, monospace;
  padding: 5px;
  padding-right: 80px;
  white-space: pre-wrap;
}

div.media {
  border: 1px solid #e6e6e6;
  float: right;
  height: 240px;
  margin: 0 5px;
  overflow: hidden;
  width: 320px;
}

.media-container {
  display: grid;
  grid-template-columns: 25px auto 25px;
  align-items: center;
  flex: 1 1;
  overflow: hidden;
  height: 200px;
}

.media-container--fullscreen {
  grid-template-columns: 0px auto 0px;
}

.media-container__nav--right,
.media-container__nav--left {
  text-align: center;
  cursor: pointer;
}

.media-container__viewport {
  cursor: pointer;
  text-align: center;
  height: inherit;
}
.media-container__viewport img,
.media-container__viewport video {
  object-fit: cover;
  width: 100%;
  max-height: 100%;
}

.media__name,
.media__counter {
  display: flex;
  flex-direction: row;
  justify-content: space-around;
  flex: 0 0 25px;
  align-items: center;
}

.collapsible td:not(.col-links) {
  cursor: pointer;
}
.collapsible td:not(.col-links):hover::after {
  color: #bbb;
  font-style: italic;
  cursor: pointer;
}

.col-result {
  width: 130px;
}
.col-result:hover::after {
  content: " (hide details)";
}

.col-result.collapsed:hover::after {
  content: " (show details)";
}

#environment-header h2:hover::after {
  content: " (hide details)";
  color: #bbb;
  font-style: italic;
  cursor: pointer;
  font-size: 12px;
}

#environment-header.collapsed h2:hover::after {
  content: " (show details)";
  color: #bbb;
  font-style: italic;
  cursor: pointer;
  font-size: 12px;
}

/*------------------
 * 3. Sorting items
 *------------------*/
.sortable {
  cursor: pointer;
}
.sortable.desc:after {
  content: " ";
  position: relative;
  left: 5px;
  bottom: -12.5px;
  border: 10px solid #4caf50;
  border-bottom: 0;
  border-left-color: transparent;
  border-right-color: transparent;
}
.sortable.asc:after {
  content: " ";
  position: relative;
  left: 5px;
  bottom: 12.5px;
  border: 10px solid #4caf50;
  border-top: 0;
  border-left-color: transparent;
  border-right-color: transparent;
}

.hidden, .summary__reload__button.hidden {
  display: none;
}

.summary__data {
  flex: 0 0 550px;
}
.summary__reload {
  flex: 1 1;
  display: flex;
  justify-content: center;
}
.summary__reload__button {
  flex: 0 0 300px;
  display: flex;
  color: white;
  font-weight: bold;
  background-color: #4caf50;
  text-align: center;
  justify-content: center;
  align-items: center;
  border-radius: 3px;
  cursor: pointer;
}
.summary__reload__button:hover {
  background-color: #46a049;
}
.summary__spacer {
  flex: 0 0 550px;
}

.controls {
  display: flex;
  justify-content: space-between;
}

.filters,
.collapse {
  display: flex;
  align-items: center;
}
.filters button,
.collapse button {
  color: #999;
  border: none;
  background: none;
  cursor: pointer;
  text-decoration: underline;
}
.filters button:hover,
.collapse button:hover {
  color: #ccc;
}

.filter__label {
  margin-right: 10px;
}

      </style>
    
  </head>
  <body>
    <h1 id="title">report.html</h1>
    <p>Report generated on 13-Sep-2025 at 17:52:18 by <a href="https://pypi.python.org/pypi/pytest-html">pytest-html</a>
        v4.1.1</p>
    <div id="environment-header">
      <h2>Environment</h2>
    </div>
    <table id="environment"></table>
    <!-- TEMPLATES -->
      <template id="template_environment_row">
      <tr>
        <td></td>
        <td></td>
      </tr>
    </template>
    <template id="template_results-table__body--empty">
      <tbody class="results-table-row">
        <tr id="not-found-message">
          <td colspan="4">No results found. Check the filters.</th>
        </tr>
    </template>
    <template id="template_results-table__tbody">
      <tbody class="results-table-row">
        <tr class="collapsible">
        </tr>
        <tr class="extras-row">
          <td class="extra" colspan="4">
            <div class="extraHTML"></div>
            <div class="media">
              <div class="media-container">
                  <div class="media-container__nav--left"><</div>
                  <div class="media-container__viewport">
                    <img src="" />
                    <video controls>
                      <source src="" type="video/mp4">
                    </video>
                  </div>
                  <div class="media-container__nav--right">></div>
                </div>
                <div class="media__name"></div>
                <div class="media__counter"></div>
            </div>
            <div class="logwrapper">
              <div class="logexpander"></div>
              <div class="log"></div>
            </div>
          </td>
        </tr>
      </tbody>
    </template>
    <!-- END TEMPLATES -->
    <div class="summary">
      <div class="summary__data">
        <h2>Summary</h2>
        <div class="additional-summary prefix">
        </div>
        <p class="run-count">12 tests took 00:08:13.</p>
        <p class="filter">(Un)check the boxes to filter the results.</p>
        <div class="summary__reload">
          <div class="summary__reload__button hidden" onclick="location.reload()">
            <div>There are still tests running. <br />Reload this page to get the latest results!</div>
          </div>
        </div>
        <div class="summary__spacer"></div>
        <div class="controls">
          <div class="filters">
            <input checked="true" class="filter" name="filter_checkbox" type="checkbox" data-test-result="failed" />
            <span class="failed">2 Failed,</span>
            <input checked="true" class="filter" name="filter_checkbox" type="checkbox" data-test-result="passed" />
            <span class="passed">10 Passed,</span>
            <input checked="true" class="filter" name="filter_checkbox" type="checkbox" data-test-result="skipped" disabled/>
            <span class="skipped">0 Skipped,</span>
            <input checked="true" class="filter" name="filter_checkbox" type="checkbox" data-test-result="xfailed" disabled/>
            <span class="xfailed">0 Expected failures,</span>
            <input checked="true" class="filter" name="filter_checkbox" type="checkbox" data-test-result="xpassed" disabled/>
            <span class="xpassed">0 Unexpected passes,</span>
            <input checked="true" class="filter" name="filter_checkbox" type="checkbox" data-test-result="error" disabled/>
            <span class="error">0 Errors,</span>
            <input checked="true" class="filter" name="filter_checkbox" type="checkbox" data-test-result="rerun" />
            <span class="rerun">5 Reruns</span>
          </div>
          <div class="collapse">
            <button id="show_all_details">Show all details</button>&nbsp;/&nbsp;<button id="hide_all_details">Hide all details</button>
          </div>
        </div>
      </div>
      <div class="additional-summary summary">
      </div>
      <div class="additional-summary postfix">
      </div>
    </div>
    <table id="results-table">
      <thead id="results-table-head">
        <tr>
          <th class="sortable" data-column-type="result">Result</th>
          <th class="sortable" data-column-type="testId">Test</th>
          <th class="sortable" data-column-type="duration">Duration</th>
          <th>Links</th>
        </tr>
      </thead>
    </table>
  </body>
  <footer>
    <div id="data-container" data-jsonblob="{&#34;environment&#34;: {&#34;Python&#34;: &#34;3.10.11&#34;, &#34;Platform&#34;: &#34;Windows-10-10.0.26100-SP0&#34;, &#34;Packages&#34;: {&#34;pytest&#34;: &#34;7.4.3&#34;, &#34;pluggy&#34;: &#34;1.6.0&#34;}, &#34;Plugins&#34;: {&#34;allure-pytest&#34;: &#34;2.13.2&#34;, &#34;Faker&#34;: &#34;20.1.0&#34;, &#34;html&#34;: &#34;4.1.1&#34;, &#34;metadata&#34;: &#34;3.1.1&#34;, &#34;mock&#34;: &#34;3.12.0&#34;, &#34;rerunfailures&#34;: &#34;12.0&#34;, &#34;testmon&#34;: &#34;2.1.3&#34;, &#34;xdist&#34;: &#34;3.3.1&#34;}, &#34;CI&#34;: &#34;false&#34;, &#34;JAVA_HOME&#34;: &#34;C:\\Program Files\\Java\\jdk-24&#34;}, &#34;tests&#34;: {&#34;tests/test_user_authentication.py::TestUserAuthentication::test_user_registration_success&#34;: [{&#34;extras&#34;: [], &#34;result&#34;: &#34;Passed&#34;, &#34;testId&#34;: &#34;tests/test_user_authentication.py::TestUserAuthentication::test_user_registration_success&#34;, &#34;duration&#34;: &#34;00:00:33&#34;, &#34;resultsTableRow&#34;: [&#34;&lt;td class=\&#34;col-result\&#34;&gt;Passed&lt;/td&gt;&#34;, &#34;&lt;td class=\&#34;col-testId\&#34;&gt;tests/test_user_authentication.py::TestUserAuthentication::test_user_registration_success&lt;/td&gt;&#34;, &#34;&lt;td class=\&#34;col-duration\&#34;&gt;00:00:33&lt;/td&gt;&#34;, &#34;&lt;td class=\&#34;col-links\&#34;&gt;&lt;/td&gt;&#34;], &#34;log&#34;: &#34;---------------------------- Captured stdout setup -----------------------------\n2025-09-13 17:42:47 | INFO | utils.logger:test_start:113 | \ud83d\ude80 Test Started: test_user_registration_success\n2025-09-13 17:42:47 | INFO | utils.logger:info:62 | \u542f\u52a8 chrome \u6d4f\u89c8\u5668\uff0cheadless\u6a21\u5f0f: False\n\n----------------------------- Captured stdout call -----------------------------\n2025-09-13 17:42:53 | INFO | utils.logger:data_operation:129 | \ud83d\udcca Data Operation: Generated test user data (User)\n2025-09-13 17:43:01 | INFO | utils.logger:page_action:105 | \ud83d\udd04 Page Action: Page loaded\n2025-09-13 17:43:01 | INFO | utils.logger:page_action:105 | \ud83d\udd04 Page Action: Opened page on &amp;#x27;https://automationexercise.com/login&amp;#x27;\n2025-09-13 17:43:01 | INFO | utils.logger:step:86 | \ud83d\udd38 STEP: Opened login page\n2025-09-13 17:43:01 | INFO | utils.logger:step:86 | \ud83d\udd38 STEP: Verifying login page loaded\n2025-09-13 17:43:01 | INFO | utils.logger:assertion:109 | \ud83d\udd0d Assertion: Element visibility | Expected: &amp;#x27;visible&amp;#x27; | Actual: &amp;#x27;visible&amp;#x27;\n2025-09-13 17:43:01 | INFO | utils.logger:assertion:109 | \ud83d\udd0d Assertion: Element visibility | Expected: &amp;#x27;visible&amp;#x27; | Actual: &amp;#x27;visible&amp;#x27;\n2025-09-13 17:43:01 | INFO | utils.logger:step:86 | \ud83d\udd38 STEP: Verifying signup section visible\n2025-09-13 17:43:01 | INFO | utils.logger:assertion:109 | \ud83d\udd0d Assertion: Element visibility | Expected: &amp;#x27;visible&amp;#x27; | Actual: &amp;#x27;visible&amp;#x27;\n2025-09-13 17:43:01 | INFO | utils.logger:step:86 | \ud83d\udd38 STEP: Signing up new user: \u6668 Armstrong\n2025-09-13 17:43:01 | INFO | utils.logger:step:86 | \ud83d\udd38 STEP: Filling signup form with name: \u6668 Armstrong, email: liaoyang@example.com\n2025-09-13 17:43:01 | INFO | utils.logger:page_action:105 | \ud83d\udd04 Page Action: Element visible on &amp;#x27;xpath=&amp;#x27;//input[@data-qa=&amp;#x27;signup-name&amp;#x27;]&amp;#x27;&amp;#x27;\n2025-09-13 17:43:01 | INFO | utils.logger:page_action:105 | \ud83d\udd04 Page Action: Sent keys on &amp;#x27;xpath=&amp;#x27;//input[@data-qa=&amp;#x27;signup-name&amp;#x27;]&amp;#x27; text=&amp;#x27;\u6668 Armstrong&amp;#x27;&amp;#x27;\n2025-09-13 17:43:01 | INFO | utils.logger:page_action:105 | \ud83d\udd04 Page Action: Element visible on &amp;#x27;xpath=&amp;#x27;//input[@data-qa=&amp;#x27;signup-email&amp;#x27;]&amp;#x27;&amp;#x27;\n2025-09-13 17:43:02 | INFO | utils.logger:page_action:105 | \ud83d\udd04 Page Action: Sent keys on &amp;#x27;xpath=&amp;#x27;//input[@data-qa=&amp;#x27;signup-email&amp;#x27;]&amp;#x27; text=&amp;#x27;liaoyang@example.com&amp;#x27;&amp;#x27;\n2025-09-13 17:43:02 | INFO | utils.logger:step:86 | \ud83d\udd38 STEP: Clicking signup button\n2025-09-13 17:43:02 | INFO | utils.logger:page_action:105 | \ud83d\udd04 Page Action: Element clickable on &amp;#x27;xpath=&amp;#x27;//button[@data-qa=&amp;#x27;signup-button&amp;#x27;]&amp;#x27;&amp;#x27;\n2025-09-13 17:43:06 | INFO | utils.logger:page_action:105 | \ud83d\udd04 Page Action: Clicked element on &amp;#x27;xpath=&amp;#x27;//button[@data-qa=&amp;#x27;signup-button&amp;#x27;]&amp;#x27;&amp;#x27;\n2025-09-13 17:43:06 | INFO | utils.logger:step:86 | \ud83d\udd38 STEP: Verifying signup page loaded\n2025-09-13 17:43:06 | INFO | utils.logger:assertion:109 | \ud83d\udd0d Assertion: Element visibility | Expected: &amp;#x27;visible&amp;#x27; | Actual: &amp;#x27;visible&amp;#x27;\n2025-09-13 17:43:06 | INFO | utils.logger:step:86 | \ud83d\udd38 STEP: Verifying name and email prefilled\n2025-09-13 17:43:06 | INFO | utils.logger:page_action:105 | \ud83d\udd04 Page Action: Element visible on &amp;#x27;id=&amp;#x27;name&amp;#x27;&amp;#x27;\n2025-09-13 17:43:06 | INFO | utils.logger:page_action:105 | \ud83d\udd04 Page Action: Got attribute on &amp;#x27;id=&amp;#x27;name&amp;#x27; value=&amp;#x27;\u6668 Armstrong&amp;#x27;&amp;#x27;\n2025-09-13 17:43:06 | INFO | utils.logger:page_action:105 | \ud83d\udd04 Page Action: Element visible on &amp;#x27;id=&amp;#x27;email&amp;#x27;&amp;#x27;\n2025-09-13 17:43:06 | INFO | utils.logger:page_action:105 | \ud83d\udd04 Page Action: Got attribute on &amp;#x27;id=&amp;#x27;email&amp;#x27; value=&amp;#x27;liaoyang@example.com&amp;#x27;&amp;#x27;\n2025-09-13 17:43:06 | INFO | utils.logger:assertion:109 | \ud83d\udd0d Assertion: Name prefilled | Expected: &amp;#x27;\u6668 Armstrong&amp;#x27; | Actual: &amp;#x27;\u6668 Armstrong&amp;#x27;\n2025-09-13 17:43:06 | INFO | utils.logger:assertion:109 | \ud83d\udd0d Assertion: Email prefilled | Expected: &amp;#x27;liaoyang@example.com&amp;#x27; | Actual: &amp;#x27;liaoyang@example.com&amp;#x27;\n2025-09-13 17:43:06 | INFO | utils.logger:step:86 | \ud83d\udd38 STEP: Completing registration for user: \u6668\n2025-09-13 17:43:06 | INFO | utils.logger:step:86 | \ud83d\udd38 STEP: Selecting title: Mr\n2025-09-13 17:43:06 | INFO | utils.logger:page_action:105 | \ud83d\udd04 Page Action: Element clickable on &amp;#x27;id=&amp;#x27;id_gender1&amp;#x27;&amp;#x27;\n2025-09-13 17:43:06 | INFO | utils.logger:page_action:105 | \ud83d\udd04 Page Action: Clicked element on &amp;#x27;id=&amp;#x27;id_gender1&amp;#x27;&amp;#x27;\n2025-09-13 17:43:06 | INFO | utils.logger:step:86 | \ud83d\udd38 STEP: Filling account information\n2025-09-13 17:43:06 | INFO | utils.logger:page_action:105 | \ud83d\udd04 Page Action: Element visible on &amp;#x27;id=&amp;#x27;password&amp;#x27;&amp;#x27;\n2025-09-13 17:43:06 | INFO | utils.logger:page_action:105 | \ud83d\udd04 Page Action: Sent keys on &amp;#x27;id=&amp;#x27;password&amp;#x27; text=&amp;#x27;wEmtQOAe^n24&amp;#x27;&amp;#x27;\n2025-09-13 17:43:06 | INFO | utils.logger:page_action:105 | \ud83d\udd04 Page Action: Element visible on &amp;#x27;id=&amp;#x27;days&amp;#x27;&amp;#x27;\n2025-09-13 17:43:06 | INFO | utils.logger:page_action:105 | \ud83d\udd04 Page Action: Selected dropdown on &amp;#x27;id=&amp;#x27;days&amp;#x27; value=&amp;#x27;1&amp;#x27;&amp;#x27;\n2025-09-13 17:43:06 | INFO | utils.logger:page_action:105 | \ud83d\udd04 Page Action: Element visible on &amp;#x27;id=&amp;#x27;months&amp;#x27;&amp;#x27;\n2025-09-13 17:43:07 | INFO | utils.logger:page_action:105 | \ud83d\udd04 Page Action: Selected dropdown on &amp;#x27;id=&amp;#x27;months&amp;#x27; text=&amp;#x27;January&amp;#x27;&amp;#x27;\n2025-09-13 17:43:07 | INFO | utils.logger:page_action:105 | \ud83d\udd04 Page Action: Element visible on &amp;#x27;id=&amp;#x27;years&amp;#x27;&amp;#x27;\n2025-09-13 17:43:07 | INFO | utils.logger:page_action:105 | \ud83d\udd04 Page Action: Selected dropdown on &amp;#x27;id=&amp;#x27;years&amp;#x27; value=&amp;#x27;1990&amp;#x27;&amp;#x27;\n2025-09-13 17:43:07 | INFO | utils.logger:step:86 | \ud83d\udd38 STEP: Checking newsletter subscription\n2025-09-13 17:43:07 | INFO | utils.logger:page_action:105 | \ud83d\udd04 Page Action: Element clickable on &amp;#x27;id=&amp;#x27;newsletter&amp;#x27;&amp;#x27;\n2025-09-13 17:43:07 | INFO | utils.logger:page_action:105 | \ud83d\udd04 Page Action: Clicked element on &amp;#x27;id=&amp;#x27;newsletter&amp;#x27;&amp;#x27;\n2025-09-13 17:43:07 | INFO | utils.logger:step:86 | \ud83d\udd38 STEP: Checking special offers\n2025-09-13 17:43:07 | INFO | utils.logger:page_action:105 | \ud83d\udd04 Page Action: Element clickable on &amp;#x27;id=&amp;#x27;optin&amp;#x27;&amp;#x27;\n2025-09-13 17:43:07 | INFO | utils.logger:page_action:105 | \ud83d\udd04 Page Action: Clicked element on &amp;#x27;id=&amp;#x27;optin&amp;#x27;&amp;#x27;\n2025-09-13 17:43:07 | INFO | utils.logger:step:86 | \ud83d\udd38 STEP: Filling address information\n2025-09-13 17:43:07 | INFO | utils.logger:page_action:105 | \ud83d\udd04 Page Action: Element visible on &amp;#x27;id=&amp;#x27;first_name&amp;#x27;&amp;#x27;\n2025-09-13 17:43:07 | INFO | utils.logger:page_action:105 | \ud83d\udd04 Page Action: Sent keys on &amp;#x27;id=&amp;#x27;first_name&amp;#x27; text=&amp;#x27;\u6668&amp;#x27;&amp;#x27;\n2025-09-13 17:43:07 | INFO | utils.logger:page_action:105 | \ud83d\udd04 Page Action: Element visible on &amp;#x27;id=&amp;#x27;last_name&amp;#x27;&amp;#x27;\n2025-09-13 17:43:07 | INFO | utils.logger:page_action:105 | \ud83d\udd04 Page Action: Sent keys on &amp;#x27;id=&amp;#x27;last_name&amp;#x27; text=&amp;#x27;Armstrong&amp;#x27;&amp;#x27;\n2025-09-13 17:43:07 | INFO | utils.logger:page_action:105 | \ud83d\udd04 Page Action: Element visible on &amp;#x27;id=&amp;#x27;company&amp;#x27;&amp;#x27;\n2025-09-13 17:43:08 | INFO | utils.logger:page_action:105 | \ud83d\udd04 Page Action: Sent keys on &amp;#x27;id=&amp;#x27;company&amp;#x27; text=&amp;#x27;Roberts, Ramos and Flores&amp;#x27;&amp;#x27;\n2025-09-13 17:43:08 | INFO | utils.logger:page_action:105 | \ud83d\udd04 Page Action: Element visible on &amp;#x27;id=&amp;#x27;address1&amp;#x27;&amp;#x27;\n2025-09-13 17:43:08 | INFO | utils.logger:page_action:105 | \ud83d\udd04 Page Action: Sent keys on &amp;#x27;id=&amp;#x27;address1&amp;#x27; text=&amp;#x27;\u6d77\u5357\u7701\u6f6e\u5dde\u53bf\u897f\u5cf0\u5357\u660c\u8deff\u5ea7 147496&amp;#x27;&amp;#x27;\n2025-09-13 17:43:08 | INFO | utils.logger:page_action:105 | \ud83d\udd04 Page Action: Element visible on &amp;#x27;id=&amp;#x27;address2&amp;#x27;&amp;#x27;\n2025-09-13 17:43:08 | INFO | utils.logger:page_action:105 | \ud83d\udd04 Page Action: Sent keys on &amp;#x27;id=&amp;#x27;address2&amp;#x27; text=&amp;#x27;Apt. 286&amp;#x27;&amp;#x27;\n2025-09-13 17:43:08 | INFO | utils.logger:page_action:105 | \ud83d\udd04 Page Action: Element visible on &amp;#x27;id=&amp;#x27;country&amp;#x27;&amp;#x27;\n2025-09-13 17:43:08 | INFO | utils.logger:page_action:105 | \ud83d\udd04 Page Action: Selected dropdown on &amp;#x27;id=&amp;#x27;country&amp;#x27; text=&amp;#x27;India&amp;#x27;&amp;#x27;\n2025-09-13 17:43:08 | INFO | utils.logger:page_action:105 | \ud83d\udd04 Page Action: Element visible on &amp;#x27;id=&amp;#x27;state&amp;#x27;&amp;#x27;\n2025-09-13 17:43:08 | INFO | utils.logger:page_action:105 | \ud83d\udd04 Page Action: Sent keys on &amp;#x27;id=&amp;#x27;state&amp;#x27; text=&amp;#x27;Utah&amp;#x27;&amp;#x27;\n2025-09-13 17:43:08 | INFO | utils.logger:page_action:105 | \ud83d\udd04 Page Action: Element visible on &amp;#x27;id=&amp;#x27;city&amp;#x27;&amp;#x27;\n2025-09-13 17:43:08 | INFO | utils.logger:page_action:105 | \ud83d\udd04 Page Action: Sent keys on &amp;#x27;id=&amp;#x27;city&amp;#x27; text=&amp;#x27;\u5357\u5b81\u5e02&amp;#x27;&amp;#x27;\n2025-09-13 17:43:08 | INFO | utils.logger:page_action:105 | \ud83d\udd04 Page Action: Element visible on &amp;#x27;id=&amp;#x27;zipcode&amp;#x27;&amp;#x27;\n2025-09-13 17:43:08 | INFO | utils.logger:page_action:105 | \ud83d\udd04 Page Action: Sent keys on &amp;#x27;id=&amp;#x27;zipcode&amp;#x27; text=&amp;#x27;52286&amp;#x27;&amp;#x27;\n2025-09-13 17:43:08 | INFO | utils.logger:page_action:105 | \ud83d\udd04 Page Action: Element visible on &amp;#x27;id=&amp;#x27;mobile_number&amp;#x27;&amp;#x27;\n2025-09-13 17:43:09 | INFO | utils.logger:page_action:105 | \ud83d\udd04 Page Action: Sent keys on &amp;#x27;id=&amp;#x27;mobile_number&amp;#x27; text=&amp;#x27;15058726977&amp;#x27;&amp;#x27;\n2025-09-13 17:43:09 | INFO | utils.logger:step:86 | \ud83d\udd38 STEP: Clicking create account button\n2025-09-13 17:43:09 | INFO | utils.logger:page_action:105 | \ud83d\udd04 Page Action: Found element on &amp;#x27;xpath=&amp;#x27;//button[@data-qa=&amp;#x27;create-account&amp;#x27;]&amp;#x27;&amp;#x27;\n2025-09-13 17:43:09 | INFO | utils.logger:page_action:105 | \ud83d\udd04 Page Action: Scrolled to element on &amp;#x27;xpath=&amp;#x27;//button[@data-qa=&amp;#x27;create-account&amp;#x27;]&amp;#x27;&amp;#x27;\n2025-09-13 17:43:09 | INFO | utils.logger:page_action:105 | \ud83d\udd04 Page Action: Element clickable on &amp;#x27;xpath=&amp;#x27;//button[@data-qa=&amp;#x27;create-account&amp;#x27;]&amp;#x27;&amp;#x27;\n2025-09-13 17:43:12 | INFO | utils.logger:page_action:105 | \ud83d\udd04 Page Action: Clicked element on &amp;#x27;xpath=&amp;#x27;//button[@data-qa=&amp;#x27;create-account&amp;#x27;]&amp;#x27;&amp;#x27;\n2025-09-13 17:43:12 | INFO | utils.logger:step:86 | \ud83d\udd38 STEP: Verifying account created page loaded\n2025-09-13 17:43:12 | INFO | utils.logger:assertion:109 | \ud83d\udd0d Assertion: Element visibility | Expected: &amp;#x27;visible&amp;#x27; | Actual: &amp;#x27;visible&amp;#x27;\n2025-09-13 17:43:12 | INFO | utils.logger:step:86 | \ud83d\udd38 STEP: Verifying account creation success message\n2025-09-13 17:43:12 | INFO | utils.logger:assertion:109 | \ud83d\udd0d Assertion: Element visibility | Expected: &amp;#x27;visible&amp;#x27; | Actual: &amp;#x27;visible&amp;#x27;\n2025-09-13 17:43:12 | INFO | utils.logger:step:86 | \ud83d\udd38 STEP: Clicking continue button\n2025-09-13 17:43:12 | INFO | utils.logger:page_action:105 | \ud83d\udd04 Page Action: Element clickable on &amp;#x27;xpath=&amp;#x27;//a[@data-qa=&amp;#x27;continue-button&amp;#x27;]&amp;#x27;&amp;#x27;\n2025-09-13 17:43:15 | INFO | utils.logger:page_action:105 | \ud83d\udd04 Page Action: Clicked element on &amp;#x27;xpath=&amp;#x27;//a[@data-qa=&amp;#x27;continue-button&amp;#x27;]&amp;#x27;&amp;#x27;\n--------------------------- Captured stdout teardown ---------------------------\n2025-09-13 17:43:17 | INFO | utils.logger:info:62 | \u5173\u95ed\u6d4f\u89c8\u5668\n2025-09-13 17:43:20 | INFO | utils.logger:test_end:119 | \u23ed\ufe0f Test Finished: test_user_registration_success - COMPLETED (32.38s)\n&#34;}], &#34;tests/test_user_authentication.py::TestUserAuthentication::test_registration_with_existing_email&#34;: [{&#34;extras&#34;: [], &#34;result&#34;: &#34;Passed&#34;, &#34;testId&#34;: &#34;tests/test_user_authentication.py::TestUserAuthentication::test_registration_with_existing_email&#34;, &#34;duration&#34;: &#34;00:00:21&#34;, &#34;resultsTableRow&#34;: [&#34;&lt;td class=\&#34;col-result\&#34;&gt;Passed&lt;/td&gt;&#34;, &#34;&lt;td class=\&#34;col-testId\&#34;&gt;tests/test_user_authentication.py::TestUserAuthentication::test_registration_with_existing_email&lt;/td&gt;&#34;, &#34;&lt;td class=\&#34;col-duration\&#34;&gt;00:00:21&lt;/td&gt;&#34;, &#34;&lt;td class=\&#34;col-links\&#34;&gt;&lt;/td&gt;&#34;], &#34;log&#34;: &#34;---------------------------- Captured stdout setup -----------------------------\n2025-09-13 17:43:20 | INFO | utils.logger:test_start:113 | \ud83d\ude80 Test Started: test_registration_with_existing_email\n2025-09-13 17:43:20 | INFO | utils.logger:info:62 | \u542f\u52a8 chrome \u6d4f\u89c8\u5668\uff0cheadless\u6a21\u5f0f: False\n\n----------------------------- Captured stdout call -----------------------------\ne_action:105 | \ud83d\udd04 Page Action: Opened page on &amp;#x27;https://automationexercise.com/login&amp;#x27;\n2025-09-13 17:43:31 | INFO | utils.logger:step:86 | \ud83d\udd38 STEP: Opened login page\n2025-09-13 17:43:31 | INFO | utils.logger:step:86 | \ud83d\udd38 STEP: Verifying login page loaded\n2025-09-13 17:43:31 | INFO | utils.logger:assertion:109 | \ud83d\udd0d Assertion: Element visibility | Expected: &amp;#x27;visible&amp;#x27; | Actual: &amp;#x27;visible&amp;#x27;\n2025-09-13 17:43:31 | INFO | utils.logger:assertion:109 | \ud83d\udd0d Assertion: Element visibility | Expected: &amp;#x27;visible&amp;#x27; | Actual: &amp;#x27;visible&amp;#x27;\n2025-09-13 17:43:31 | INFO | utils.logger:step:86 | \ud83d\udd38 STEP: Signing up new user: Test User\n2025-09-13 17:43:31 | INFO | utils.logger:step:86 | \ud83d\udd38 STEP: Filling signup form with name: Test User, email: existing@example.com\n2025-09-13 17:43:31 | INFO | utils.logger:page_action:105 | \ud83d\udd04 Page Action: Element visible on &amp;#x27;xpath=&amp;#x27;//input[@data-qa=&amp;#x27;signup-name&amp;#x27;]&amp;#x27;&amp;#x27;\n2025-09-13 17:43:31 | INFO | utils.logger:page_action:105 | \ud83d\udd04 Page Action: Sent keys on &amp;#x27;xpath=&amp;#x27;//input[@data-qa=&amp;#x27;signup-name&amp;#x27;]&amp;#x27; text=&amp;#x27;Test User&amp;#x27;&amp;#x27;\n2025-09-13 17:43:31 | INFO | utils.logger:page_action:105 | \ud83d\udd04 Page Action: Element visible on &amp;#x27;xpath=&amp;#x27;//input[@data-qa=&amp;#x27;signup-email&amp;#x27;]&amp;#x27;&amp;#x27;\n2025-09-13 17:43:31 | INFO | utils.logger:page_action:105 | \ud83d\udd04 Page Action: Sent keys on &amp;#x27;xpath=&amp;#x27;//input[@data-qa=&amp;#x27;signup-email&amp;#x27;]&amp;#x27; text=&amp;#x27;existing@example.com&amp;#x27;&amp;#x27;\n2025-09-13 17:43:31 | INFO | utils.logger:step:86 | \ud83d\udd38 STEP: Clicking signup button\n2025-09-13 17:43:31 | INFO | utils.logger:page_action:105 | \ud83d\udd04 Page Action: Element clickable on &amp;#x27;xpath=&amp;#x27;//button[@data-qa=&amp;#x27;signup-button&amp;#x27;]&amp;#x27;&amp;#x27;\n2025-09-13 17:43:36 | INFO | utils.logger:page_action:105 | \ud83d\udd04 Page Action: Clicked element on &amp;#x27;xpath=&amp;#x27;//button[@data-qa=&amp;#x27;signup-button&amp;#x27;]&amp;#x27;&amp;#x27;\n2025-09-13 17:43:38 | INFO | utils.logger:step:86 | \ud83d\udd38 STEP: Verifying email already exists error\n--------------------------- Captured stdout teardown ---------------------------\n2025-09-13 17:43:38 | INFO | utils.logger:info:62 | \u5173\u95ed\u6d4f\u89c8\u5668\n2025-09-13 17:43:41 | INFO | utils.logger:test_end:119 | \u23ed\ufe0f Test Finished: test_registration_with_existing_email - COMPLETED (21.22s)\n&#34;}], &#34;tests/test_user_authentication.py::TestUserAuthentication::test_registration_form_validation&#34;: [{&#34;extras&#34;: [], &#34;result&#34;: &#34;Passed&#34;, &#34;testId&#34;: &#34;tests/test_user_authentication.py::TestUserAuthentication::test_registration_form_validation&#34;, &#34;duration&#34;: &#34;00:00:16&#34;, &#34;resultsTableRow&#34;: [&#34;&lt;td class=\&#34;col-result\&#34;&gt;Passed&lt;/td&gt;&#34;, &#34;&lt;td class=\&#34;col-testId\&#34;&gt;tests/test_user_authentication.py::TestUserAuthentication::test_registration_form_validation&lt;/td&gt;&#34;, &#34;&lt;td class=\&#34;col-duration\&#34;&gt;00:00:16&lt;/td&gt;&#34;, &#34;&lt;td class=\&#34;col-links\&#34;&gt;&lt;/td&gt;&#34;], &#34;log&#34;: &#34;---------------------------- Captured stdout setup -----------------------------\n2025-09-13 17:43:41 | INFO | utils.logger:test_start:113 | \ud83d\ude80 Test Started: test_registration_form_validation\n2025-09-13 17:43:41 | INFO | utils.logger:info:62 | \u542f\u52a8 chrome \u6d4f\u89c8\u5668\uff0cheadless\u6a21\u5f0f: False\n\n----------------------------- Captured stdout call -----------------------------\n2025-09-13 17:43:51 | INFO | utils.logger:page_action:105 | \ud83d\udd04 Page Action: Page loaded\n2025-09-13 17:43:51 | INFO | utils.logger:page_action:105 | \ud83d\udd04 Page Action: Opened page on &amp;#x27;https://automationexercise.com/login&amp;#x27;\n2025-09-13 17:43:51 | INFO | utils.logger:step:86 | \ud83d\udd38 STEP: Opened login page\n2025-09-13 17:43:51 | INFO | utils.logger:step:86 | \ud83d\udd38 STEP: Verifying login page loaded\n2025-09-13 17:43:51 | INFO | utils.logger:assertion:109 | \ud83d\udd0d Assertion: Element visibility | Expected: &amp;#x27;visible&amp;#x27; | Actual: &amp;#x27;visible&amp;#x27;\n2025-09-13 17:43:51 | INFO | utils.logger:assertion:109 | \ud83d\udd0d Assertion: Element visibility | Expected: &amp;#x27;visible&amp;#x27; | Actual: &amp;#x27;visible&amp;#x27;\n2025-09-13 17:43:51 | INFO | utils.logger:step:86 | \ud83d\udd38 STEP: Verifying signup form fields\n2025-09-13 17:43:51 | INFO | utils.logger:assertion:109 | \ud83d\udd0d Assertion: Element visibility | Expected: &amp;#x27;visible&amp;#x27; | Actual: &amp;#x27;visible&amp;#x27;\n2025-09-13 17:43:51 | INFO | utils.logger:assertion:109 | \ud83d\udd0d Assertion: Element visibility | Expected: &amp;#x27;visible&amp;#x27; | Actual: &amp;#x27;visible&amp;#x27;\n2025-09-13 17:43:51 | INFO | utils.logger:assertion:109 | \ud83d\udd0d Assertion: Element visibility | Expected: &amp;#x27;visible&amp;#x27; | Actual: &amp;#x27;visible&amp;#x27;\n2025-09-13 17:43:51 | INFO | utils.logger:step:86 | \ud83d\udd38 STEP: Signing up new user: \n2025-09-13 17:43:51 | INFO | utils.logger:step:86 | \ud83d\udd38 STEP: Filling signup form with name: , email: \n2025-09-13 17:43:51 | INFO | utils.logger:page_action:105 | \ud83d\udd04 Page Action: Element visible on &amp;#x27;xpath=&amp;#x27;//input[@data-qa=&amp;#x27;signup-name&amp;#x27;]&amp;#x27;&amp;#x27;\n2025-09-13 17:43:51 | INFO | utils.logger:page_action:105 | \ud83d\udd04 Page Action: Sent keys on &amp;#x27;xpath=&amp;#x27;//input[@data-qa=&amp;#x27;signup-name&amp;#x27;]&amp;#x27; text=&amp;#x27;&amp;#x27;&amp;#x27;\n2025-09-13 17:43:51 | INFO | utils.logger:page_action:105 | \ud83d\udd04 Page Action: Element visible on &amp;#x27;xpath=&amp;#x27;//input[@data-qa=&amp;#x27;signup-email&amp;#x27;]&amp;#x27;&amp;#x27;\n2025-09-13 17:43:51 | INFO | utils.logger:page_action:105 | \ud83d\udd04 Page Action: Sent keys on &amp;#x27;xpath=&amp;#x27;//input[@data-qa=&amp;#x27;signup-email&amp;#x27;]&amp;#x27; text=&amp;#x27;&amp;#x27;&amp;#x27;\n2025-09-13 17:43:51 | INFO | utils.logger:step:86 | \ud83d\udd38 STEP: Clicking signup button\n2025-09-13 17:43:51 | INFO | utils.logger:page_action:105 | \ud83d\udd04 Page Action: Element clickable on &amp;#x27;xpath=&amp;#x27;//button[@data-qa=&amp;#x27;signup-button&amp;#x27;]&amp;#x27;&amp;#x27;\n2025-09-13 17:43:51 | INFO | utils.logger:page_action:105 | \ud83d\udd04 Page Action: Clicked element on &amp;#x27;xpath=&amp;#x27;//button[@data-qa=&amp;#x27;signup-button&amp;#x27;]&amp;#x27;&amp;#x27;\n2025-09-13 17:43:52 | INFO | utils.logger:step:86 | \ud83d\udd38 STEP: Clearing signup form\n2025-09-13 17:43:52 | INFO | utils.logger:page_action:105 | \ud83d\udd04 Page Action: Element visible on &amp;#x27;xpath=&amp;#x27;//input[@data-qa=&amp;#x27;signup-name&amp;#x27;]&amp;#x27;&amp;#x27;\n2025-09-13 17:43:53 | INFO | utils.logger:page_action:105 | \ud83d\udd04 Page Action: Sent keys on &amp;#x27;xpath=&amp;#x27;//input[@data-qa=&amp;#x27;signup-name&amp;#x27;]&amp;#x27; text=&amp;#x27;&amp;#x27;&amp;#x27;\n2025-09-13 17:43:53 | INFO | utils.logger:page_action:105 | \ud83d\udd04 Page Action: Element visible on &amp;#x27;xpath=&amp;#x27;//input[@data-qa=&amp;#x27;signup-email&amp;#x27;]&amp;#x27;&amp;#x27;\n2025-09-13 17:43:53 | INFO | utils.logger:page_action:105 | \ud83d\udd04 Page Action: Sent keys on &amp;#x27;xpath=&amp;#x27;//input[@data-qa=&amp;#x27;signup-email&amp;#x27;]&amp;#x27; text=&amp;#x27;&amp;#x27;&amp;#x27;\n2025-09-13 17:43:53 | INFO | utils.logger:step:86 | \ud83d\udd38 STEP: Signing up new user: Test User\n2025-09-13 17:43:53 | INFO | utils.logger:step:86 | \ud83d\udd38 STEP: Filling signup form with name: Test User, email: invalid-email\n2025-09-13 17:43:53 | INFO | utils.logger:page_action:105 | \ud83d\udd04 Page Action: Element visible on &amp;#x27;xpath=&amp;#x27;//input[@data-qa=&amp;#x27;signup-name&amp;#x27;]&amp;#x27;&amp;#x27;\n2025-09-13 17:43:53 | INFO | utils.logger:page_action:105 | \ud83d\udd04 Page Action: Sent keys on &amp;#x27;xpath=&amp;#x27;//input[@data-qa=&amp;#x27;signup-name&amp;#x27;]&amp;#x27; text=&amp;#x27;Test User&amp;#x27;&amp;#x27;\n2025-09-13 17:43:53 | INFO | utils.logger:page_action:105 | \ud83d\udd04 Page Action: Element visible on &amp;#x27;xpath=&amp;#x27;//input[@data-qa=&amp;#x27;signup-email&amp;#x27;]&amp;#x27;&amp;#x27;\n2025-09-13 17:43:53 | INFO | utils.logger:page_action:105 | \ud83d\udd04 Page Action: Sent keys on &amp;#x27;xpath=&amp;#x27;//input[@data-qa=&amp;#x27;signup-email&amp;#x27;]&amp;#x27; text=&amp;#x27;invalid-email&amp;#x27;&amp;#x27;\n2025-09-13 17:43:53 | INFO | utils.logger:step:86 | \ud83d\udd38 STEP: Clicking signup button\n2025-09-13 17:43:53 | INFO | utils.logger:page_action:105 | \ud83d\udd04 Page Action: Element clickable on &amp;#x27;xpath=&amp;#x27;//button[@data-qa=&amp;#x27;signup-button&amp;#x27;]&amp;#x27;&amp;#x27;\n2025-09-13 17:43:54 | INFO | utils.logger:page_action:105 | \ud83d\udd04 Page Action: Clicked element on &amp;#x27;xpath=&amp;#x27;//button[@data-qa=&amp;#x27;signup-button&amp;#x27;]&amp;#x27;&amp;#x27;\n--------------------------- Captured stdout teardown ---------------------------\n2025-09-13 17:43:55 | INFO | utils.logger:info:62 | \u5173\u95ed\u6d4f\u89c8\u5668\n2025-09-13 17:43:57 | INFO | utils.logger:test_end:119 | \u23ed\ufe0f Test Finished: test_registration_form_validation - COMPLETED (16.17s)\n&#34;}], &#34;tests/test_user_authentication.py::TestUserAuthentication::test_valid_user_login&#34;: [{&#34;extras&#34;: [], &#34;result&#34;: &#34;Rerun&#34;, &#34;testId&#34;: &#34;tests/test_user_authentication.py::TestUserAuthentication::test_valid_user_login&#34;, &#34;duration&#34;: &#34;00:01:07&#34;, &#34;resultsTableRow&#34;: [&#34;&lt;td class=\&#34;col-result\&#34;&gt;Rerun&lt;/td&gt;&#34;, &#34;&lt;td class=\&#34;col-testId\&#34;&gt;tests/test_user_authentication.py::TestUserAuthentication::test_valid_user_login&lt;/td&gt;&#34;, &#34;&lt;td class=\&#34;col-duration\&#34;&gt;00:01:07&lt;/td&gt;&#34;, &#34;&lt;td class=\&#34;col-links\&#34;&gt;&lt;/td&gt;&#34;], &#34;log&#34;: &#34;tests\\test_user_authentication.py:147: in test_valid_user_login\n    self.assert_with_screenshot(\ntests\\base_test.py:297: in assert_with_screenshot\n    assert condition, message\nE   AssertionError: \u767b\u5f55\u5e94\u8be5\u6210\u529f\u5e76\u8df3\u8f6c\uff0c\u4f46\u4ecd\u5728\u767b\u5f55\u9875\u9762: https://automationexercise.com/login\nE   assert False\n&#34;}, {&#34;extras&#34;: [], &#34;result&#34;: &#34;Rerun&#34;, &#34;testId&#34;: &#34;tests/test_user_authentication.py::TestUserAuthentication::test_valid_user_login&#34;, &#34;duration&#34;: &#34;00:01:07&#34;, &#34;resultsTableRow&#34;: [&#34;&lt;td class=\&#34;col-result\&#34;&gt;Rerun&lt;/td&gt;&#34;, &#34;&lt;td class=\&#34;col-testId\&#34;&gt;tests/test_user_authentication.py::TestUserAuthentication::test_valid_user_login&lt;/td&gt;&#34;, &#34;&lt;td class=\&#34;col-duration\&#34;&gt;00:01:07&lt;/td&gt;&#34;, &#34;&lt;td class=\&#34;col-links\&#34;&gt;&lt;/td&gt;&#34;], &#34;log&#34;: &#34;tests\\test_user_authentication.py:147: in test_valid_user_login\n    self.assert_with_screenshot(\ntests\\base_test.py:297: in assert_with_screenshot\n    assert condition, message\nE   AssertionError: \u767b\u5f55\u5e94\u8be5\u6210\u529f\u5e76\u8df3\u8f6c\uff0c\u4f46\u4ecd\u5728\u767b\u5f55\u9875\u9762: https://automationexercise.com/login\nE   assert False\n&#34;}, {&#34;extras&#34;: [], &#34;result&#34;: &#34;Failed&#34;, &#34;testId&#34;: &#34;tests/test_user_authentication.py::TestUserAuthentication::test_valid_user_login&#34;, &#34;duration&#34;: &#34;00:01:07&#34;, &#34;resultsTableRow&#34;: [&#34;&lt;td class=\&#34;col-result\&#34;&gt;Failed&lt;/td&gt;&#34;, &#34;&lt;td class=\&#34;col-testId\&#34;&gt;tests/test_user_authentication.py::TestUserAuthentication::test_valid_user_login&lt;/td&gt;&#34;, &#34;&lt;td class=\&#34;col-duration\&#34;&gt;00:01:07&lt;/td&gt;&#34;, &#34;&lt;td class=\&#34;col-links\&#34;&gt;&lt;/td&gt;&#34;], &#34;log&#34;: &#34;tests\\test_user_authentication.py:147: in test_valid_user_login\n    self.assert_with_screenshot(\ntests\\base_test.py:297: in assert_with_screenshot\n    assert condition, message\nE   AssertionError: \u767b\u5f55\u5e94\u8be5\u6210\u529f\u5e76\u8df3\u8f6c\uff0c\u4f46\u4ecd\u5728\u767b\u5f55\u9875\u9762: https://automationexercise.com/login\nE   assert False\n\n---------------------------- Captured stdout setup -----------------------------\n2025-09-13 17:43:57 | INFO | utils.logger:test_start:113 | \ud83d\ude80 Test Started: test_valid_user_login\n2025-09-13 17:43:57 | INFO | utils.logger:info:62 | \u542f\u52a8 chrome \u6d4f\u89c8\u5668\uff0cheadless\u6a21\u5f0f: False\n\n----------------------------- Captured stdout call -----------------------------\n2025-09-13 17:44:01 | INFO | utils.logger:data_operation:129 | \ud83d\udcca Data Operation: Loaded JSON data from data/users.json (JSON)\n2025-09-13 17:44:07 | INFO | utils.logger:page_action:105 | \ud83d\udd04 Page Action: Page loaded\n2025-09-13 17:44:07 | INFO | utils.logger:page_action:105 | \ud83d\udd04 Page Action: Opened page on &amp;#x27;https://automationexercise.com/login&amp;#x27;\n2025-09-13 17:44:07 | INFO | utils.logger:step:86 | \ud83d\udd38 STEP: Opened login page\n2025-09-13 17:44:07 | INFO | utils.logger:step:86 | \ud83d\udd38 STEP: Verifying login page loaded\n2025-09-13 17:44:07 | INFO | utils.logger:assertion:109 | \ud83d\udd0d Assertion: Element visibility | Expected: &amp;#x27;visible&amp;#x27; | Actual: &amp;#x27;visible&amp;#x27;\n2025-09-13 17:44:07 | INFO | utils.logger:assertion:109 | \ud83d\udd0d Assertion: Element visibility | Expected: &amp;#x27;visible&amp;#x27; | Actual: &amp;#x27;visible&amp;#x27;\n2025-09-13 17:44:07 | INFO | utils.logger:step:86 | \ud83d\udd38 STEP: Verifying login section visible\n2025-09-13 17:44:07 | INFO | utils.logger:assertion:109 | \ud83d\udd0d Assertion: Element visibility | Expected: &amp;#x27;visible&amp;#x27; | Actual: &amp;#x27;visible&amp;#x27;\n2025-09-13 17:44:07 | INFO | utils.logger:step:86 | \ud83d\udd38 STEP: Logging in user: testuser@example.com\n2025-09-13 17:44:07 | INFO | utils.logger:step:86 | \ud83d\udd38 STEP: Filling login form with email: testuser@example.com\n2025-09-13 17:44:07 | INFO | utils.logger:page_action:105 | \ud83d\udd04 Page Action: Element visible on &amp;#x27;xpath=&amp;#x27;//input[@data-qa=&amp;#x27;login-email&amp;#x27;]&amp;#x27;&amp;#x27;\n2025-09-13 17:44:07 | INFO | utils.logger:page_action:105 | \ud83d\udd04 Page Action: Sent keys on &amp;#x27;xpath=&amp;#x27;//input[@data-qa=&amp;#x27;login-email&amp;#x27;]&amp;#x27; text=&amp;#x27;testuser@example.com&amp;#x27;&amp;#x27;\n2025-09-13 17:44:07 | INFO | utils.logger:page_action:105 | \ud83d\udd04 Page Action: Element visible on &amp;#x27;xpath=&amp;#x27;//input[@data-qa=&amp;#x27;login-password&amp;#x27;]&amp;#x27;&amp;#x27;\n2025-09-13 17:44:08 | INFO | utils.logger:page_action:105 | \ud83d\udd04 Page Action: Sent keys on &amp;#x27;xpath=&amp;#x27;//input[@data-qa=&amp;#x27;login-password&amp;#x27;]&amp;#x27; text=&amp;#x27;Test123456&amp;#x27;&amp;#x27;\n2025-09-13 17:44:08 | INFO | utils.logger:step:86 | \ud83d\udd38 STEP: Clicking login button\n2025-09-13 17:44:08 | INFO | utils.logger:page_action:105 | \ud83d\udd04 Page Action: Element clickable on &amp;#x27;xpath=&amp;#x27;//button[@data-qa=&amp;#x27;login-button&amp;#x27;]&amp;#x27;&amp;#x27;\n2025-09-13 17:44:13 | INFO | utils.logger:page_action:105 | \ud83d\udd04 Page Action: Clicked element on &amp;#x27;xpath=&amp;#x27;//button[@data-qa=&amp;#x27;login-button&amp;#x27;]&amp;#x27;&amp;#x27;\n2025-09-13 17:44:16 | INFO | utils.logger:page_action:105 | \ud83d\udd04 Page Action: Took screenshot on &amp;#x27;reports/screenshots/assertion_failed.png&amp;#x27;\n\n--------------------------- Captured stdout teardown ---------------------------\n2025-09-13 17:44:17 | INFO | utils.logger:info:62 | \u5173\u95ed\u6d4f\u89c8\u5668\n2025-09-13 17:44:19 | INFO | utils.logger:test_end:119 | \u23ed\ufe0f Test Finished: test_valid_user_login - COMPLETED (21.80s)\n\n---------------------------- Captured stdout setup -----------------------------\n2025-09-13 17:44:22 | INFO | utils.logger:test_start:113 | \ud83d\ude80 Test Started: test_valid_user_login\n2025-09-13 17:44:22 | INFO | utils.logger:info:62 | \u542f\u52a8 chrome \u6d4f\u89c8\u5668\uff0cheadless\u6a21\u5f0f: False\n\n----------------------------- Captured stdout call -----------------------------\n2025-09-13 17:44:27 | INFO | utils.logger:data_operation:129 | \ud83d\udcca Data Operation: Loaded JSON data from data/users.json (JSON)\n2025-09-13 17:44:32 | INFO | utils.logger:page_action:105 | \ud83d\udd04 Page Action: Page loaded\n2025-09-13 17:44:32 | INFO | utils.logger:page_action:105 | \ud83d\udd04 Page Action: Opened page on &amp;#x27;https://automationexercise.com/login&amp;#x27;\n2025-09-13 17:44:32 | INFO | utils.logger:step:86 | \ud83d\udd38 STEP: Opened login page\n2025-09-13 17:44:32 | INFO | utils.logger:step:86 | \ud83d\udd38 STEP: Verifying login page loaded\n2025-09-13 17:44:32 | INFO | utils.logger:assertion:109 | \ud83d\udd0d Assertion: Element visibility | Expected: &amp;#x27;visible&amp;#x27; | Actual: &amp;#x27;visible&amp;#x27;\n2025-09-13 17:44:32 | INFO | utils.logger:assertion:109 | \ud83d\udd0d Assertion: Element visibility | Expected: &amp;#x27;visible&amp;#x27; | Actual: &amp;#x27;visible&amp;#x27;\n2025-09-13 17:44:32 | INFO | utils.logger:step:86 | \ud83d\udd38 STEP: Verifying login section visible\n2025-09-13 17:44:32 | INFO | utils.logger:assertion:109 | \ud83d\udd0d Assertion: Element visibility | Expected: &amp;#x27;visible&amp;#x27; | Actual: &amp;#x27;visible&amp;#x27;\n2025-09-13 17:44:32 | INFO | utils.logger:step:86 | \ud83d\udd38 STEP: Logging in user: testuser@example.com\n2025-09-13 17:44:32 | INFO | utils.logger:step:86 | \ud83d\udd38 STEP: Filling login form with email: testuser@example.com\n2025-09-13 17:44:32 | INFO | utils.logger:page_action:105 | \ud83d\udd04 Page Action: Element visible on &amp;#x27;xpath=&amp;#x27;//input[@data-qa=&amp;#x27;login-email&amp;#x27;]&amp;#x27;&amp;#x27;\n2025-09-13 17:44:32 | INFO | utils.logger:page_action:105 | \ud83d\udd04 Page Action: Sent keys on &amp;#x27;xpath=&amp;#x27;//input[@data-qa=&amp;#x27;login-email&amp;#x27;]&amp;#x27; text=&amp;#x27;testuser@example.com&amp;#x27;&amp;#x27;\n2025-09-13 17:44:32 | INFO | utils.logger:page_action:105 | \ud83d\udd04 Page Action: Element visible on &amp;#x27;xpath=&amp;#x27;//input[@data-qa=&amp;#x27;login-password&amp;#x27;]&amp;#x27;&amp;#x27;\n2025-09-13 17:44:33 | INFO | utils.logger:page_action:105 | \ud83d\udd04 Page Action: Sent keys on &amp;#x27;xpath=&amp;#x27;//input[@data-qa=&amp;#x27;login-password&amp;#x27;]&amp;#x27; text=&amp;#x27;Test123456&amp;#x27;&amp;#x27;\n2025-09-13 17:44:33 | INFO | utils.logger:step:86 | \ud83d\udd38 STEP: Clicking login button\n2025-09-13 17:44:33 | INFO | utils.logger:page_action:105 | \ud83d\udd04 Page Action: Element clickable on &amp;#x27;xpath=&amp;#x27;//button[@data-qa=&amp;#x27;login-button&amp;#x27;]&amp;#x27;&amp;#x27;\n2025-09-13 17:44:34 | INFO | utils.logger:page_action:105 | \ud83d\udd04 Page Action: Clicked element on &amp;#x27;xpath=&amp;#x27;//button[@data-qa=&amp;#x27;login-button&amp;#x27;]&amp;#x27;&amp;#x27;\n2025-09-13 17:44:38 | INFO | utils.logger:page_action:105 | \ud83d\udd04 Page Action: Took screenshot on &amp;#x27;reports/screenshots/assertion_failed.png&amp;#x27;\n\n--------------------------- Captured stdout teardown ---------------------------\n2025-09-13 17:44:38 | INFO | utils.logger:info:62 | \u5173\u95ed\u6d4f\u89c8\u5668\n2025-09-13 17:45:20 | INFO | utils.logger:test_end:119 | \u23ed\ufe0f Test Finished: test_valid_user_login - COMPLETED (58.35s)\n\n---------------------------- Captured stdout setup -----------------------------\n2025-09-13 17:45:23 | INFO | utils.logger:test_start:113 | \ud83d\ude80 Test Started: test_valid_user_login\n2025-09-13 17:45:23 | INFO | utils.logger:info:62 | \u542f\u52a8 chrome \u6d4f\u89c8\u5668\uff0cheadless\u6a21\u5f0f: False\n\n----------------------------- Captured stdout call -----------------------------\n2025-09-13 17:45:27 | INFO | utils.logger:data_operation:129 | \ud83d\udcca Data Operation: Loaded JSON data from data/users.json (JSON)\n2025-09-13 17:45:33 | INFO | utils.logger:page_action:105 | \ud83d\udd04 Page Action: Page loaded\n2025-09-13 17:45:33 | INFO | utils.logger:page_action:105 | \ud83d\udd04 Page Action: Opened page on &amp;#x27;https://automationexercise.com/login&amp;#x27;\n2025-09-13 17:45:33 | INFO | utils.logger:step:86 | \ud83d\udd38 STEP: Opened login page\n2025-09-13 17:45:33 | INFO | utils.logger:step:86 | \ud83d\udd38 STEP: Verifying login page loaded\n2025-09-13 17:45:33 | INFO | utils.logger:assertion:109 | \ud83d\udd0d Assertion: Element visibility | Expected: &amp;#x27;visible&amp;#x27; | Actual: &amp;#x27;visible&amp;#x27;\n2025-09-13 17:45:33 | INFO | utils.logger:assertion:109 | \ud83d\udd0d Assertion: Element visibility | Expected: &amp;#x27;visible&amp;#x27; | Actual: &amp;#x27;visible&amp;#x27;\n2025-09-13 17:45:33 | INFO | utils.logger:step:86 | \ud83d\udd38 STEP: Verifying login section visible\n2025-09-13 17:45:33 | INFO | utils.logger:assertion:109 | \ud83d\udd0d Assertion: Element visibility | Expected: &amp;#x27;visible&amp;#x27; | Actual: &amp;#x27;visible&amp;#x27;\n2025-09-13 17:45:33 | INFO | utils.logger:step:86 | \ud83d\udd38 STEP: Logging in user: testuser@example.com\n2025-09-13 17:45:33 | INFO | utils.logger:step:86 | \ud83d\udd38 STEP: Filling login form with email: testuser@example.com\n2025-09-13 17:45:33 | INFO | utils.logger:page_action:105 | \ud83d\udd04 Page Action: Element visible on &amp;#x27;xpath=&amp;#x27;//input[@data-qa=&amp;#x27;login-email&amp;#x27;]&amp;#x27;&amp;#x27;\n2025-09-13 17:45:33 | INFO | utils.logger:page_action:105 | \ud83d\udd04 Page Action: Sent keys on &amp;#x27;xpath=&amp;#x27;//input[@data-qa=&amp;#x27;login-email&amp;#x27;]&amp;#x27; text=&amp;#x27;testuser@example.com&amp;#x27;&amp;#x27;\n2025-09-13 17:45:33 | INFO | utils.logger:page_action:105 | \ud83d\udd04 Page Action: Element visible on &amp;#x27;xpath=&amp;#x27;//input[@data-qa=&amp;#x27;login-password&amp;#x27;]&amp;#x27;&amp;#x27;\n2025-09-13 17:45:33 | INFO | utils.logger:page_action:105 | \ud83d\udd04 Page Action: Sent keys on &amp;#x27;xpath=&amp;#x27;//input[@data-qa=&amp;#x27;login-password&amp;#x27;]&amp;#x27; text=&amp;#x27;Test123456&amp;#x27;&amp;#x27;\n2025-09-13 17:45:33 | INFO | utils.logger:step:86 | \ud83d\udd38 STEP: Clicking login button\n2025-09-13 17:45:33 | INFO | utils.logger:page_action:105 | \ud83d\udd04 Page Action: Element clickable on &amp;#x27;xpath=&amp;#x27;//button[@data-qa=&amp;#x27;login-button&amp;#x27;]&amp;#x27;&amp;#x27;\n2025-09-13 17:45:38 | INFO | utils.logger:page_action:105 | \ud83d\udd04 Page Action: Clicked element on &amp;#x27;xpath=&amp;#x27;//button[@data-qa=&amp;#x27;login-button&amp;#x27;]&amp;#x27;&amp;#x27;\n2025-09-13 17:45:41 | INFO | utils.logger:page_action:105 | \ud83d\udd04 Page Action: Took screenshot on &amp;#x27;reports/screenshots/assertion_failed.png&amp;#x27;\n--------------------------- Captured stdout teardown ---------------------------\n2025-09-13 17:44:17 | INFO | utils.logger:info:62 | \u5173\u95ed\u6d4f\u89c8\u5668\n2025-09-13 17:44:19 | INFO | utils.logger:test_end:119 | \u23ed\ufe0f Test Finished: test_valid_user_login - COMPLETED (21.80s)\n\n--------------------------- Captured stdout teardown ---------------------------\n2025-09-13 17:44:38 | INFO | utils.logger:info:62 | \u5173\u95ed\u6d4f\u89c8\u5668\n2025-09-13 17:45:20 | INFO | utils.logger:test_end:119 | \u23ed\ufe0f Test Finished: test_valid_user_login - COMPLETED (58.35s)\n\n--------------------------- Captured stdout teardown ---------------------------\n2025-09-13 17:45:41 | INFO | utils.logger:info:62 | \u5173\u95ed\u6d4f\u89c8\u5668\n2025-09-13 17:46:30 | INFO | utils.logger:test_end:119 | \u23ed\ufe0f Test Finished: test_valid_user_login - COMPLETED (66.64s)\n&#34;}], &#34;tests/test_user_authentication.py::TestUserAuthentication::test_invalid_user_login&#34;: [{&#34;extras&#34;: [], &#34;result&#34;: &#34;Passed&#34;, &#34;testId&#34;: &#34;tests/test_user_authentication.py::TestUserAuthentication::test_invalid_user_login&#34;, &#34;duration&#34;: &#34;00:00:36&#34;, &#34;resultsTableRow&#34;: [&#34;&lt;td class=\&#34;col-result\&#34;&gt;Passed&lt;/td&gt;&#34;, &#34;&lt;td class=\&#34;col-testId\&#34;&gt;tests/test_user_authentication.py::TestUserAuthentication::test_invalid_user_login&lt;/td&gt;&#34;, &#34;&lt;td class=\&#34;col-duration\&#34;&gt;00:00:36&lt;/td&gt;&#34;, &#34;&lt;td class=\&#34;col-links\&#34;&gt;&lt;/td&gt;&#34;], &#34;log&#34;: &#34;---------------------------- Captured stdout setup -----------------------------\n2025-09-13 17:46:30 | INFO | utils.logger:test_start:113 | \ud83d\ude80 Test Started: test_invalid_user_login\n2025-09-13 17:46:30 | INFO | utils.logger:info:62 | \u542f\u52a8 chrome \u6d4f\u89c8\u5668\uff0cheadless\u6a21\u5f0f: False\n\n----------------------------- Captured stdout call -----------------------------\n2025-09-13 17:46:40 | INFO | utils.logger:page_action:105 | \ud83d\udd04 Page Action: Page loaded\n2025-09-13 17:46:40 | INFO | utils.logger:page_action:105 | \ud83d\udd04 Page Action: Opened page on &amp;#x27;https://automationexercise.com/login&amp;#x27;\n2025-09-13 17:46:40 | INFO | utils.logger:step:86 | \ud83d\udd38 STEP: Opened login page\n2025-09-13 17:46:40 | INFO | utils.logger:step:86 | \ud83d\udd38 STEP: Verifying login page loaded\n2025-09-13 17:46:40 | INFO | utils.logger:assertion:109 | \ud83d\udd0d Assertion: Element visibility | Expected: &amp;#x27;visible&amp;#x27; | Actual: &amp;#x27;visible&amp;#x27;\n2025-09-13 17:46:40 | INFO | utils.logger:assertion:109 | \ud83d\udd0d Assertion: Element visibility | Expected: &amp;#x27;visible&amp;#x27; | Actual: &amp;#x27;visible&amp;#x27;\n2025-09-13 17:46:40 | INFO | utils.logger:step:86 | \ud83d\udd38 STEP: Logging in user: invalid@email.com\n2025-09-13 17:46:40 | INFO | utils.logger:step:86 | \ud83d\udd38 STEP: Filling login form with email: invalid@email.com\n2025-09-13 17:46:40 | INFO | utils.logger:page_action:105 | \ud83d\udd04 Page Action: Element visible on &amp;#x27;xpath=&amp;#x27;//input[@data-qa=&amp;#x27;login-email&amp;#x27;]&amp;#x27;&amp;#x27;\n2025-09-13 17:46:40 | INFO | utils.logger:page_action:105 | \ud83d\udd04 Page Action: Sent keys on &amp;#x27;xpath=&amp;#x27;//input[@data-qa=&amp;#x27;login-email&amp;#x27;]&amp;#x27; text=&amp;#x27;invalid@email.com&amp;#x27;&amp;#x27;\n2025-09-13 17:46:40 | INFO | utils.logger:page_action:105 | \ud83d\udd04 Page Action: Element visible on &amp;#x27;xpath=&amp;#x27;//input[@data-qa=&amp;#x27;login-password&amp;#x27;]&amp;#x27;&amp;#x27;\n2025-09-13 17:46:40 | INFO | utils.logger:page_action:105 | \ud83d\udd04 Page Action: Sent keys on &amp;#x27;xpath=&amp;#x27;//input[@data-qa=&amp;#x27;login-password&amp;#x27;]&amp;#x27; text=&amp;#x27;wrongpassword&amp;#x27;&amp;#x27;\n2025-09-13 17:46:40 | INFO | utils.logger:step:86 | \ud83d\udd38 STEP: Clicking login button\n2025-09-13 17:46:40 | INFO | utils.logger:page_action:105 | \ud83d\udd04 Page Action: Element clickable on &amp;#x27;xpath=&amp;#x27;//button[@data-qa=&amp;#x27;login-button&amp;#x27;]&amp;#x27;&amp;#x27;\n2025-09-13 17:46:45 | INFO | utils.logger:page_action:105 | \ud83d\udd04 Page Action: Clicked element on &amp;#x27;xpath=&amp;#x27;//button[@data-qa=&amp;#x27;login-button&amp;#x27;]&amp;#x27;&amp;#x27;\n2025-09-13 17:46:47 | INFO | utils.logger:step:86 | \ud83d\udd38 STEP: Verifying incorrect login error\n2025-09-13 17:46:47 | INFO | utils.logger:assertion:109 | \ud83d\udd0d Assertion: Element visibility | Expected: &amp;#x27;visible&amp;#x27; | Actual: &amp;#x27;visible&amp;#x27;\n--------------------------- Captured stdout teardown ---------------------------\n2025-09-13 17:46:47 | INFO | utils.logger:info:62 | \u5173\u95ed\u6d4f\u89c8\u5668\n2025-09-13 17:47:06 | INFO | utils.logger:test_end:119 | \u23ed\ufe0f Test Finished: test_invalid_user_login - COMPLETED (35.88s)\n&#34;}], &#34;tests/test_user_authentication.py::TestUserAuthentication::test_empty_credentials_login&#34;: [{&#34;extras&#34;: [], &#34;result&#34;: &#34;Passed&#34;, &#34;testId&#34;: &#34;tests/test_user_authentication.py::TestUserAuthentication::test_empty_credentials_login&#34;, &#34;duration&#34;: &#34;00:00:19&#34;, &#34;resultsTableRow&#34;: [&#34;&lt;td class=\&#34;col-result\&#34;&gt;Passed&lt;/td&gt;&#34;, &#34;&lt;td class=\&#34;col-testId\&#34;&gt;tests/test_user_authentication.py::TestUserAuthentication::test_empty_credentials_login&lt;/td&gt;&#34;, &#34;&lt;td class=\&#34;col-duration\&#34;&gt;00:00:19&lt;/td&gt;&#34;, &#34;&lt;td class=\&#34;col-links\&#34;&gt;&lt;/td&gt;&#34;], &#34;log&#34;: &#34;---------------------------- Captured stdout setup -----------------------------\n2025-09-13 17:47:06 | INFO | utils.logger:test_start:113 | \ud83d\ude80 Test Started: test_empty_credentials_login\n2025-09-13 17:47:06 | INFO | utils.logger:info:62 | \u542f\u52a8 chrome \u6d4f\u89c8\u5668\uff0cheadless\u6a21\u5f0f: False\n\n----------------------------- Captured stdout call -----------------------------\n2025-09-13 17:47:19 | INFO | utils.logger:page_action:105 | \ud83d\udd04 Page Action: Page loaded\n2025-09-13 17:47:19 | INFO | utils.logger:page_action:105 | \ud83d\udd04 Page Action: Opened page on &amp;#x27;https://automationexercise.com/login&amp;#x27;\n2025-09-13 17:47:19 | INFO | utils.logger:step:86 | \ud83d\udd38 STEP: Opened login page\n2025-09-13 17:47:19 | INFO | utils.logger:step:86 | \ud83d\udd38 STEP: Verifying login page loaded\n2025-09-13 17:47:19 | INFO | utils.logger:assertion:109 | \ud83d\udd0d Assertion: Element visibility | Expected: &amp;#x27;visible&amp;#x27; | Actual: &amp;#x27;visible&amp;#x27;\n2025-09-13 17:47:19 | INFO | utils.logger:assertion:109 | \ud83d\udd0d Assertion: Element visibility | Expected: &amp;#x27;visible&amp;#x27; | Actual: &amp;#x27;visible&amp;#x27;\n2025-09-13 17:47:19 | INFO | utils.logger:step:86 | \ud83d\udd38 STEP: Logging in user: \n2025-09-13 17:47:19 | INFO | utils.logger:step:86 | \ud83d\udd38 STEP: Filling login form with email: \n2025-09-13 17:47:19 | INFO | utils.logger:page_action:105 | \ud83d\udd04 Page Action: Element visible on &amp;#x27;xpath=&amp;#x27;//input[@data-qa=&amp;#x27;login-email&amp;#x27;]&amp;#x27;&amp;#x27;\n2025-09-13 17:47:20 | INFO | utils.logger:page_action:105 | \ud83d\udd04 Page Action: Sent keys on &amp;#x27;xpath=&amp;#x27;//input[@data-qa=&amp;#x27;login-email&amp;#x27;]&amp;#x27; text=&amp;#x27;&amp;#x27;&amp;#x27;\n2025-09-13 17:47:20 | INFO | utils.logger:page_action:105 | \ud83d\udd04 Page Action: Element visible on &amp;#x27;xpath=&amp;#x27;//input[@data-qa=&amp;#x27;login-password&amp;#x27;]&amp;#x27;&amp;#x27;\n2025-09-13 17:47:20 | INFO | utils.logger:page_action:105 | \ud83d\udd04 Page Action: Sent keys on &amp;#x27;xpath=&amp;#x27;//input[@data-qa=&amp;#x27;login-password&amp;#x27;]&amp;#x27; text=&amp;#x27;&amp;#x27;&amp;#x27;\n2025-09-13 17:47:20 | INFO | utils.logger:step:86 | \ud83d\udd38 STEP: Clicking login button\n2025-09-13 17:47:20 | INFO | utils.logger:page_action:105 | \ud83d\udd04 Page Action: Element clickable on &amp;#x27;xpath=&amp;#x27;//button[@data-qa=&amp;#x27;login-button&amp;#x27;]&amp;#x27;&amp;#x27;\n2025-09-13 17:47:20 | INFO | utils.logger:page_action:105 | \ud83d\udd04 Page Action: Clicked element on &amp;#x27;xpath=&amp;#x27;//button[@data-qa=&amp;#x27;login-button&amp;#x27;]&amp;#x27;&amp;#x27;\n--------------------------- Captured stdout teardown ---------------------------\n2025-09-13 17:47:22 | INFO | utils.logger:info:62 | \u5173\u95ed\u6d4f\u89c8\u5668\n2025-09-13 17:47:25 | INFO | utils.logger:test_end:119 | \u23ed\ufe0f Test Finished: test_empty_credentials_login - COMPLETED (19.06s)\n&#34;}], &#34;tests/test_user_authentication.py::TestUserAuthentication::test_login_form_validation&#34;: [{&#34;extras&#34;: [], &#34;result&#34;: &#34;Passed&#34;, &#34;testId&#34;: &#34;tests/test_user_authentication.py::TestUserAuthentication::test_login_form_validation&#34;, &#34;duration&#34;: &#34;00:00:12&#34;, &#34;resultsTableRow&#34;: [&#34;&lt;td class=\&#34;col-result\&#34;&gt;Passed&lt;/td&gt;&#34;, &#34;&lt;td class=\&#34;col-testId\&#34;&gt;tests/test_user_authentication.py::TestUserAuthentication::test_login_form_validation&lt;/td&gt;&#34;, &#34;&lt;td class=\&#34;col-duration\&#34;&gt;00:00:12&lt;/td&gt;&#34;, &#34;&lt;td class=\&#34;col-links\&#34;&gt;&lt;/td&gt;&#34;], &#34;log&#34;: &#34;---------------------------- Captured stdout setup -----------------------------\n2025-09-13 17:47:25 | INFO | utils.logger:test_start:113 | \ud83d\ude80 Test Started: test_login_form_validation\n2025-09-13 17:47:25 | INFO | utils.logger:info:62 | \u542f\u52a8 chrome \u6d4f\u89c8\u5668\uff0cheadless\u6a21\u5f0f: False\n\n----------------------------- Captured stdout call -----------------------------\n2025-09-13 17:47:35 | INFO | utils.logger:page_action:105 | \ud83d\udd04 Page Action: Page loaded\n2025-09-13 17:47:35 | INFO | utils.logger:page_action:105 | \ud83d\udd04 Page Action: Opened page on &amp;#x27;https://automationexercise.com/login&amp;#x27;\n2025-09-13 17:47:35 | INFO | utils.logger:step:86 | \ud83d\udd38 STEP: Opened login page\n2025-09-13 17:47:35 | INFO | utils.logger:step:86 | \ud83d\udd38 STEP: Verifying login page loaded\n2025-09-13 17:47:35 | INFO | utils.logger:assertion:109 | \ud83d\udd0d Assertion: Element visibility | Expected: &amp;#x27;visible&amp;#x27; | Actual: &amp;#x27;visible&amp;#x27;\n2025-09-13 17:47:35 | INFO | utils.logger:assertion:109 | \ud83d\udd0d Assertion: Element visibility | Expected: &amp;#x27;visible&amp;#x27; | Actual: &amp;#x27;visible&amp;#x27;\n2025-09-13 17:47:35 | INFO | utils.logger:step:86 | \ud83d\udd38 STEP: Verifying login form fields\n2025-09-13 17:47:35 | INFO | utils.logger:assertion:109 | \ud83d\udd0d Assertion: Element visibility | Expected: &amp;#x27;visible&amp;#x27; | Actual: &amp;#x27;visible&amp;#x27;\n2025-09-13 17:47:35 | INFO | utils.logger:assertion:109 | \ud83d\udd0d Assertion: Element visibility | Expected: &amp;#x27;visible&amp;#x27; | Actual: &amp;#x27;visible&amp;#x27;\n2025-09-13 17:47:35 | INFO | utils.logger:assertion:109 | \ud83d\udd0d Assertion: Element visibility | Expected: &amp;#x27;visible&amp;#x27; | Actual: &amp;#x27;visible&amp;#x27;\n2025-09-13 17:47:35 | INFO | utils.logger:step:86 | \ud83d\udd38 STEP: Filling login form with email: test@example.com\n2025-09-13 17:47:35 | INFO | utils.logger:page_action:105 | \ud83d\udd04 Page Action: Element visible on &amp;#x27;xpath=&amp;#x27;//input[@data-qa=&amp;#x27;login-email&amp;#x27;]&amp;#x27;&amp;#x27;\n2025-09-13 17:47:35 | INFO | utils.logger:page_action:105 | \ud83d\udd04 Page Action: Sent keys on &amp;#x27;xpath=&amp;#x27;//input[@data-qa=&amp;#x27;login-email&amp;#x27;]&amp;#x27; text=&amp;#x27;test@example.com&amp;#x27;&amp;#x27;\n2025-09-13 17:47:35 | INFO | utils.logger:page_action:105 | \ud83d\udd04 Page Action: Element visible on &amp;#x27;xpath=&amp;#x27;//input[@data-qa=&amp;#x27;login-password&amp;#x27;]&amp;#x27;&amp;#x27;\n2025-09-13 17:47:35 | INFO | utils.logger:page_action:105 | \ud83d\udd04 Page Action: Sent keys on &amp;#x27;xpath=&amp;#x27;//input[@data-qa=&amp;#x27;login-password&amp;#x27;]&amp;#x27; text=&amp;#x27;testpass&amp;#x27;&amp;#x27;\n2025-09-13 17:47:35 | INFO | utils.logger:page_action:105 | \ud83d\udd04 Page Action: Element visible on &amp;#x27;xpath=&amp;#x27;//input[@data-qa=&amp;#x27;login-email&amp;#x27;]&amp;#x27;&amp;#x27;\n--------------------------- Captured stdout teardown ---------------------------\n2025-09-13 17:47:35 | INFO | utils.logger:page_action:105 | \ud83d\udd04 Page Action: Got attribute on &amp;#x27;xpath=&amp;#x27;//input[@data-qa=&amp;#x27;login-email&amp;#x27;]&amp;#x27; value=&amp;#x27;test@example.com&amp;#x27;&amp;#x27;\n2025-09-13 17:47:35 | INFO | utils.logger:info:62 | \u5173\u95ed\u6d4f\u89c8\u5668\n&#34;}], &#34;tests/test_user_authentication.py::TestUserAuthentication::test_login_parametrized[testuser@example.com-Test123456-success]&#34;: [{&#34;extras&#34;: [], &#34;result&#34;: &#34;Rerun&#34;, &#34;testId&#34;: &#34;tests/test_user_authentication.py::TestUserAuthentication::test_login_parametrized[testuser@example.com-Test123456-success]&#34;, &#34;duration&#34;: &#34;00:00:17&#34;, &#34;resultsTableRow&#34;: [&#34;&lt;td class=\&#34;col-result\&#34;&gt;Rerun&lt;/td&gt;&#34;, &#34;&lt;td class=\&#34;col-testId\&#34;&gt;tests/test_user_authentication.py::TestUserAuthentication::test_login_parametrized[testuser@example.com-Test123456-success]&lt;/td&gt;&#34;, &#34;&lt;td class=\&#34;col-duration\&#34;&gt;00:00:17&lt;/td&gt;&#34;, &#34;&lt;td class=\&#34;col-links\&#34;&gt;&lt;/td&gt;&#34;], &#34;log&#34;: &#34;tests\\test_user_authentication.py:241: in test_login_parametrized\n    self.assert_with_screenshot(\ntests\\base_test.py:297: in assert_with_screenshot\n    assert condition, message\nE   AssertionError: \u6709\u6548\u51ed\u636e\u767b\u5f55\u5e94\u8be5\u6210\u529f\uff0c\u5f53\u524dURL: https://automationexercise.com/login\nE   assert False\n&#34;}, {&#34;extras&#34;: [], &#34;result&#34;: &#34;Rerun&#34;, &#34;testId&#34;: &#34;tests/test_user_authentication.py::TestUserAuthentication::test_login_parametrized[testuser@example.com-Test123456-success]&#34;, &#34;duration&#34;: &#34;00:00:17&#34;, &#34;resultsTableRow&#34;: [&#34;&lt;td class=\&#34;col-result\&#34;&gt;Rerun&lt;/td&gt;&#34;, &#34;&lt;td class=\&#34;col-testId\&#34;&gt;tests/test_user_authentication.py::TestUserAuthentication::test_login_parametrized[testuser@example.com-Test123456-success]&lt;/td&gt;&#34;, &#34;&lt;td class=\&#34;col-duration\&#34;&gt;00:00:17&lt;/td&gt;&#34;, &#34;&lt;td class=\&#34;col-links\&#34;&gt;&lt;/td&gt;&#34;], &#34;log&#34;: &#34;tests\\test_user_authentication.py:241: in test_login_parametrized\n    self.assert_with_screenshot(\ntests\\base_test.py:297: in assert_with_screenshot\n    assert condition, message\nE   AssertionError: \u6709\u6548\u51ed\u636e\u767b\u5f55\u5e94\u8be5\u6210\u529f\uff0c\u5f53\u524dURL: https://automationexercise.com/login\nE   assert False\n&#34;}, {&#34;extras&#34;: [], &#34;result&#34;: &#34;Failed&#34;, &#34;testId&#34;: &#34;tests/test_user_authentication.py::TestUserAuthentication::test_login_parametrized[testuser@example.com-Test123456-success]&#34;, &#34;duration&#34;: &#34;00:00:17&#34;, &#34;resultsTableRow&#34;: [&#34;&lt;td class=\&#34;col-result\&#34;&gt;Failed&lt;/td&gt;&#34;, &#34;&lt;td class=\&#34;col-testId\&#34;&gt;tests/test_user_authentication.py::TestUserAuthentication::test_login_parametrized[testuser@example.com-Test123456-success]&lt;/td&gt;&#34;, &#34;&lt;td class=\&#34;col-duration\&#34;&gt;00:00:17&lt;/td&gt;&#34;, &#34;&lt;td class=\&#34;col-links\&#34;&gt;&lt;/td&gt;&#34;], &#34;log&#34;: &#34;tests\\test_user_authentication.py:241: in test_login_parametrized\n    self.assert_with_screenshot(\ntests\\base_test.py:297: in assert_with_screenshot\n    assert condition, message\nE   AssertionError: \u6709\u6548\u51ed\u636e\u767b\u5f55\u5e94\u8be5\u6210\u529f\uff0c\u5f53\u524dURL: https://automationexercise.com/login\nE   assert False\n\n---------------------------- Captured stdout setup -----------------------------\n2025-09-13 17:47:37 | INFO | utils.logger:test_end:119 | \u23ed\ufe0f Test Finished: test_login_form_validation - COMPLETED (12.42s)\n2025-09-13 17:47:37 | INFO | utils.logger:test_start:113 | \ud83d\ude80 Test Started: test_login_parametrized\n2025-09-13 17:47:37 | INFO | utils.logger:info:62 | \u542f\u52a8 chrome \u6d4f\u89c8\u5668\uff0cheadless\u6a21\u5f0f: False\n\n----------------------------- Captured stdout call -----------------------------\n2025-09-13 17:47:47 | INFO | utils.logger:page_action:105 | \ud83d\udd04 Page Action: Page loaded\n2025-09-13 17:47:47 | INFO | utils.logger:page_action:105 | \ud83d\udd04 Page Action: Opened page on &amp;#x27;https://automationexercise.com/login&amp;#x27;\n2025-09-13 17:47:47 | INFO | utils.logger:step:86 | \ud83d\udd38 STEP: Opened login page\n2025-09-13 17:47:47 | INFO | utils.logger:step:86 | \ud83d\udd38 STEP: Verifying login page loaded\n2025-09-13 17:47:47 | INFO | utils.logger:assertion:109 | \ud83d\udd0d Assertion: Element visibility | Expected: &amp;#x27;visible&amp;#x27; | Actual: &amp;#x27;visible&amp;#x27;\n2025-09-13 17:47:47 | INFO | utils.logger:assertion:109 | \ud83d\udd0d Assertion: Element visibility | Expected: &amp;#x27;visible&amp;#x27; | Actual: &amp;#x27;visible&amp;#x27;\n2025-09-13 17:47:47 | INFO | utils.logger:step:86 | \ud83d\udd38 STEP: Logging in user: testuser@example.com\n2025-09-13 17:47:47 | INFO | utils.logger:step:86 | \ud83d\udd38 STEP: Filling login form with email: testuser@example.com\n2025-09-13 17:47:48 | INFO | utils.logger:page_action:105 | \ud83d\udd04 Page Action: Element visible on &amp;#x27;xpath=&amp;#x27;//input[@data-qa=&amp;#x27;login-email&amp;#x27;]&amp;#x27;&amp;#x27;\n2025-09-13 17:47:48 | INFO | utils.logger:page_action:105 | \ud83d\udd04 Page Action: Sent keys on &amp;#x27;xpath=&amp;#x27;//input[@data-qa=&amp;#x27;login-email&amp;#x27;]&amp;#x27; text=&amp;#x27;testuser@example.com&amp;#x27;&amp;#x27;\n2025-09-13 17:47:48 | INFO | utils.logger:page_action:105 | \ud83d\udd04 Page Action: Element visible on &amp;#x27;xpath=&amp;#x27;//input[@data-qa=&amp;#x27;login-password&amp;#x27;]&amp;#x27;&amp;#x27;\n2025-09-13 17:47:48 | INFO | utils.logger:page_action:105 | \ud83d\udd04 Page Action: Sent keys on &amp;#x27;xpath=&amp;#x27;//input[@data-qa=&amp;#x27;login-password&amp;#x27;]&amp;#x27; text=&amp;#x27;Test123456&amp;#x27;&amp;#x27;\n2025-09-13 17:47:48 | INFO | utils.logger:step:86 | \ud83d\udd38 STEP: Clicking login button\n2025-09-13 17:47:48 | INFO | utils.logger:page_action:105 | \ud83d\udd04 Page Action: Element clickable on &amp;#x27;xpath=&amp;#x27;//button[@data-qa=&amp;#x27;login-button&amp;#x27;]&amp;#x27;&amp;#x27;\n2025-09-13 17:47:52 | INFO | utils.logger:page_action:105 | \ud83d\udd04 Page Action: Clicked element on &amp;#x27;xpath=&amp;#x27;//button[@data-qa=&amp;#x27;login-button&amp;#x27;]&amp;#x27;&amp;#x27;\n2025-09-13 17:47:55 | INFO | utils.logger:page_action:105 | \ud83d\udd04 Page Action: Took screenshot on &amp;#x27;reports/screenshots/assertion_failed.png&amp;#x27;\n\n--------------------------- Captured stdout teardown ---------------------------\n2025-09-13 17:47:55 | INFO | utils.logger:info:62 | \u5173\u95ed\u6d4f\u89c8\u5668\n2025-09-13 17:47:58 | INFO | utils.logger:test_end:119 | \u23ed\ufe0f Test Finished: test_login_parametrized - COMPLETED (20.46s)\n\n---------------------------- Captured stdout setup -----------------------------\n2025-09-13 17:48:01 | INFO | utils.logger:test_start:113 | \ud83d\ude80 Test Started: test_login_parametrized\n2025-09-13 17:48:01 | INFO | utils.logger:info:62 | \u542f\u52a8 chrome \u6d4f\u89c8\u5668\uff0cheadless\u6a21\u5f0f: False\n\n----------------------------- Captured stdout call -----------------------------\n2025-09-13 17:48:13 | INFO | utils.logger:page_action:105 | \ud83d\udd04 Page Action: Page loaded\n2025-09-13 17:48:13 | INFO | utils.logger:page_action:105 | \ud83d\udd04 Page Action: Opened page on &amp;#x27;https://automationexercise.com/login&amp;#x27;\n2025-09-13 17:48:13 | INFO | utils.logger:step:86 | \ud83d\udd38 STEP: Opened login page\n2025-09-13 17:48:13 | INFO | utils.logger:step:86 | \ud83d\udd38 STEP: Verifying login page loaded\n2025-09-13 17:48:13 | INFO | utils.logger:assertion:109 | \ud83d\udd0d Assertion: Element visibility | Expected: &amp;#x27;visible&amp;#x27; | Actual: &amp;#x27;visible&amp;#x27;\n2025-09-13 17:48:13 | INFO | utils.logger:assertion:109 | \ud83d\udd0d Assertion: Element visibility | Expected: &amp;#x27;visible&amp;#x27; | Actual: &amp;#x27;visible&amp;#x27;\n2025-09-13 17:48:13 | INFO | utils.logger:step:86 | \ud83d\udd38 STEP: Logging in user: testuser@example.com\n2025-09-13 17:48:13 | INFO | utils.logger:step:86 | \ud83d\udd38 STEP: Filling login form with email: testuser@example.com\n2025-09-13 17:48:13 | INFO | utils.logger:page_action:105 | \ud83d\udd04 Page Action: Element visible on &amp;#x27;xpath=&amp;#x27;//input[@data-qa=&amp;#x27;login-email&amp;#x27;]&amp;#x27;&amp;#x27;\n2025-09-13 17:48:14 | INFO | utils.logger:page_action:105 | \ud83d\udd04 Page Action: Sent keys on &amp;#x27;xpath=&amp;#x27;//input[@data-qa=&amp;#x27;login-email&amp;#x27;]&amp;#x27; text=&amp;#x27;testuser@example.com&amp;#x27;&amp;#x27;\n2025-09-13 17:48:14 | INFO | utils.logger:page_action:105 | \ud83d\udd04 Page Action: Element visible on &amp;#x27;xpath=&amp;#x27;//input[@data-qa=&amp;#x27;login-password&amp;#x27;]&amp;#x27;&amp;#x27;\n2025-09-13 17:48:14 | INFO | utils.logger:page_action:105 | \ud83d\udd04 Page Action: Sent keys on &amp;#x27;xpath=&amp;#x27;//input[@data-qa=&amp;#x27;login-password&amp;#x27;]&amp;#x27; text=&amp;#x27;Test123456&amp;#x27;&amp;#x27;\n2025-09-13 17:48:14 | INFO | utils.logger:step:86 | \ud83d\udd38 STEP: Clicking login button\n2025-09-13 17:48:14 | INFO | utils.logger:page_action:105 | \ud83d\udd04 Page Action: Element clickable on &amp;#x27;xpath=&amp;#x27;//button[@data-qa=&amp;#x27;login-button&amp;#x27;]&amp;#x27;&amp;#x27;\n2025-09-13 17:48:18 | INFO | utils.logger:page_action:105 | \ud83d\udd04 Page Action: Clicked element on &amp;#x27;xpath=&amp;#x27;//button[@data-qa=&amp;#x27;login-button&amp;#x27;]&amp;#x27;&amp;#x27;\n2025-09-13 17:48:21 | INFO | utils.logger:page_action:105 | \ud83d\udd04 Page Action: Took screenshot on &amp;#x27;reports/screenshots/assertion_failed.png&amp;#x27;\n\n--------------------------- Captured stdout teardown ---------------------------\n2025-09-13 17:48:34 | INFO | utils.logger:info:62 | \u5173\u95ed\u6d4f\u89c8\u5668\n2025-09-13 17:48:36 | INFO | utils.logger:test_end:119 | \u23ed\ufe0f Test Finished: test_login_parametrized - COMPLETED (35.11s)\n\n---------------------------- Captured stdout setup -----------------------------\n2025-09-13 17:48:39 | INFO | utils.logger:test_start:113 | \ud83d\ude80 Test Started: test_login_parametrized\n2025-09-13 17:48:39 | INFO | utils.logger:info:62 | \u542f\u52a8 chrome \u6d4f\u89c8\u5668\uff0cheadless\u6a21\u5f0f: False\n\n----------------------------- Captured stdout call -----------------------------\n2025-09-13 17:48:49 | INFO | utils.logger:page_action:105 | \ud83d\udd04 Page Action: Page loaded\n2025-09-13 17:48:49 | INFO | utils.logger:page_action:105 | \ud83d\udd04 Page Action: Opened page on &amp;#x27;https://automationexercise.com/login&amp;#x27;\n2025-09-13 17:48:49 | INFO | utils.logger:step:86 | \ud83d\udd38 STEP: Opened login page\n2025-09-13 17:48:49 | INFO | utils.logger:step:86 | \ud83d\udd38 STEP: Verifying login page loaded\n2025-09-13 17:48:49 | INFO | utils.logger:assertion:109 | \ud83d\udd0d Assertion: Element visibility | Expected: &amp;#x27;visible&amp;#x27; | Actual: &amp;#x27;visible&amp;#x27;\n2025-09-13 17:48:49 | INFO | utils.logger:assertion:109 | \ud83d\udd0d Assertion: Element visibility | Expected: &amp;#x27;visible&amp;#x27; | Actual: &amp;#x27;visible&amp;#x27;\n2025-09-13 17:48:49 | INFO | utils.logger:step:86 | \ud83d\udd38 STEP: Logging in user: testuser@example.com\n2025-09-13 17:48:49 | INFO | utils.logger:step:86 | \ud83d\udd38 STEP: Filling login form with email: testuser@example.com\n2025-09-13 17:48:49 | INFO | utils.logger:page_action:105 | \ud83d\udd04 Page Action: Element visible on &amp;#x27;xpath=&amp;#x27;//input[@data-qa=&amp;#x27;login-email&amp;#x27;]&amp;#x27;&amp;#x27;\n2025-09-13 17:48:49 | INFO | utils.logger:page_action:105 | \ud83d\udd04 Page Action: Sent keys on &amp;#x27;xpath=&amp;#x27;//input[@data-qa=&amp;#x27;login-email&amp;#x27;]&amp;#x27; text=&amp;#x27;testuser@example.com&amp;#x27;&amp;#x27;\n2025-09-13 17:48:49 | INFO | utils.logger:page_action:105 | \ud83d\udd04 Page Action: Element visible on &amp;#x27;xpath=&amp;#x27;//input[@data-qa=&amp;#x27;login-password&amp;#x27;]&amp;#x27;&amp;#x27;\n2025-09-13 17:48:49 | INFO | utils.logger:page_action:105 | \ud83d\udd04 Page Action: Sent keys on &amp;#x27;xpath=&amp;#x27;//input[@data-qa=&amp;#x27;login-password&amp;#x27;]&amp;#x27; text=&amp;#x27;Test123456&amp;#x27;&amp;#x27;\n2025-09-13 17:48:49 | INFO | utils.logger:step:86 | \ud83d\udd38 STEP: Clicking login button\n2025-09-13 17:48:49 | INFO | utils.logger:page_action:105 | \ud83d\udd04 Page Action: Element clickable on &amp;#x27;xpath=&amp;#x27;//button[@data-qa=&amp;#x27;login-button&amp;#x27;]&amp;#x27;&amp;#x27;\n2025-09-13 17:48:51 | INFO | utils.logger:page_action:105 | \ud83d\udd04 Page Action: Clicked element on &amp;#x27;xpath=&amp;#x27;//button[@data-qa=&amp;#x27;login-button&amp;#x27;]&amp;#x27;&amp;#x27;\n2025-09-13 17:48:54 | INFO | utils.logger:page_action:105 | \ud83d\udd04 Page Action: Took screenshot on &amp;#x27;reports/screenshots/assertion_failed.png&amp;#x27;\n--------------------------- Captured stdout teardown ---------------------------\n2025-09-13 17:47:55 | INFO | utils.logger:info:62 | \u5173\u95ed\u6d4f\u89c8\u5668\n2025-09-13 17:47:58 | INFO | utils.logger:test_end:119 | \u23ed\ufe0f Test Finished: test_login_parametrized - COMPLETED (20.46s)\n\n--------------------------- Captured stdout teardown ---------------------------\n2025-09-13 17:48:34 | INFO | utils.logger:info:62 | \u5173\u95ed\u6d4f\u89c8\u5668\n2025-09-13 17:48:36 | INFO | utils.logger:test_end:119 | \u23ed\ufe0f Test Finished: test_login_parametrized - COMPLETED (35.11s)\n\n--------------------------- Captured stdout teardown ---------------------------\n2025-09-13 17:48:54 | INFO | utils.logger:info:62 | \u5173\u95ed\u6d4f\u89c8\u5668\n2025-09-13 17:48:56 | INFO | utils.logger:test_end:119 | \u23ed\ufe0f Test Finished: test_login_parametrized - COMPLETED (17.58s)\n&#34;}], &#34;tests/test_user_authentication.py::TestUserAuthentication::test_login_parametrized[invalid@email.com-wrongpass-failure]&#34;: [{&#34;extras&#34;: [], &#34;result&#34;: &#34;Passed&#34;, &#34;testId&#34;: &#34;tests/test_user_authentication.py::TestUserAuthentication::test_login_parametrized[invalid@email.com-wrongpass-failure]&#34;, &#34;duration&#34;: &#34;00:00:17&#34;, &#34;resultsTableRow&#34;: [&#34;&lt;td class=\&#34;col-result\&#34;&gt;Passed&lt;/td&gt;&#34;, &#34;&lt;td class=\&#34;col-testId\&#34;&gt;tests/test_user_authentication.py::TestUserAuthentication::test_login_parametrized[invalid@email.com-wrongpass-failure]&lt;/td&gt;&#34;, &#34;&lt;td class=\&#34;col-duration\&#34;&gt;00:00:17&lt;/td&gt;&#34;, &#34;&lt;td class=\&#34;col-links\&#34;&gt;&lt;/td&gt;&#34;], &#34;log&#34;: &#34;---------------------------- Captured stdout setup -----------------------------\n2025-09-13 17:48:56 | INFO | utils.logger:test_start:113 | \ud83d\ude80 Test Started: test_login_parametrized\n2025-09-13 17:48:57 | INFO | utils.logger:info:62 | \u542f\u52a8 chrome \u6d4f\u89c8\u5668\uff0cheadless\u6a21\u5f0f: False\n\n----------------------------- Captured stdout call -----------------------------\n2025-09-13 17:49:06 | INFO | utils.logger:page_action:105 | \ud83d\udd04 Page Action: Page loaded\n2025-09-13 17:49:06 | INFO | utils.logger:page_action:105 | \ud83d\udd04 Page Action: Opened page on &amp;#x27;https://automationexercise.com/login&amp;#x27;\n2025-09-13 17:49:06 | INFO | utils.logger:step:86 | \ud83d\udd38 STEP: Opened login page\n2025-09-13 17:49:06 | INFO | utils.logger:step:86 | \ud83d\udd38 STEP: Verifying login page loaded\n2025-09-13 17:49:06 | INFO | utils.logger:assertion:109 | \ud83d\udd0d Assertion: Element visibility | Expected: &amp;#x27;visible&amp;#x27; | Actual: &amp;#x27;visible&amp;#x27;\n2025-09-13 17:49:06 | INFO | utils.logger:assertion:109 | \ud83d\udd0d Assertion: Element visibility | Expected: &amp;#x27;visible&amp;#x27; | Actual: &amp;#x27;visible&amp;#x27;\n2025-09-13 17:49:06 | INFO | utils.logger:step:86 | \ud83d\udd38 STEP: Logging in user: invalid@email.com\n2025-09-13 17:49:06 | INFO | utils.logger:step:86 | \ud83d\udd38 STEP: Filling login form with email: invalid@email.com\n2025-09-13 17:49:06 | INFO | utils.logger:page_action:105 | \ud83d\udd04 Page Action: Element visible on &amp;#x27;xpath=&amp;#x27;//input[@data-qa=&amp;#x27;login-email&amp;#x27;]&amp;#x27;&amp;#x27;\n2025-09-13 17:49:06 | INFO | utils.logger:page_action:105 | \ud83d\udd04 Page Action: Sent keys on &amp;#x27;xpath=&amp;#x27;//input[@data-qa=&amp;#x27;login-email&amp;#x27;]&amp;#x27; text=&amp;#x27;invalid@email.com&amp;#x27;&amp;#x27;\n2025-09-13 17:49:06 | INFO | utils.logger:page_action:105 | \ud83d\udd04 Page Action: Element visible on &amp;#x27;xpath=&amp;#x27;//input[@data-qa=&amp;#x27;login-password&amp;#x27;]&amp;#x27;&amp;#x27;\n2025-09-13 17:49:06 | INFO | utils.logger:page_action:105 | \ud83d\udd04 Page Action: Sent keys on &amp;#x27;xpath=&amp;#x27;//input[@data-qa=&amp;#x27;login-password&amp;#x27;]&amp;#x27; text=&amp;#x27;wrongpass&amp;#x27;&amp;#x27;\n2025-09-13 17:49:06 | INFO | utils.logger:step:86 | \ud83d\udd38 STEP: Clicking login button\n2025-09-13 17:49:06 | INFO | utils.logger:page_action:105 | \ud83d\udd04 Page Action: Element clickable on &amp;#x27;xpath=&amp;#x27;//button[@data-qa=&amp;#x27;login-button&amp;#x27;]&amp;#x27;&amp;#x27;\n2025-09-13 17:49:08 | INFO | utils.logger:page_action:105 | \ud83d\udd04 Page Action: Clicked element on &amp;#x27;xpath=&amp;#x27;//button[@data-qa=&amp;#x27;login-button&amp;#x27;]&amp;#x27;&amp;#x27;\n--------------------------- Captured stdout teardown ---------------------------\n2025-09-13 17:49:11 | INFO | utils.logger:info:62 | \u5173\u95ed\u6d4f\u89c8\u5668\n2025-09-13 17:49:13 | INFO | utils.logger:test_end:119 | \u23ed\ufe0f Test Finished: test_login_parametrized - COMPLETED (16.99s)\n&#34;}], &#34;tests/test_user_authentication.py::TestUserAuthentication::test_login_parametrized[--failure]&#34;: [{&#34;extras&#34;: [], &#34;result&#34;: &#34;Rerun&#34;, &#34;testId&#34;: &#34;tests/test_user_authentication.py::TestUserAuthentication::test_login_parametrized[--failure]::setup&#34;, &#34;duration&#34;: &#34;00:01:42&#34;, &#34;resultsTableRow&#34;: [&#34;&lt;td class=\&#34;col-result\&#34;&gt;Rerun&lt;/td&gt;&#34;, &#34;&lt;td class=\&#34;col-testId\&#34;&gt;tests/test_user_authentication.py::TestUserAuthentication::test_login_parametrized[--failure]::setup&lt;/td&gt;&#34;, &#34;&lt;td class=\&#34;col-duration\&#34;&gt;00:01:42&lt;/td&gt;&#34;, &#34;&lt;td class=\&#34;col-links\&#34;&gt;&lt;/td&gt;&#34;], &#34;log&#34;: &#34;urllib3.exceptions.SSLError: EOF occurred in violation of protocol (_ssl.c:1007)\n\nThe above exception was the direct cause of the following exception:\n.venv1\\lib\\site-packages\\requests\\adapters.py:486: in send\n    resp = conn.urlopen(\n.venv1\\lib\\site-packages\\urllib3\\connectionpool.py:841: in urlopen\n    retries = retries.increment(\n.venv1\\lib\\site-packages\\urllib3\\util\\retry.py:519: in increment\n    raise MaxRetryError(_pool, url, reason) from reason  # type: ignore[arg-type]\nE   urllib3.exceptions.MaxRetryError: HTTPSConnectionPool(host=&amp;#x27;googlechromelabs.github.io&amp;#x27;, port=443): Max retries exceeded with url: /chrome-for-testing/latest-patch-versions-per-build.json (Caused by SSLError(SSLEOFError(8, &amp;#x27;EOF occurred in violation of protocol (_ssl.c:1007)&amp;#x27;)))\n\nDuring handling of the above exception, another exception occurred:\n.venv1\\lib\\site-packages\\webdriver_manager\\core\\http.py:32: in get\n    resp = requests.get(\n.venv1\\lib\\site-packages\\requests\\api.py:73: in get\n    return request(&amp;quot;get&amp;quot;, url, params=params, **kwargs)\n.venv1\\lib\\site-packages\\requests\\api.py:59: in request\n    return session.request(method=method, url=url, **kwargs)\n.venv1\\lib\\site-packages\\requests\\sessions.py:589: in request\n    resp = self.send(prep, **send_kwargs)\n.venv1\\lib\\site-packages\\requests\\sessions.py:703: in send\n    r = adapter.send(request, **kwargs)\n.venv1\\lib\\site-packages\\requests\\adapters.py:517: in send\n    raise SSLError(e, request=request)\nE   requests.exceptions.SSLError: HTTPSConnectionPool(host=&amp;#x27;googlechromelabs.github.io&amp;#x27;, port=443): Max retries exceeded with url: /chrome-for-testing/latest-patch-versions-per-build.json (Caused by SSLError(SSLEOFError(8, &amp;#x27;EOF occurred in violation of protocol (_ssl.c:1007)&amp;#x27;)))\n\nDuring handling of the above exception, another exception occurred:\nconftest.py:125: in _setup_chrome_driver\n    driver_path = ChromeDriverManager().install()\n.venv1\\lib\\site-packages\\webdriver_manager\\chrome.py:40: in install\n    driver_path = self._get_driver_binary_path(self.driver)\n.venv1\\lib\\site-packages\\webdriver_manager\\core\\manager.py:35: in _get_driver_binary_path\n    binary_path = self._cache_manager.find_driver(driver)\n.venv1\\lib\\site-packages\\webdriver_manager\\core\\driver_cache.py:105: in find_driver\n    driver_version = self.get_cache_key_driver_version(driver)\n.venv1\\lib\\site-packages\\webdriver_manager\\core\\driver_cache.py:152: in get_cache_key_driver_version\n    return driver.get_driver_version_to_download()\n.venv1\\lib\\site-packages\\webdriver_manager\\core\\driver.py:48: in get_driver_version_to_download\n    return self.get_latest_release_version()\n.venv1\\lib\\site-packages\\webdriver_manager\\drivers\\chrome.py:59: in get_latest_release_version\n    response = self._http_client.get(url)\n.venv1\\lib\\site-packages\\webdriver_manager\\core\\http.py:35: in get\n    raise exceptions.ConnectionError(f&amp;quot;Could not reach host. Are you offline?&amp;quot;)\nE   requests.exceptions.ConnectionError: Could not reach host. Are you offline?\n\nDuring handling of the above exception, another exception occurred:\nconftest.py:74: in browser_setup\n    driver = _setup_chrome_driver(headless, config)\nconftest.py:143: in _setup_chrome_driver\n    return webdriver.Chrome(service=service, options=options)\n.venv1\\lib\\site-packages\\selenium\\webdriver\\chrome\\webdriver.py:45: in __init__\n    super().__init__(\n.venv1\\lib\\site-packages\\selenium\\webdriver\\chromium\\webdriver.py:56: in __init__\n    super().__init__(\n.venv1\\lib\\site-packages\\selenium\\webdriver\\remote\\webdriver.py:208: in __init__\n    self.start_session(capabilities)\n.venv1\\lib\\site-packages\\selenium\\webdriver\\remote\\webdriver.py:292: in start_session\n    response = self.execute(Command.NEW_SESSION, caps)[&amp;quot;value&amp;quot;]\n.venv1\\lib\\site-packages\\selenium\\webdriver\\remote\\webdriver.py:347: in execute\n    self.error_handler.check_response(response)\n.venv1\\lib\\site-packages\\selenium\\webdriver\\remote\\errorhandler.py:229: in check_response\n    raise exception_class(message, screen, stacktrace)\nE   selenium.common.exceptions.SessionNotCreatedException: Message: session not created: This version of ChromeDriver only supports Chrome version 138\nE   Current browser version is 140.0.7339.81 with binary path C:\\Program Files\\Google\\Chrome\\Application\\chrome.exe\nE   Stacktrace:\nE   \tGetHandleVerifier [0x0x7ff6c0f46f65+76917]\nE   \tGetHandleVerifier [0x0x7ff6c0f46fc0+77008]\nE   \t(No symbol) [0x0x7ff6c0cf9dea]\nE   \t(No symbol) [0x0x7ff6c0d3e1df]\nE   \t(No symbol) [0x0x7ff6c0d3d22b]\nE   \t(No symbol) [0x0x7ff6c0d36e2a]\nE   \t(No symbol) [0x0x7ff6c0d32675]\nE   \t(No symbol) [0x0x7ff6c0d85e9e]\nE   \t(No symbol) [0x0x7ff6c0d85630]\nE   \t(No symbol) [0x0x7ff6c0d78243]\nE   \t(No symbol) [0x0x7ff6c0d41431]\nE   \t(No symbol) [0x0x7ff6c0d421c3]\nE   \tGetHandleVerifier [0x0x7ff6c121d29d+3051437]\nE   \tGetHandleVerifier [0x0x7ff6c12178f3+3028483]\nE   \tGetHandleVerifier [0x0x7ff6c123588d+3151261]\nE   \tGetHandleVerifier [0x0x7ff6c0f6182e+185662]\nE   \tGetHandleVerifier [0x0x7ff6c0f696ef+218111]\nE   \tGetHandleVerifier [0x0x7ff6c0f4fae4+112628]\nE   \tGetHandleVerifier [0x0x7ff6c0f4fc99+113065]\nE   \tGetHandleVerifier [0x0x7ff6c0f36c68+10616]\nE   \tBaseThreadInitThunk [0x0x7ffc8ecfe8d7+23]\nE   \tRtlUserThreadStart [0x0x7ffc8f728d9c+44]\n&#34;}, {&#34;extras&#34;: [], &#34;result&#34;: &#34;Passed&#34;, &#34;testId&#34;: &#34;tests/test_user_authentication.py::TestUserAuthentication::test_login_parametrized[--failure]&#34;, &#34;duration&#34;: &#34;00:00:16&#34;, &#34;resultsTableRow&#34;: [&#34;&lt;td class=\&#34;col-result\&#34;&gt;Passed&lt;/td&gt;&#34;, &#34;&lt;td class=\&#34;col-testId\&#34;&gt;tests/test_user_authentication.py::TestUserAuthentication::test_login_parametrized[--failure]&lt;/td&gt;&#34;, &#34;&lt;td class=\&#34;col-duration\&#34;&gt;00:00:16&lt;/td&gt;&#34;, &#34;&lt;td class=\&#34;col-links\&#34;&gt;&lt;/td&gt;&#34;], &#34;log&#34;: &#34;---------------------------- Captured stdout setup -----------------------------\n2025-09-13 17:49:13 | INFO | utils.logger:test_start:113 | \ud83d\ude80 Test Started: test_login_parametrized\n2025-09-13 17:49:13 | INFO | utils.logger:info:62 | \u542f\u52a8 chrome \u6d4f\u89c8\u5668\uff0cheadless\u6a21\u5f0f: False\n\u81ea\u52a8\u4e0b\u8f7dChromeDriver\u5931\u8d25\uff0c\u5c1d\u8bd5\u4f7f\u7528\u7cfb\u7edfChromeDriver: Could not reach host. Are you offline?\n2025-09-13 17:50:56 | ERROR | utils.logger:error:74 | \u6d4f\u89c8\u5668\u8bbe\u7f6e\u5931\u8d25: Message: session not created: This version of ChromeDriver only supports Chrome version 138\nCurrent browser version is 140.0.7339.81 with binary path C:\\Program Files\\Google\\Chrome\\Application\\chrome.exe\nStacktrace:\n\tGetHandleVerifier [0x0x7ff6c0f46f65+76917]\n\tGetHandleVerifier [0x0x7ff6c0f46fc0+77008]\n\t(No symbol) [0x0x7ff6c0cf9dea]\n\t(No symbol) [0x0x7ff6c0d3e1df]\n\t(No symbol) [0x0x7ff6c0d3d22b]\n\t(No symbol) [0x0x7ff6c0d36e2a]\n\t(No symbol) [0x0x7ff6c0d32675]\n\t(No symbol) [0x0x7ff6c0d85e9e]\n\t(No symbol) [0x0x7ff6c0d85630]\n\t(No symbol) [0x0x7ff6c0d78243]\n\t(No symbol) [0x0x7ff6c0d41431]\n\t(No symbol) [0x0x7ff6c0d421c3]\n\tGetHandleVerifier [0x0x7ff6c121d29d+3051437]\n\tGetHandleVerifier [0x0x7ff6c12178f3+3028483]\n\tGetHandleVerifier [0x0x7ff6c123588d+3151261]\n\tGetHandleVerifier [0x0x7ff6c0f6182e+185662]\n\tGetHandleVerifier [0x0x7ff6c0f696ef+218111]\n\tGetHandleVerifier [0x0x7ff6c0f4fae4+112628]\n\tGetHandleVerifier [0x0x7ff6c0f4fc99+113065]\n\tGetHandleVerifier [0x0x7ff6c0f36c68+10616]\n\tBaseThreadInitThunk [0x0x7ffc8ecfe8d7+23]\n\tRtlUserThreadStart [0x0x7ffc8f728d9c+44]\n\n\n------------------------------ Captured log setup ------------------------------\nWARNING  selenium.webdriver.common.selenium_manager:selenium_manager.py:135 The chromedriver version (138.0.7204.49) detected in PATH at D:\\LAB\\Selenium-Pytest-POM\\chromedriver.exe might not be compatible with the detected chrome version (140.0.7339.81); currently, chromedriver 140.0.7339.82 is recommended for chrome 140.*, so it is advised to delete the driver in PATH and retry\n\n--------------------------- Captured stdout teardown ---------------------------\n2025-09-13 17:50:56 | INFO | utils.logger:test_end:119 | \u23ed\ufe0f Test Finished: test_login_parametrized - COMPLETED (102.57s)\n\n---------------------------- Captured stdout setup -----------------------------\n2025-09-13 17:50:59 | INFO | utils.logger:test_start:113 | \ud83d\ude80 Test Started: test_login_parametrized\n2025-09-13 17:50:59 | INFO | utils.logger:info:62 | \u542f\u52a8 chrome \u6d4f\u89c8\u5668\uff0cheadless\u6a21\u5f0f: False\n\n----------------------------- Captured stdout call -----------------------------\n2025-09-13 17:51:09 | INFO | utils.logger:page_action:105 | \ud83d\udd04 Page Action: Page loaded\n2025-09-13 17:51:09 | INFO | utils.logger:page_action:105 | \ud83d\udd04 Page Action: Opened page on &amp;#x27;https://automationexercise.com/login&amp;#x27;\n2025-09-13 17:51:09 | INFO | utils.logger:step:86 | \ud83d\udd38 STEP: Opened login page\n2025-09-13 17:51:09 | INFO | utils.logger:step:86 | \ud83d\udd38 STEP: Verifying login page loaded\n2025-09-13 17:51:09 | INFO | utils.logger:assertion:109 | \ud83d\udd0d Assertion: Element visibility | Expected: &amp;#x27;visible&amp;#x27; | Actual: &amp;#x27;visible&amp;#x27;\n2025-09-13 17:51:09 | INFO | utils.logger:assertion:109 | \ud83d\udd0d Assertion: Element visibility | Expected: &amp;#x27;visible&amp;#x27; | Actual: &amp;#x27;visible&amp;#x27;\n2025-09-13 17:51:09 | INFO | utils.logger:step:86 | \ud83d\udd38 STEP: Logging in user: \n2025-09-13 17:51:09 | INFO | utils.logger:step:86 | \ud83d\udd38 STEP: Filling login form with email: \n2025-09-13 17:51:09 | INFO | utils.logger:page_action:105 | \ud83d\udd04 Page Action: Element visible on &amp;#x27;xpath=&amp;#x27;//input[@data-qa=&amp;#x27;login-email&amp;#x27;]&amp;#x27;&amp;#x27;\n2025-09-13 17:51:09 | INFO | utils.logger:page_action:105 | \ud83d\udd04 Page Action: Sent keys on &amp;#x27;xpath=&amp;#x27;//input[@data-qa=&amp;#x27;login-email&amp;#x27;]&amp;#x27; text=&amp;#x27;&amp;#x27;&amp;#x27;\n2025-09-13 17:51:09 | INFO | utils.logger:page_action:105 | \ud83d\udd04 Page Action: Element visible on &amp;#x27;xpath=&amp;#x27;//input[@data-qa=&amp;#x27;login-password&amp;#x27;]&amp;#x27;&amp;#x27;\n2025-09-13 17:51:09 | INFO | utils.logger:page_action:105 | \ud83d\udd04 Page Action: Sent keys on &amp;#x27;xpath=&amp;#x27;//input[@data-qa=&amp;#x27;login-password&amp;#x27;]&amp;#x27; text=&amp;#x27;&amp;#x27;&amp;#x27;\n2025-09-13 17:51:09 | INFO | utils.logger:step:86 | \ud83d\udd38 STEP: Clicking login button\n2025-09-13 17:51:09 | INFO | utils.logger:page_action:105 | \ud83d\udd04 Page Action: Element clickable on &amp;#x27;xpath=&amp;#x27;//button[@data-qa=&amp;#x27;login-button&amp;#x27;]&amp;#x27;&amp;#x27;\n2025-09-13 17:51:09 | INFO | utils.logger:page_action:105 | \ud83d\udd04 Page Action: Clicked element on &amp;#x27;xpath=&amp;#x27;//button[@data-qa=&amp;#x27;login-button&amp;#x27;]&amp;#x27;&amp;#x27;\n--------------------------- Captured stdout teardown ---------------------------\n2025-09-13 17:50:56 | INFO | utils.logger:test_end:119 | \u23ed\ufe0f Test Finished: test_login_parametrized - COMPLETED (102.57s)\n\n--------------------------- Captured stdout teardown ---------------------------\n2025-09-13 17:51:12 | INFO | utils.logger:info:62 | \u5173\u95ed\u6d4f\u89c8\u5668\n2025-09-13 17:51:15 | INFO | utils.logger:test_end:119 | \u23ed\ufe0f Test Finished: test_login_parametrized - COMPLETED (15.69s)\n&#34;}], &#34;tests/test_user_authentication.py::TestUserAuthentication::test_login_parametrized[user@test.com-invalidpass-failure]&#34;: [{&#34;extras&#34;: [], &#34;result&#34;: &#34;Passed&#34;, &#34;testId&#34;: &#34;tests/test_user_authentication.py::TestUserAuthentication::test_login_parametrized[user@test.com-invalidpass-failure]&#34;, &#34;duration&#34;: &#34;00:00:19&#34;, &#34;resultsTableRow&#34;: [&#34;&lt;td class=\&#34;col-result\&#34;&gt;Passed&lt;/td&gt;&#34;, &#34;&lt;td class=\&#34;col-testId\&#34;&gt;tests/test_user_authentication.py::TestUserAuthentication::test_login_parametrized[user@test.com-invalidpass-failure]&lt;/td&gt;&#34;, &#34;&lt;td class=\&#34;col-duration\&#34;&gt;00:00:19&lt;/td&gt;&#34;, &#34;&lt;td class=\&#34;col-links\&#34;&gt;&lt;/td&gt;&#34;], &#34;log&#34;: &#34;---------------------------- Captured stdout setup -----------------------------\n2025-09-13 17:51:15 | INFO | utils.logger:test_start:113 | \ud83d\ude80 Test Started: test_login_parametrized\n2025-09-13 17:51:15 | INFO | utils.logger:info:62 | \u542f\u52a8 chrome \u6d4f\u89c8\u5668\uff0cheadless\u6a21\u5f0f: False\n\n----------------------------- Captured stdout call -----------------------------\n2025-09-13 17:51:23 | INFO | utils.logger:page_action:105 | \ud83d\udd04 Page Action: Page loaded\n2025-09-13 17:51:23 | INFO | utils.logger:page_action:105 | \ud83d\udd04 Page Action: Opened page on &amp;#x27;https://automationexercise.com/login&amp;#x27;\n2025-09-13 17:51:23 | INFO | utils.logger:step:86 | \ud83d\udd38 STEP: Opened login page\n2025-09-13 17:51:23 | INFO | utils.logger:step:86 | \ud83d\udd38 STEP: Verifying login page loaded\n2025-09-13 17:51:23 | INFO | utils.logger:assertion:109 | \ud83d\udd0d Assertion: Element visibility | Expected: &amp;#x27;visible&amp;#x27; | Actual: &amp;#x27;visible&amp;#x27;\n2025-09-13 17:51:23 | INFO | utils.logger:assertion:109 | \ud83d\udd0d Assertion: Element visibility | Expected: &amp;#x27;visible&amp;#x27; | Actual: &amp;#x27;visible&amp;#x27;\n2025-09-13 17:51:23 | INFO | utils.logger:step:86 | \ud83d\udd38 STEP: Logging in user: user@test.com\n2025-09-13 17:51:23 | INFO | utils.logger:step:86 | \ud83d\udd38 STEP: Filling login form with email: user@test.com\n2025-09-13 17:51:23 | INFO | utils.logger:page_action:105 | \ud83d\udd04 Page Action: Element visible on &amp;#x27;xpath=&amp;#x27;//input[@data-qa=&amp;#x27;login-email&amp;#x27;]&amp;#x27;&amp;#x27;\n2025-09-13 17:51:23 | INFO | utils.logger:page_action:105 | \ud83d\udd04 Page Action: Sent keys on &amp;#x27;xpath=&amp;#x27;//input[@data-qa=&amp;#x27;login-email&amp;#x27;]&amp;#x27; text=&amp;#x27;user@test.com&amp;#x27;&amp;#x27;\n2025-09-13 17:51:24 | INFO | utils.logger:page_action:105 | \ud83d\udd04 Page Action: Element visible on &amp;#x27;xpath=&amp;#x27;//input[@data-qa=&amp;#x27;login-password&amp;#x27;]&amp;#x27;&amp;#x27;\n2025-09-13 17:51:24 | INFO | utils.logger:page_action:105 | \ud83d\udd04 Page Action: Sent keys on &amp;#x27;xpath=&amp;#x27;//input[@data-qa=&amp;#x27;login-password&amp;#x27;]&amp;#x27; text=&amp;#x27;invalidpass&amp;#x27;&amp;#x27;\n2025-09-13 17:51:24 | INFO | utils.logger:step:86 | \ud83d\udd38 STEP: Clicking login button\n2025-09-13 17:51:24 | INFO | utils.logger:page_action:105 | \ud83d\udd04 Page Action: Element clickable on &amp;#x27;xpath=&amp;#x27;//button[@data-qa=&amp;#x27;login-button&amp;#x27;]&amp;#x27;&amp;#x27;\n2025-09-13 17:51:28 | INFO | utils.logger:page_action:105 | \ud83d\udd04 Page Action: Clicked element on &amp;#x27;xpath=&amp;#x27;//button[@data-qa=&amp;#x27;login-button&amp;#x27;]&amp;#x27;&amp;#x27;\n--------------------------- Captured stdout teardown ---------------------------\n2025-09-13 17:51:31 | INFO | utils.logger:info:62 | \u5173\u95ed\u6d4f\u89c8\u5668\n2025-09-13 17:51:34 | INFO | utils.logger:test_end:119 | \u23ed\ufe0f Test Finished: test_login_parametrized - COMPLETED (19.15s)\n&#34;}], &#34;tests/test_user_authentication.py::TestUserAuthentication::test_registration_and_login_flow&#34;: [{&#34;extras&#34;: [], &#34;result&#34;: &#34;Passed&#34;, &#34;testId&#34;: &#34;tests/test_user_authentication.py::TestUserAuthentication::test_registration_and_login_flow&#34;, &#34;duration&#34;: &#34;00:00:44&#34;, &#34;resultsTableRow&#34;: [&#34;&lt;td class=\&#34;col-result\&#34;&gt;Passed&lt;/td&gt;&#34;, &#34;&lt;td class=\&#34;col-testId\&#34;&gt;tests/test_user_authentication.py::TestUserAuthentication::test_registration_and_login_flow&lt;/td&gt;&#34;, &#34;&lt;td class=\&#34;col-duration\&#34;&gt;00:00:44&lt;/td&gt;&#34;, &#34;&lt;td class=\&#34;col-links\&#34;&gt;&lt;/td&gt;&#34;], &#34;log&#34;: &#34;---------------------------- Captured stdout setup -----------------------------\n2025-09-13 17:51:34 | INFO | utils.logger:test_start:113 | \ud83d\ude80 Test Started: test_registration_and_login_flow\n2025-09-13 17:51:34 | INFO | utils.logger:info:62 | \u542f\u52a8 chrome \u6d4f\u89c8\u5668\uff0cheadless\u6a21\u5f0f: False\n\n----------------------------- Captured stdout call -----------------------------\n2025-09-13 17:51:39 | INFO | utils.logger:data_operation:129 | \ud83d\udcca Data Operation: Generated test user data (User)\n2025-09-13 17:51:44 | INFO | utils.logger:page_action:105 | \ud83d\udd04 Page Action: Page loaded\n2025-09-13 17:51:44 | INFO | utils.logger:page_action:105 | \ud83d\udd04 Page Action: Opened page on &amp;#x27;https://automationexercise.com/login&amp;#x27;\n2025-09-13 17:51:44 | INFO | utils.logger:step:86 | \ud83d\udd38 STEP: Opened login page\n2025-09-13 17:51:44 | INFO | utils.logger:step:86 | \ud83d\udd38 STEP: Verifying login page loaded\n2025-09-13 17:51:44 | INFO | utils.logger:assertion:109 | \ud83d\udd0d Assertion: Element visibility | Expected: &amp;#x27;visible&amp;#x27; | Actual: &amp;#x27;visible&amp;#x27;\n2025-09-13 17:51:44 | INFO | utils.logger:assertion:109 | \ud83d\udd0d Assertion: Element visibility | Expected: &amp;#x27;visible&amp;#x27; | Actual: &amp;#x27;visible&amp;#x27;\n2025-09-13 17:51:44 | INFO | utils.logger:step:86 | \ud83d\udd38 STEP: Signing up new user: \u82b3 \u6768\n2025-09-13 17:51:44 | INFO | utils.logger:step:86 | \ud83d\udd38 STEP: Filling signup form with name: \u82b3 \u6768, email: caoqiang@example.com\n2025-09-13 17:51:44 | INFO | utils.logger:page_action:105 | \ud83d\udd04 Page Action: Element visible on &amp;#x27;xpath=&amp;#x27;//input[@data-qa=&amp;#x27;signup-name&amp;#x27;]&amp;#x27;&amp;#x27;\n2025-09-13 17:51:44 | INFO | utils.logger:page_action:105 | \ud83d\udd04 Page Action: Sent keys on &amp;#x27;xpath=&amp;#x27;//input[@data-qa=&amp;#x27;signup-name&amp;#x27;]&amp;#x27; text=&amp;#x27;\u82b3 \u6768&amp;#x27;&amp;#x27;\n2025-09-13 17:51:45 | INFO | utils.logger:page_action:105 | \ud83d\udd04 Page Action: Element visible on &amp;#x27;xpath=&amp;#x27;//input[@data-qa=&amp;#x27;signup-email&amp;#x27;]&amp;#x27;&amp;#x27;\n2025-09-13 17:51:45 | INFO | utils.logger:page_action:105 | \ud83d\udd04 Page Action: Sent keys on &amp;#x27;xpath=&amp;#x27;//input[@data-qa=&amp;#x27;signup-email&amp;#x27;]&amp;#x27; text=&amp;#x27;caoqiang@example.com&amp;#x27;&amp;#x27;\n2025-09-13 17:51:45 | INFO | utils.logger:step:86 | \ud83d\udd38 STEP: Clicking signup button\n2025-09-13 17:51:45 | INFO | utils.logger:page_action:105 | \ud83d\udd04 Page Action: Element clickable on &amp;#x27;xpath=&amp;#x27;//button[@data-qa=&amp;#x27;signup-button&amp;#x27;]&amp;#x27;&amp;#x27;\n2025-09-13 17:51:51 | INFO | utils.logger:page_action:105 | \ud83d\udd04 Page Action: Clicked element on &amp;#x27;xpath=&amp;#x27;//button[@data-qa=&amp;#x27;signup-button&amp;#x27;]&amp;#x27;&amp;#x27;\n2025-09-13 17:51:51 | INFO | utils.logger:step:86 | \ud83d\udd38 STEP: Verifying signup page loaded\n2025-09-13 17:51:51 | INFO | utils.logger:assertion:109 | \ud83d\udd0d Assertion: Element visibility | Expected: &amp;#x27;visible&amp;#x27; | Actual: &amp;#x27;visible&amp;#x27;\n2025-09-13 17:51:51 | INFO | utils.logger:step:86 | \ud83d\udd38 STEP: Completing registration for user: \u82b3\n2025-09-13 17:51:51 | INFO | utils.logger:step:86 | \ud83d\udd38 STEP: Selecting title: Mr\n2025-09-13 17:51:51 | INFO | utils.logger:page_action:105 | \ud83d\udd04 Page Action: Element clickable on &amp;#x27;id=&amp;#x27;id_gender1&amp;#x27;&amp;#x27;\n2025-09-13 17:51:51 | INFO | utils.logger:page_action:105 | \ud83d\udd04 Page Action: Clicked element on &amp;#x27;id=&amp;#x27;id_gender1&amp;#x27;&amp;#x27;\n2025-09-13 17:51:51 | INFO | utils.logger:step:86 | \ud83d\udd38 STEP: Filling account information\n2025-09-13 17:51:51 | INFO | utils.logger:page_action:105 | \ud83d\udd04 Page Action: Element visible on &amp;#x27;id=&amp;#x27;password&amp;#x27;&amp;#x27;\n2025-09-13 17:51:52 | INFO | utils.logger:page_action:105 | \ud83d\udd04 Page Action: Sent keys on &amp;#x27;id=&amp;#x27;password&amp;#x27; text=&amp;#x27;*K!CgtHp1U7j&amp;#x27;&amp;#x27;\n2025-09-13 17:51:52 | INFO | utils.logger:page_action:105 | \ud83d\udd04 Page Action: Element visible on &amp;#x27;id=&amp;#x27;days&amp;#x27;&amp;#x27;\n2025-09-13 17:51:52 | INFO | utils.logger:page_action:105 | \ud83d\udd04 Page Action: Selected dropdown on &amp;#x27;id=&amp;#x27;days&amp;#x27; value=&amp;#x27;1&amp;#x27;&amp;#x27;\n2025-09-13 17:51:52 | INFO | utils.logger:page_action:105 | \ud83d\udd04 Page Action: Element visible on &amp;#x27;id=&amp;#x27;months&amp;#x27;&amp;#x27;\n2025-09-13 17:51:52 | INFO | utils.logger:page_action:105 | \ud83d\udd04 Page Action: Selected dropdown on &amp;#x27;id=&amp;#x27;months&amp;#x27; text=&amp;#x27;January&amp;#x27;&amp;#x27;\n2025-09-13 17:51:52 | INFO | utils.logger:page_action:105 | \ud83d\udd04 Page Action: Element visible on &amp;#x27;id=&amp;#x27;years&amp;#x27;&amp;#x27;\n2025-09-13 17:51:52 | INFO | utils.logger:page_action:105 | \ud83d\udd04 Page Action: Selected dropdown on &amp;#x27;id=&amp;#x27;years&amp;#x27; value=&amp;#x27;1990&amp;#x27;&amp;#x27;\n2025-09-13 17:51:52 | INFO | utils.logger:step:86 | \ud83d\udd38 STEP: Checking newsletter subscription\n2025-09-13 17:51:52 | INFO | utils.logger:page_action:105 | \ud83d\udd04 Page Action: Element clickable on &amp;#x27;id=&amp;#x27;newsletter&amp;#x27;&amp;#x27;\n2025-09-13 17:51:52 | INFO | utils.logger:page_action:105 | \ud83d\udd04 Page Action: Clicked element on &amp;#x27;id=&amp;#x27;newsletter&amp;#x27;&amp;#x27;\n2025-09-13 17:51:52 | INFO | utils.logger:step:86 | \ud83d\udd38 STEP: Checking special offers\n2025-09-13 17:51:52 | INFO | utils.logger:page_action:105 | \ud83d\udd04 Page Action: Element clickable on &amp;#x27;id=&amp;#x27;optin&amp;#x27;&amp;#x27;\n2025-09-13 17:51:52 | INFO | utils.logger:page_action:105 | \ud83d\udd04 Page Action: Clicked element on &amp;#x27;id=&amp;#x27;optin&amp;#x27;&amp;#x27;\n2025-09-13 17:51:52 | INFO | utils.logger:step:86 | \ud83d\udd38 STEP: Filling address information\n2025-09-13 17:51:52 | INFO | utils.logger:page_action:105 | \ud83d\udd04 Page Action: Element visible on &amp;#x27;id=&amp;#x27;first_name&amp;#x27;&amp;#x27;\n2025-09-13 17:51:52 | INFO | utils.logger:page_action:105 | \ud83d\udd04 Page Action: Sent keys on &amp;#x27;id=&amp;#x27;first_name&amp;#x27; text=&amp;#x27;\u82b3&amp;#x27;&amp;#x27;\n2025-09-13 17:51:52 | INFO | utils.logger:page_action:105 | \ud83d\udd04 Page Action: Element visible on &amp;#x27;id=&amp;#x27;last_name&amp;#x27;&amp;#x27;\n2025-09-13 17:51:52 | INFO | utils.logger:page_action:105 | \ud83d\udd04 Page Action: Sent keys on &amp;#x27;id=&amp;#x27;last_name&amp;#x27; text=&amp;#x27;\u6768&amp;#x27;&amp;#x27;\n2025-09-13 17:51:53 | INFO | utils.logger:page_action:105 | \ud83d\udd04 Page Action: Element visible on &amp;#x27;id=&amp;#x27;company&amp;#x27;&amp;#x27;\n2025-09-13 17:51:53 | INFO | utils.logger:page_action:105 | \ud83d\udd04 Page Action: Sent keys on &amp;#x27;id=&amp;#x27;company&amp;#x27; text=&amp;#x27;Black, Kim and Martinez&amp;#x27;&amp;#x27;\n2025-09-13 17:51:53 | INFO | utils.logger:page_action:105 | \ud83d\udd04 Page Action: Element visible on &amp;#x27;id=&amp;#x27;address1&amp;#x27;&amp;#x27;\n2025-09-13 17:51:53 | INFO | utils.logger:page_action:105 | \ud83d\udd04 Page Action: Sent keys on &amp;#x27;id=&amp;#x27;address1&amp;#x27; text=&amp;#x27;005 Brown Trail\nPeckshire, AK 31014&amp;#x27;&amp;#x27;\n2025-09-13 17:51:53 | INFO | utils.logger:page_action:105 | \ud83d\udd04 Page Action: Element visible on &amp;#x27;id=&amp;#x27;address2&amp;#x27;&amp;#x27;\n2025-09-13 17:51:53 | INFO | utils.logger:page_action:105 | \ud83d\udd04 Page Action: Sent keys on &amp;#x27;id=&amp;#x27;address2&amp;#x27; text=&amp;#x27;Apt. 196&amp;#x27;&amp;#x27;\n2025-09-13 17:51:53 | INFO | utils.logger:page_action:105 | \ud83d\udd04 Page Action: Element visible on &amp;#x27;id=&amp;#x27;country&amp;#x27;&amp;#x27;\n2025-09-13 17:51:53 | INFO | utils.logger:page_action:105 | \ud83d\udd04 Page Action: Selected dropdown on &amp;#x27;id=&amp;#x27;country&amp;#x27; text=&amp;#x27;India&amp;#x27;&amp;#x27;\n2025-09-13 17:51:53 | INFO | utils.logger:page_action:105 | \ud83d\udd04 Page Action: Element visible on &amp;#x27;id=&amp;#x27;state&amp;#x27;&amp;#x27;\n2025-09-13 17:51:54 | INFO | utils.logger:page_action:105 | \ud83d\udd04 Page Action: Sent keys on &amp;#x27;id=&amp;#x27;state&amp;#x27; text=&amp;#x27;Nevada&amp;#x27;&amp;#x27;\n2025-09-13 17:51:54 | INFO | utils.logger:page_action:105 | \ud83d\udd04 Page Action: Element visible on &amp;#x27;id=&amp;#x27;city&amp;#x27;&amp;#x27;\n2025-09-13 17:51:54 | INFO | utils.logger:page_action:105 | \ud83d\udd04 Page Action: Sent keys on &amp;#x27;id=&amp;#x27;city&amp;#x27; text=&amp;#x27;Ramirezton&amp;#x27;&amp;#x27;\n2025-09-13 17:51:54 | INFO | utils.logger:page_action:105 | \ud83d\udd04 Page Action: Element visible on &amp;#x27;id=&amp;#x27;zipcode&amp;#x27;&amp;#x27;\n2025-09-13 17:51:54 | INFO | utils.logger:page_action:105 | \ud83d\udd04 Page Action: Sent keys on &amp;#x27;id=&amp;#x27;zipcode&amp;#x27; text=&amp;#x27;43909&amp;#x27;&amp;#x27;\n2025-09-13 17:51:54 | INFO | utils.logger:page_action:105 | \ud83d\udd04 Page Action: Element visible on &amp;#x27;id=&amp;#x27;mobile_number&amp;#x27;&amp;#x27;\n2025-09-13 17:51:54 | INFO | utils.logger:page_action:105 | \ud83d\udd04 Page Action: Sent keys on &amp;#x27;id=&amp;#x27;mobile_number&amp;#x27; text=&amp;#x27;13624044979&amp;#x27;&amp;#x27;\n2025-09-13 17:51:54 | INFO | utils.logger:step:86 | \ud83d\udd38 STEP: Clicking create account button\n2025-09-13 17:51:54 | INFO | utils.logger:page_action:105 | \ud83d\udd04 Page Action: Found element on &amp;#x27;xpath=&amp;#x27;//button[@data-qa=&amp;#x27;create-account&amp;#x27;]&amp;#x27;&amp;#x27;\n2025-09-13 17:51:54 | INFO | utils.logger:page_action:105 | \ud83d\udd04 Page Action: Scrolled to element on &amp;#x27;xpath=&amp;#x27;//button[@data-qa=&amp;#x27;create-account&amp;#x27;]&amp;#x27;&amp;#x27;\n2025-09-13 17:51:54 | INFO | utils.logger:page_action:105 | \ud83d\udd04 Page Action: Element clickable on &amp;#x27;xpath=&amp;#x27;//button[@data-qa=&amp;#x27;create-account&amp;#x27;]&amp;#x27;&amp;#x27;\n2025-09-13 17:51:56 | INFO | utils.logger:page_action:105 | \ud83d\udd04 Page Action: Clicked element on &amp;#x27;xpath=&amp;#x27;//button[@data-qa=&amp;#x27;create-account&amp;#x27;]&amp;#x27;&amp;#x27;\n2025-09-13 17:51:56 | INFO | utils.logger:step:86 | \ud83d\udd38 STEP: Verifying account created page loaded\n2025-09-13 17:51:56 | INFO | utils.logger:assertion:109 | \ud83d\udd0d Assertion: Element visibility | Expected: &amp;#x27;visible&amp;#x27; | Actual: &amp;#x27;visible&amp;#x27;\n2025-09-13 17:51:56 | INFO | utils.logger:step:86 | \ud83d\udd38 STEP: Clicking continue button\n2025-09-13 17:51:57 | INFO | utils.logger:page_action:105 | \ud83d\udd04 Page Action: Element clickable on &amp;#x27;xpath=&amp;#x27;//a[@data-qa=&amp;#x27;continue-button&amp;#x27;]&amp;#x27;&amp;#x27;\n2025-09-13 17:51:59 | INFO | utils.logger:page_action:105 | \ud83d\udd04 Page Action: Clicked element on &amp;#x27;xpath=&amp;#x27;//a[@data-qa=&amp;#x27;continue-button&amp;#x27;]&amp;#x27;&amp;#x27;\n2025-09-13 17:52:03 | INFO | utils.logger:page_action:105 | \ud83d\udd04 Page Action: Page loaded\n2025-09-13 17:52:03 | INFO | utils.logger:page_action:105 | \ud83d\udd04 Page Action: Opened page on &amp;#x27;https://automationexercise.com/login&amp;#x27;\n2025-09-13 17:52:03 | INFO | utils.logger:step:86 | \ud83d\udd38 STEP: Opened login page\n2025-09-13 17:52:03 | INFO | utils.logger:step:86 | \ud83d\udd38 STEP: Verifying login page loaded\n2025-09-13 17:52:03 | INFO | utils.logger:assertion:109 | \ud83d\udd0d Assertion: Element visibility | Expected: &amp;#x27;visible&amp;#x27; | Actual: &amp;#x27;visible&amp;#x27;\n2025-09-13 17:52:03 | INFO | utils.logger:assertion:109 | \ud83d\udd0d Assertion: Element visibility | Expected: &amp;#x27;visible&amp;#x27; | Actual: &amp;#x27;visible&amp;#x27;\n2025-09-13 17:52:03 | INFO | utils.logger:step:86 | \ud83d\udd38 STEP: Logging in user: caoqiang@example.com\n2025-09-13 17:52:03 | INFO | utils.logger:step:86 | \ud83d\udd38 STEP: Filling login form with email: caoqiang@example.com\n2025-09-13 17:52:03 | INFO | utils.logger:page_action:105 | \ud83d\udd04 Page Action: Element visible on &amp;#x27;xpath=&amp;#x27;//input[@data-qa=&amp;#x27;login-email&amp;#x27;]&amp;#x27;&amp;#x27;\n2025-09-13 17:52:04 | INFO | utils.logger:page_action:105 | \ud83d\udd04 Page Action: Sent keys on &amp;#x27;xpath=&amp;#x27;//input[@data-qa=&amp;#x27;login-email&amp;#x27;]&amp;#x27; text=&amp;#x27;caoqiang@example.com&amp;#x27;&amp;#x27;\n2025-09-13 17:52:04 | INFO | utils.logger:page_action:105 | \ud83d\udd04 Page Action: Element visible on &amp;#x27;xpath=&amp;#x27;//input[@data-qa=&amp;#x27;login-password&amp;#x27;]&amp;#x27;&amp;#x27;\n2025-09-13 17:52:04 | INFO | utils.logger:page_action:105 | \ud83d\udd04 Page Action: Sent keys on &amp;#x27;xpath=&amp;#x27;//input[@data-qa=&amp;#x27;login-password&amp;#x27;]&amp;#x27; text=&amp;#x27;*K!CgtHp1U7j&amp;#x27;&amp;#x27;\n2025-09-13 17:52:04 | INFO | utils.logger:step:86 | \ud83d\udd38 STEP: Clicking login button\n2025-09-13 17:52:04 | INFO | utils.logger:page_action:105 | \ud83d\udd04 Page Action: Element clickable on &amp;#x27;xpath=&amp;#x27;//button[@data-qa=&amp;#x27;login-button&amp;#x27;]&amp;#x27;&amp;#x27;\n2025-09-13 17:52:13 | INFO | utils.logger:page_action:105 | \ud83d\udd04 Page Action: Clicked element on &amp;#x27;xpath=&amp;#x27;//button[@data-qa=&amp;#x27;login-button&amp;#x27;]&amp;#x27;&amp;#x27;\n--------------------------- Captured stdout teardown ---------------------------\n2025-09-13 17:52:16 | INFO | utils.logger:info:62 | \u5173\u95ed\u6d4f\u89c8\u5668\n2025-09-13 17:52:18 | INFO | utils.logger:test_end:119 | \u23ed\ufe0f Test Finished: test_registration_and_login_flow - COMPLETED (44.38s)\n&#34;}]}, &#34;renderCollapsed&#34;: [&#34;passed&#34;], &#34;initialSort&#34;: &#34;result&#34;, &#34;title&#34;: &#34;report.html&#34;}"></div>
    <script>
      (function(){function r(e,n,t){function o(i,f){if(!n[i]){if(!e[i]){var c="function"==typeof require&&require;if(!f&&c)return c(i,!0);if(u)return u(i,!0);var a=new Error("Cannot find module '"+i+"'");throw a.code="MODULE_NOT_FOUND",a}var p=n[i]={exports:{}};e[i][0].call(p.exports,function(r){var n=e[i][1][r];return o(n||r)},p,p.exports,r,e,n,t)}return n[i].exports}for(var u="function"==typeof require&&require,i=0;i<t.length;i++)o(t[i]);return o}return r})()({1:[function(require,module,exports){
const { getCollapsedCategory, setCollapsedIds } = require('./storage.js')

class DataManager {
    setManager(data) {
        const collapsedCategories = [...getCollapsedCategory(data.renderCollapsed)]
        const collapsedIds = []
        const tests = Object.values(data.tests).flat().map((test, index) => {
            const collapsed = collapsedCategories.includes(test.result.toLowerCase())
            const id = `test_${index}`
            if (collapsed) {
                collapsedIds.push(id)
            }
            return {
                ...test,
                id,
                collapsed,
            }
        })
        const dataBlob = { ...data, tests }
        this.data = { ...dataBlob }
        this.renderData = { ...dataBlob }
        setCollapsedIds(collapsedIds)
    }

    get allData() {
        return { ...this.data }
    }

    resetRender() {
        this.renderData = { ...this.data }
    }

    setRender(data) {
        this.renderData.tests = [...data]
    }

    toggleCollapsedItem(id) {
        this.renderData.tests = this.renderData.tests.map((test) =>
            test.id === id ? { ...test, collapsed: !test.collapsed } : test,
        )
    }

    set allCollapsed(collapsed) {
        this.renderData = { ...this.renderData, tests: [...this.renderData.tests.map((test) => (
            { ...test, collapsed }
        ))] }
    }

    get testSubset() {
        return [...this.renderData.tests]
    }

    get environment() {
        return this.renderData.environment
    }

    get initialSort() {
        return this.data.initialSort
    }
}

module.exports = {
    manager: new DataManager(),
}

},{"./storage.js":8}],2:[function(require,module,exports){
const mediaViewer = require('./mediaviewer.js')
const templateEnvRow = document.getElementById('template_environment_row')
const templateResult = document.getElementById('template_results-table__tbody')

function htmlToElements(html) {
    const temp = document.createElement('template')
    temp.innerHTML = html
    return temp.content.childNodes
}

const find = (selector, elem) => {
    if (!elem) {
        elem = document
    }
    return elem.querySelector(selector)
}

const findAll = (selector, elem) => {
    if (!elem) {
        elem = document
    }
    return [...elem.querySelectorAll(selector)]
}

const dom = {
    getStaticRow: (key, value) => {
        const envRow = templateEnvRow.content.cloneNode(true)
        const isObj = typeof value === 'object' && value !== null
        const values = isObj ? Object.keys(value).map((k) => `${k}: ${value[k]}`) : null

        const valuesElement = htmlToElements(
            values ? `<ul>${values.map((val) => `<li>${val}</li>`).join('')}<ul>` : `<div>${value}</div>`)[0]
        const td = findAll('td', envRow)
        td[0].textContent = key
        td[1].appendChild(valuesElement)

        return envRow
    },
    getResultTBody: ({ testId, id, log, extras, resultsTableRow, tableHtml, result, collapsed }) => {
        const resultBody = templateResult.content.cloneNode(true)
        resultBody.querySelector('tbody').classList.add(result.toLowerCase())
        resultBody.querySelector('tbody').id = testId
        resultBody.querySelector('.collapsible').dataset.id = id

        resultsTableRow.forEach((html) => {
            const t = document.createElement('template')
            t.innerHTML = html
            resultBody.querySelector('.collapsible').appendChild(t.content)
        })

        if (log) {
            // Wrap lines starting with "E" with span.error to color those lines red
            const wrappedLog = log.replace(/^E.*$/gm, (match) => `<span class="error">${match}</span>`)
            resultBody.querySelector('.log').innerHTML = wrappedLog
        } else {
            resultBody.querySelector('.log').remove()
        }

        if (collapsed) {
            resultBody.querySelector('.collapsible > td')?.classList.add('collapsed')
            resultBody.querySelector('.extras-row').classList.add('hidden')
        } else {
            resultBody.querySelector('.collapsible > td')?.classList.remove('collapsed')
        }

        const media = []
        extras?.forEach(({ name, format_type, content }) => {
            if (['image', 'video'].includes(format_type)) {
                media.push({ path: content, name, format_type })
            }

            if (format_type === 'html') {
                resultBody.querySelector('.extraHTML').insertAdjacentHTML('beforeend', `<div>${content}</div>`)
            }
        })
        mediaViewer.setup(resultBody, media)

        // Add custom html from the pytest_html_results_table_html hook
        tableHtml?.forEach((item) => {
            resultBody.querySelector('td[class="extra"]').insertAdjacentHTML('beforeend', item)
        })

        return resultBody
    },
}

module.exports = {
    dom,
    htmlToElements,
    find,
    findAll,
}

},{"./mediaviewer.js":6}],3:[function(require,module,exports){
const { manager } = require('./datamanager.js')
const { doSort } = require('./sort.js')
const storageModule = require('./storage.js')

const getFilteredSubSet = (filter) =>
    manager.allData.tests.filter(({ result }) => filter.includes(result.toLowerCase()))

const doInitFilter = () => {
    const currentFilter = storageModule.getVisible()
    const filteredSubset = getFilteredSubSet(currentFilter)
    manager.setRender(filteredSubset)
}

const doFilter = (type, show) => {
    if (show) {
        storageModule.showCategory(type)
    } else {
        storageModule.hideCategory(type)
    }

    const currentFilter = storageModule.getVisible()
    const filteredSubset = getFilteredSubSet(currentFilter)
    manager.setRender(filteredSubset)

    const sortColumn = storageModule.getSort()
    doSort(sortColumn, true)
}

module.exports = {
    doFilter,
    doInitFilter,
}

},{"./datamanager.js":1,"./sort.js":7,"./storage.js":8}],4:[function(require,module,exports){
const { redraw, bindEvents, renderStatic } = require('./main.js')
const { doInitFilter } = require('./filter.js')
const { doInitSort } = require('./sort.js')
const { manager } = require('./datamanager.js')
const data = JSON.parse(document.getElementById('data-container').dataset.jsonblob)

function init() {
    manager.setManager(data)
    doInitFilter()
    doInitSort()
    renderStatic()
    redraw()
    bindEvents()
}

init()

},{"./datamanager.js":1,"./filter.js":3,"./main.js":5,"./sort.js":7}],5:[function(require,module,exports){
const { dom, find, findAll } = require('./dom.js')
const { manager } = require('./datamanager.js')
const { doSort } = require('./sort.js')
const { doFilter } = require('./filter.js')
const {
    getVisible,
    getCollapsedIds,
    setCollapsedIds,
    getSort,
    getSortDirection,
    possibleFilters,
} = require('./storage.js')

const removeChildren = (node) => {
    while (node.firstChild) {
        node.removeChild(node.firstChild)
    }
}

const renderStatic = () => {
    const renderEnvironmentTable = () => {
        const environment = manager.environment
        const rows = Object.keys(environment).map((key) => dom.getStaticRow(key, environment[key]))
        const table = document.getElementById('environment')
        removeChildren(table)
        rows.forEach((row) => table.appendChild(row))
    }
    renderEnvironmentTable()
}

const addItemToggleListener = (elem) => {
    elem.addEventListener('click', ({ target }) => {
        const id = target.parentElement.dataset.id
        manager.toggleCollapsedItem(id)

        const collapsedIds = getCollapsedIds()
        if (collapsedIds.includes(id)) {
            const updated = collapsedIds.filter((item) => item !== id)
            setCollapsedIds(updated)
        } else {
            collapsedIds.push(id)
            setCollapsedIds(collapsedIds)
        }
        redraw()
    })
}

const renderContent = (tests) => {
    const sortAttr = getSort(manager.initialSort)
    const sortAsc = JSON.parse(getSortDirection())
    const rows = tests.map(dom.getResultTBody)
    const table = document.getElementById('results-table')
    const tableHeader = document.getElementById('results-table-head')

    const newTable = document.createElement('table')
    newTable.id = 'results-table'

    // remove all sorting classes and set the relevant
    findAll('.sortable', tableHeader).forEach((elem) => elem.classList.remove('asc', 'desc'))
    tableHeader.querySelector(`.sortable[data-column-type="${sortAttr}"]`)?.classList.add(sortAsc ? 'desc' : 'asc')
    newTable.appendChild(tableHeader)

    if (!rows.length) {
        const emptyTable = document.getElementById('template_results-table__body--empty').content.cloneNode(true)
        newTable.appendChild(emptyTable)
    } else {
        rows.forEach((row) => {
            if (!!row) {
                findAll('.collapsible td:not(.col-links', row).forEach(addItemToggleListener)
                find('.logexpander', row).addEventListener('click',
                    (evt) => evt.target.parentNode.classList.toggle('expanded'),
                )
                newTable.appendChild(row)
            }
        })
    }

    table.replaceWith(newTable)
}

const renderDerived = () => {
    const currentFilter = getVisible()
    possibleFilters.forEach((result) => {
        const input = document.querySelector(`input[data-test-result="${result}"]`)
        input.checked = currentFilter.includes(result)
    })
}

const bindEvents = () => {
    const filterColumn = (evt) => {
        const { target: element } = evt
        const { testResult } = element.dataset

        doFilter(testResult, element.checked)
        const collapsedIds = getCollapsedIds()
        const updated = manager.renderData.tests.map((test) => {
            return {
                ...test,
                collapsed: collapsedIds.includes(test.id),
            }
        })
        manager.setRender(updated)
        redraw()
    }

    const header = document.getElementById('environment-header')
    header.addEventListener('click', () => {
        const table = document.getElementById('environment')
        table.classList.toggle('hidden')
        header.classList.toggle('collapsed')
    })

    findAll('input[name="filter_checkbox"]').forEach((elem) => {
        elem.addEventListener('click', filterColumn)
    })

    findAll('.sortable').forEach((elem) => {
        elem.addEventListener('click', (evt) => {
            const { target: element } = evt
            const { columnType } = element.dataset
            doSort(columnType)
            redraw()
        })
    })

    document.getElementById('show_all_details').addEventListener('click', () => {
        manager.allCollapsed = false
        setCollapsedIds([])
        redraw()
    })
    document.getElementById('hide_all_details').addEventListener('click', () => {
        manager.allCollapsed = true
        const allIds = manager.renderData.tests.map((test) => test.id)
        setCollapsedIds(allIds)
        redraw()
    })
}

const redraw = () => {
    const { testSubset } = manager

    renderContent(testSubset)
    renderDerived()
}

module.exports = {
    redraw,
    bindEvents,
    renderStatic,
}

},{"./datamanager.js":1,"./dom.js":2,"./filter.js":3,"./sort.js":7,"./storage.js":8}],6:[function(require,module,exports){
class MediaViewer {
    constructor(assets) {
        this.assets = assets
        this.index = 0
    }

    nextActive() {
        this.index = this.index === this.assets.length - 1 ? 0 : this.index + 1
        return [this.activeFile, this.index]
    }

    prevActive() {
        this.index = this.index === 0 ? this.assets.length - 1 : this.index -1
        return [this.activeFile, this.index]
    }

    get currentIndex() {
        return this.index
    }

    get activeFile() {
        return this.assets[this.index]
    }
}


const setup = (resultBody, assets) => {
    if (!assets.length) {
        resultBody.querySelector('.media').classList.add('hidden')
        return
    }

    const mediaViewer = new MediaViewer(assets)
    const container = resultBody.querySelector('.media-container')
    const leftArrow = resultBody.querySelector('.media-container__nav--left')
    const rightArrow = resultBody.querySelector('.media-container__nav--right')
    const mediaName = resultBody.querySelector('.media__name')
    const counter = resultBody.querySelector('.media__counter')
    const imageEl = resultBody.querySelector('img')
    const sourceEl = resultBody.querySelector('source')
    const videoEl = resultBody.querySelector('video')

    const setImg = (media, index) => {
        if (media?.format_type === 'image') {
            imageEl.src = media.path

            imageEl.classList.remove('hidden')
            videoEl.classList.add('hidden')
        } else if (media?.format_type === 'video') {
            sourceEl.src = media.path

            videoEl.classList.remove('hidden')
            imageEl.classList.add('hidden')
        }

        mediaName.innerText = media?.name
        counter.innerText = `${index + 1} / ${assets.length}`
    }
    setImg(mediaViewer.activeFile, mediaViewer.currentIndex)

    const moveLeft = () => {
        const [media, index] = mediaViewer.prevActive()
        setImg(media, index)
    }
    const doRight = () => {
        const [media, index] = mediaViewer.nextActive()
        setImg(media, index)
    }
    const openImg = () => {
        window.open(mediaViewer.activeFile.path, '_blank')
    }
    if (assets.length === 1) {
        container.classList.add('media-container--fullscreen')
    } else {
        leftArrow.addEventListener('click', moveLeft)
        rightArrow.addEventListener('click', doRight)
    }
    imageEl.addEventListener('click', openImg)
}

module.exports = {
    setup,
}

},{}],7:[function(require,module,exports){
const { manager } = require('./datamanager.js')
const storageModule = require('./storage.js')

const genericSort = (list, key, ascending, customOrder) => {
    let sorted
    if (customOrder) {
        sorted = list.sort((a, b) => {
            const aValue = a.result.toLowerCase()
            const bValue = b.result.toLowerCase()

            const aIndex = customOrder.findIndex((item) => item.toLowerCase() === aValue)
            const bIndex = customOrder.findIndex((item) => item.toLowerCase() === bValue)

            // Compare the indices to determine the sort order
            return aIndex - bIndex
        })
    } else {
        sorted = list.sort((a, b) => a[key] === b[key] ? 0 : a[key] > b[key] ? 1 : -1)
    }

    if (ascending) {
        sorted.reverse()
    }
    return sorted
}

const durationSort = (list, ascending) => {
    const parseDuration = (duration) => {
        if (duration.includes(':')) {
            // If it's in the format "HH:mm:ss"
            const [hours, minutes, seconds] = duration.split(':').map(Number)
            return (hours * 3600 + minutes * 60 + seconds) * 1000
        } else {
            // If it's in the format "nnn ms"
            return parseInt(duration)
        }
    }
    const sorted = list.sort((a, b) => parseDuration(a['duration']) - parseDuration(b['duration']))
    if (ascending) {
        sorted.reverse()
    }
    return sorted
}

const doInitSort = () => {
    const type = storageModule.getSort(manager.initialSort)
    const ascending = storageModule.getSortDirection()
    const list = manager.testSubset
    const initialOrder = ['Error', 'Failed', 'Rerun', 'XFailed', 'XPassed', 'Skipped', 'Passed']

    storageModule.setSort(type)
    storageModule.setSortDirection(ascending)

    if (type?.toLowerCase() === 'original') {
        manager.setRender(list)
    } else {
        let sortedList
        switch (type) {
        case 'duration':
            sortedList = durationSort(list, ascending)
            break
        case 'result':
            sortedList = genericSort(list, type, ascending, initialOrder)
            break
        default:
            sortedList = genericSort(list, type, ascending)
            break
        }
        manager.setRender(sortedList)
    }
}

const doSort = (type, skipDirection) => {
    const newSortType = storageModule.getSort(manager.initialSort) !== type
    const currentAsc = storageModule.getSortDirection()
    let ascending
    if (skipDirection) {
        ascending = currentAsc
    } else {
        ascending = newSortType ? false : !currentAsc
    }
    storageModule.setSort(type)
    storageModule.setSortDirection(ascending)

    const list = manager.testSubset
    const sortedList = type === 'duration' ? durationSort(list, ascending) : genericSort(list, type, ascending)
    manager.setRender(sortedList)
}

module.exports = {
    doInitSort,
    doSort,
}

},{"./datamanager.js":1,"./storage.js":8}],8:[function(require,module,exports){
const possibleFilters = [
    'passed',
    'skipped',
    'failed',
    'error',
    'xfailed',
    'xpassed',
    'rerun',
]

const getVisible = () => {
    const url = new URL(window.location.href)
    const settings = new URLSearchParams(url.search).get('visible')
    const lower = (item) => {
        const lowerItem = item.toLowerCase()
        if (possibleFilters.includes(lowerItem)) {
            return lowerItem
        }
        return null
    }
    return settings === null ?
        possibleFilters :
        [...new Set(settings?.split(',').map(lower).filter((item) => item))]
}

const hideCategory = (categoryToHide) => {
    const url = new URL(window.location.href)
    const visibleParams = new URLSearchParams(url.search).get('visible')
    const currentVisible = visibleParams ? visibleParams.split(',') : [...possibleFilters]
    const settings = [...new Set(currentVisible)].filter((f) => f !== categoryToHide).join(',')

    url.searchParams.set('visible', settings)
    window.history.pushState({}, null, unescape(url.href))
}

const showCategory = (categoryToShow) => {
    if (typeof window === 'undefined') {
        return
    }
    const url = new URL(window.location.href)
    const currentVisible = new URLSearchParams(url.search).get('visible')?.split(',').filter(Boolean) ||
        [...possibleFilters]
    const settings = [...new Set([categoryToShow, ...currentVisible])]
    const noFilter = possibleFilters.length === settings.length || !settings.length

    noFilter ? url.searchParams.delete('visible') : url.searchParams.set('visible', settings.join(','))
    window.history.pushState({}, null, unescape(url.href))
}

const getSort = (initialSort) => {
    const url = new URL(window.location.href)
    let sort = new URLSearchParams(url.search).get('sort')
    if (!sort) {
        sort = initialSort || 'result'
    }
    return sort
}

const setSort = (type) => {
    const url = new URL(window.location.href)
    url.searchParams.set('sort', type)
    window.history.pushState({}, null, unescape(url.href))
}

const getCollapsedCategory = (renderCollapsed) => {
    let categories
    if (typeof window !== 'undefined') {
        const url = new URL(window.location.href)
        const collapsedItems = new URLSearchParams(url.search).get('collapsed')
        switch (true) {
        case !renderCollapsed && collapsedItems === null:
            categories = ['passed']
            break
        case collapsedItems?.length === 0 || /^["']{2}$/.test(collapsedItems):
            categories = []
            break
        case /^all$/.test(collapsedItems) || collapsedItems === null && /^all$/.test(renderCollapsed):
            categories = [...possibleFilters]
            break
        default:
            categories = collapsedItems?.split(',').map((item) => item.toLowerCase()) || renderCollapsed
            break
        }
    } else {
        categories = []
    }
    return categories
}

const getSortDirection = () => JSON.parse(sessionStorage.getItem('sortAsc')) || false
const setSortDirection = (ascending) => sessionStorage.setItem('sortAsc', ascending)

const getCollapsedIds = () => JSON.parse(sessionStorage.getItem('collapsedIds')) || []
const setCollapsedIds = (list) => sessionStorage.setItem('collapsedIds', JSON.stringify(list))

module.exports = {
    getVisible,
    hideCategory,
    showCategory,
    getCollapsedIds,
    setCollapsedIds,
    getSort,
    setSort,
    getSortDirection,
    setSortDirection,
    getCollapsedCategory,
    possibleFilters,
}

},{}]},{},[4]);
    </script>
  </footer>
</html>